Log file open, 12/15/19 05:45:27
LogWindows: Failed to load 'aqProf.dll' (GetLastError=126)
LogWindows: File 'aqProf.dll' does not exist
LogWindows: Failed to load 'VtuneApi.dll' (GetLastError=126)
LogWindows: File 'VtuneApi.dll' does not exist
LogWindows: Failed to load 'VtuneApi32e.dll' (GetLastError=126)
LogWindows: File 'VtuneApi32e.dll' does not exist
LogConsoleResponse: Display: Failed to find resolution value strings in scalability ini. Falling back to default.
LogInit: Display: Running engine for game: CT6024AdvancedAI
LogPakFile: Registered encryption key '00000000000000000000000000000000': 0 pak files mounted, 0 remain pending
LogPlatformFile: Not using cached read wrapper
LogTaskGraph: Started task graph with 5 named threads and 23 total threads with 3 sets of task threads.
LogStats: Stats thread started at 0.558611
LogD3D11RHI: Loaded GFSDK_Aftermath_Lib.x64.dll
LogICUInternationalization: ICU TimeZone Detection - Raw Offset: +0:00, Platform Override: ''
LogPluginManager: Mounting plugin Paper2D
LogPluginManager: Mounting plugin AISupport
LogPluginManager: Mounting plugin LightPropagationVolume
LogPluginManager: Mounting plugin ActorLayerUtilities
LogPluginManager: Mounting plugin AnimationSharing
LogPluginManager: Mounting plugin CLionSourceCodeAccess
LogPluginManager: Mounting plugin CodeLiteSourceCodeAccess
LogPluginManager: Mounting plugin GitSourceControl
LogPluginManager: Mounting plugin KDevelopSourceCodeAccess
LogPluginManager: Mounting plugin NullSourceCodeAccess
LogPluginManager: Mounting plugin PerforceSourceControl
LogPluginManager: Mounting plugin SubversionSourceControl
LogPluginManager: Mounting plugin UObjectPlugin
LogPluginManager: Mounting plugin VisualStudioCodeSourceCodeAccess
LogPluginManager: Mounting plugin VisualStudioSourceCodeAccess
LogPluginManager: Mounting plugin XCodeSourceCodeAccess
LogPluginManager: Mounting plugin AssetManagerEditor
LogPluginManager: Mounting plugin CryptoKeys
LogPluginManager: Mounting plugin DataValidation
LogPluginManager: Mounting plugin FacialAnimation
LogPluginManager: Mounting plugin GameplayTagsEditor
LogPluginManager: Mounting plugin MacGraphicsSwitching
LogPluginManager: Mounting plugin MaterialAnalyzer
LogPluginManager: Mounting plugin MobileLauncherProfileWizard
LogPluginManager: Mounting plugin PluginBrowser
LogPluginManager: Mounting plugin SpeedTreeImporter
LogPluginManager: Mounting plugin DatasmithContent
LogPluginManager: Mounting plugin VariantManagerContent
LogPluginManager: Mounting plugin AlembicImporter
LogPluginManager: Mounting plugin AppleImageUtils
LogPluginManager: Mounting plugin AppleVision
LogPluginManager: Mounting plugin BackChannel
LogPluginManager: Mounting plugin CharacterAI
LogPluginManager: Mounting plugin GeometryCache
LogPluginManager: Mounting plugin HTML5Networking
LogPluginManager: Mounting plugin ProxyLODPlugin
LogPluginManager: Mounting plugin SkeletalReduction
LogPluginManager: Mounting plugin MagicLeap
LogPluginManager: Mounting plugin MagicLeapMedia
LogPluginManager: Mounting plugin AndroidMedia
LogPluginManager: Mounting plugin AvfMedia
LogPluginManager: Mounting plugin ImgMedia
LogPluginManager: Mounting plugin LinearTimecode
LogPluginManager: Mounting plugin MediaCompositing
LogPluginManager: Mounting plugin MediaPlayerEditor
LogPluginManager: Mounting plugin WebMMedia
LogPluginManager: Mounting plugin WmfMedia
LogPluginManager: Mounting plugin TcpMessaging
LogPluginManager: Mounting plugin UdpMessaging
LogPluginManager: Mounting plugin ActorSequence
LogPluginManager: Mounting plugin LevelSequenceEditor
LogPluginManager: Mounting plugin MatineeToLevelSequence
LogPluginManager: Mounting plugin NetcodeUnitTest
LogPluginManager: Mounting plugin NUTUnrealEngine4
LogPluginManager: Mounting plugin OnlineSubsystemGooglePlay
LogPluginManager: Mounting plugin OnlineSubsystemIOS
LogPluginManager: Mounting plugin OnlineSubsystem
LogPluginManager: Mounting plugin OnlineSubsystemNull
LogPluginManager: Mounting plugin OnlineSubsystemUtils
LogPluginManager: Mounting plugin LauncherChunkInstaller
LogPluginManager: Mounting plugin AndroidDeviceProfileSelector
LogPluginManager: Mounting plugin AndroidMoviePlayer
LogPluginManager: Mounting plugin AndroidPermission
LogPluginManager: Mounting plugin AppleMoviePlayer
LogPluginManager: Mounting plugin ArchVisCharacter
LogPluginManager: Mounting plugin AudioCapture
LogPluginManager: Mounting plugin CableComponent
LogPluginManager: Mounting plugin CustomMeshComponent
LogPluginManager: Mounting plugin EditableMesh
LogPluginManager: Mounting plugin ExampleDeviceProfileSelector
LogPluginManager: Mounting plugin Firebase
LogPluginManager: Mounting plugin GoogleCloudMessaging
LogPluginManager: Mounting plugin IOSDeviceProfileSelector
LogPluginManager: Mounting plugin LinuxDeviceProfileSelector
LogPluginManager: Mounting plugin LocationServicesBPLibrary
LogPluginManager: Mounting plugin MobilePatchingUtils
LogPluginManager: Mounting plugin OculusVR
LogPluginManager: Mounting plugin PhysXVehicles
LogPluginManager: Mounting plugin ProceduralMeshComponent
LogPluginManager: Mounting plugin RuntimePhysXCooking
LogPluginManager: Mounting plugin SignificanceManager
LogPluginManager: Mounting plugin SteamVR
LogPluginManager: Mounting plugin WebMMoviePlayer
LogPluginManager: Mounting plugin WindowsMoviePlayer
LogInit: Using libcurl 7.55.1-DEV
LogInit:  - built for x86_64-pc-win32
LogInit:  - supports SSL with OpenSSL/1.1.1
LogInit:  - supports HTTP deflate (compression) using libz 1.2.8
LogInit:  - other features:
LogInit:      CURL_VERSION_SSL
LogInit:      CURL_VERSION_LIBZ
LogInit:      CURL_VERSION_IPV6
LogInit:      CURL_VERSION_ASYNCHDNS
LogInit:      CURL_VERSION_LARGEFILE
LogInit:      CURL_VERSION_IDN
LogInit:  CurlRequestOptions (configurable via config and command line):
LogInit:  - bVerifyPeer = true  - Libcurl will verify peer certificate
LogInit:  - bUseHttpProxy = false  - Libcurl will NOT use HTTP proxy
LogInit:  - bDontReuseConnections = false  - Libcurl will reuse connections
LogInit:  - MaxHostConnections = 16  - Libcurl will limit the number of connections to a host
LogInit:  - LocalHostAddr = Default
LogInit:  - BufferSize = 65536
LogInit: WinSock: version 1.1 (2.2), MaxSocks=32767, MaxUdp=65467
LogInit: Build: ++UE4+Release-4.22-CL-7053642
LogInit: Engine Version: 4.22.3-7053642+++UE4+Release-4.22
LogInit: Compatible Engine Version: 4.22.0-5660361+++UE4+Release-4.22
LogInit: Net CL: 5660361
LogInit: OS: Windows 10 (Release 1909) (), CPU: Intel(R) Core(TM) i7-8650U CPU @ 1.90GHz, GPU: Intel(R) UHD Graphics 620
LogInit: Compiled (64-bit): Jun 18 2019 03:09:11
LogInit: Compiled with Visual C++: 19.16.27025.01
LogInit: Build Configuration: DebugGame
LogInit: Branch Name: ++UE4+Release-4.22
LogInit: Command Line:  -skipcompile
LogInit: Base Directory: C:/Program Files/Epic Games/UE_4.22/Engine/Binaries/Win64/
LogInit: Installed Engine Build: 1
LogDevObjectVersion: Number of dev versions registered: 23
LogDevObjectVersion:   Dev-Blueprints (B0D832E4-1F89-4F0D-ACCF-7EB736FD4AA2): 10
LogDevObjectVersion:   Dev-Build (E1C64328-A22C-4D53-A36C-8E866417BD8C): 0
LogDevObjectVersion:   Dev-Core (375EC13C-06E4-48FB-B500-84F0262A717E): 3
LogDevObjectVersion:   Dev-Editor (E4B068ED-F494-42E9-A231-DA0B2E46BB41): 30
LogDevObjectVersion:   Dev-Framework (CFFC743F-43B0-4480-9391-14DF171D2073): 35
LogDevObjectVersion:   Dev-Mobile (B02B49B5-BB20-44E9-A304-32B752E40360): 2
LogDevObjectVersion:   Dev-Networking (A4E4105C-59A1-49B5-A7C5-40C4547EDFEE): 0
LogDevObjectVersion:   Dev-Online (39C831C9-5AE6-47DC-9A44-9C173E1C8E7C): 0
LogDevObjectVersion:   Dev-Physics (78F01B33-EBEA-4F98-B9B4-84EACCB95AA2): 0
LogDevObjectVersion:   Dev-Platform (6631380F-2D4D-43E0-8009-CF276956A95A): 0
LogDevObjectVersion:   Dev-Rendering (12F88B9F-8875-4AFC-A67C-D90C383ABD29): 28
LogDevObjectVersion:   Dev-Sequencer (7B5AE74C-D270-4C10-A958-57980B212A5A): 11
LogDevObjectVersion:   Dev-VR (D7296918-1DD6-4BDD-9DE2-64A83CC13884): 2
LogDevObjectVersion:   Dev-LoadTimes (C2A15278-BFE7-4AFE-6C17-90FF531DF755): 1
LogDevObjectVersion:   Private-Geometry (6EACA3D4-40EC-4CC1-B786-8BED09428FC5): 3
LogDevObjectVersion:   Dev-AnimPhys (29E575DD-E0A3-4627-9D10-D276232CDCEA): 17
LogDevObjectVersion:   Dev-Anim (AF43A65D-7FD3-4947-9873-3E8ED9C1BB05): 2
LogDevObjectVersion:   Dev-ReflectionCapture (6B266CEC-1EC7-4B8F-A30B-E4D90942FC07): 1
LogDevObjectVersion:   Dev-Automation (0DF73D61-A23F-47EA-B727-89E90C41499A): 1
LogDevObjectVersion:   FortniteMain (601D1886-AC64-4F84-AA16-D3DE0DEAC7D6): 25
LogDevObjectVersion:   Dev-Enterprise (9DFFBCD6-494F-0158-E221-12823C92A888): 6
LogDevObjectVersion:   Dev-Niagara (F2AED0AC-9AFE-416F-8664-AA7FFA26D6FC): 1
LogDevObjectVersion:   Dev-Destruction (174F1F0B-B4C6-45A5-B13F-2EE8D0FB917D): 2
LogInit: Presizing for max 16777216 objects, including 0 objects not considered by GC, pre-allocating 0 bytes for permanent pool.
LogInit: Object subsystem initialized
LogConfig: Setting CVar [[con.DebugEarlyDefault:1]]
LogConfig: Setting CVar [[r.setres:1280x720]]
[2019.12.15-05.45.28:511][  0]LogConfig: Setting CVar [[r.VSync:0]]
[2019.12.15-05.45.28:511][  0]LogConfig: Setting CVar [[r.RHICmdBypass:0]]
[2019.12.15-05.45.28:511][  0]LogConfig: Applying CVar settings from Section [/Script/Engine.RendererSettings] File [C:/Users/morga/Documents/University Level 6/CT6024 - AI/CT6024AdvancedAI/Saved/Config/Windows/Engine.ini]
[2019.12.15-05.45.28:511][  0]LogConfig: Setting CVar [[r.GPUCrashDebugging:0]]
[2019.12.15-05.45.28:511][  0]LogConfig: Applying CVar settings from Section [/Script/Engine.RendererOverrideSettings] File [C:/Users/morga/Documents/University Level 6/CT6024 - AI/CT6024AdvancedAI/Saved/Config/Windows/Engine.ini]
[2019.12.15-05.45.28:511][  0]LogConfig: Applying CVar settings from Section [/Script/Engine.StreamingSettings] File [C:/Users/morga/Documents/University Level 6/CT6024 - AI/CT6024AdvancedAI/Saved/Config/Windows/Engine.ini]
[2019.12.15-05.45.28:512][  0]LogConfig: Setting CVar [[s.MinBulkDataSizeForAsyncLoading:131072]]
[2019.12.15-05.45.28:512][  0]LogConfig: Setting CVar [[s.AsyncLoadingThreadEnabled:0]]
[2019.12.15-05.45.28:512][  0]LogConfig: Setting CVar [[s.EventDrivenLoaderEnabled:1]]
[2019.12.15-05.45.28:512][  0]LogConfig: Setting CVar [[s.WarnIfTimeLimitExceeded:0]]
[2019.12.15-05.45.28:512][  0]LogConfig: Setting CVar [[s.TimeLimitExceededMultiplier:1.5]]
[2019.12.15-05.45.28:512][  0]LogConfig: Setting CVar [[s.TimeLimitExceededMinTime:0.005]]
[2019.12.15-05.45.28:512][  0]LogConfig: Setting CVar [[s.UseBackgroundLevelStreaming:1]]
[2019.12.15-05.45.28:512][  0]LogConfig: Setting CVar [[s.PriorityAsyncLoadingExtraTime:15.0]]
[2019.12.15-05.45.28:512][  0]LogConfig: Setting CVar [[s.LevelStreamingActorsUpdateTimeLimit:5.0]]
[2019.12.15-05.45.28:512][  0]LogConfig: Setting CVar [[s.PriorityLevelStreamingActorsUpdateExtraTime:5.0]]
[2019.12.15-05.45.28:512][  0]LogConfig: Setting CVar [[s.LevelStreamingComponentsRegistrationGranularity:10]]
[2019.12.15-05.45.28:512][  0]LogConfig: Setting CVar [[s.UnregisterComponentsTimeLimit:1.0]]
[2019.12.15-05.45.28:513][  0]LogConfig: Setting CVar [[s.LevelStreamingComponentsUnregistrationGranularity:5]]
[2019.12.15-05.45.28:513][  0]LogConfig: Applying CVar settings from Section [/Script/Engine.GarbageCollectionSettings] File [C:/Users/morga/Documents/University Level 6/CT6024 - AI/CT6024AdvancedAI/Saved/Config/Windows/Engine.ini]
[2019.12.15-05.45.28:513][  0]LogConfig: Setting CVar [[gc.MaxObjectsNotConsideredByGC:1]]
[2019.12.15-05.45.28:513][  0]LogConfig: Setting CVar [[gc.SizeOfPermanentObjectPool:0]]
[2019.12.15-05.45.28:513][  0]LogConfig: Setting CVar [[gc.FlushStreamingOnGC:0]]
[2019.12.15-05.45.28:513][  0]LogConfig: Setting CVar [[gc.NumRetriesBeforeForcingGC:10]]
[2019.12.15-05.45.28:513][  0]LogConfig: Setting CVar [[gc.AllowParallelGC:1]]
[2019.12.15-05.45.28:513][  0]LogConfig: Setting CVar [[gc.TimeBetweenPurgingPendingKillObjects:61.1]]
[2019.12.15-05.45.28:513][  0]LogConfig: Setting CVar [[gc.MaxObjectsInEditor:16777216]]
[2019.12.15-05.45.28:513][  0]LogConfig: Setting CVar [[gc.IncrementalBeginDestroyEnabled:1]]
[2019.12.15-05.45.28:514][  0]LogConfig: Setting CVar [[gc.CreateGCClusters:1]]
[2019.12.15-05.45.28:514][  0]LogConfig: Setting CVar [[gc.MinGCClusterSize:5]]
[2019.12.15-05.45.28:514][  0]LogConfig: Setting CVar [[gc.ActorClusteringEnabled:0]]
[2019.12.15-05.45.28:514][  0]LogConfig: Setting CVar [[gc.BlueprintClusteringEnabled:0]]
[2019.12.15-05.45.28:514][  0]LogConfig: Setting CVar [[gc.UseDisregardForGCOnDedicatedServers:0]]
[2019.12.15-05.45.28:514][  0]LogConfig: Applying CVar settings from Section [/Script/Engine.NetworkSettings] File [C:/Users/morga/Documents/University Level 6/CT6024 - AI/CT6024AdvancedAI/Saved/Config/Windows/Engine.ini]
[2019.12.15-05.45.28:514][  0]LogConfig: Applying CVar settings from Section [/Script/UnrealEd.CookerSettings] File [C:/Users/morga/Documents/University Level 6/CT6024 - AI/CT6024AdvancedAI/Saved/Config/Windows/Engine.ini]
[2019.12.15-05.45.28:532][  0]LogConfig: Applying CVar settings from Section [ViewDistanceQuality@3] File [C:/Users/morga/Documents/University Level 6/CT6024 - AI/CT6024AdvancedAI/Saved/Config/Windows/Scalability.ini]
[2019.12.15-05.45.28:532][  0]LogConfig: Setting CVar [[r.SkeletalMeshLODBias:0]]
[2019.12.15-05.45.28:532][  0]LogConfig: Setting CVar [[r.ViewDistanceScale:1.0]]
[2019.12.15-05.45.28:532][  0]LogConfig: Applying CVar settings from Section [AntiAliasingQuality@3] File [C:/Users/morga/Documents/University Level 6/CT6024 - AI/CT6024AdvancedAI/Saved/Config/Windows/Scalability.ini]
[2019.12.15-05.45.28:532][  0]LogConfig: Setting CVar [[r.PostProcessAAQuality:4]]
[2019.12.15-05.45.28:532][  0]LogConfig: Applying CVar settings from Section [ShadowQuality@3] File [C:/Users/morga/Documents/University Level 6/CT6024 - AI/CT6024AdvancedAI/Saved/Config/Windows/Scalability.ini]
[2019.12.15-05.45.28:532][  0]LogConfig: Setting CVar [[r.LightFunctionQuality:1]]
[2019.12.15-05.45.28:533][  0]LogConfig: Setting CVar [[r.ShadowQuality:5]]
[2019.12.15-05.45.28:533][  0]LogConfig: Setting CVar [[r.Shadow.CSM.MaxCascades:10]]
[2019.12.15-05.45.28:533][  0]LogConfig: Setting CVar [[r.Shadow.MaxResolution:2048]]
[2019.12.15-05.45.28:533][  0]LogConfig: Setting CVar [[r.Shadow.MaxCSMResolution:2048]]
[2019.12.15-05.45.28:533][  0]LogConfig: Setting CVar [[r.Shadow.RadiusThreshold:0.01]]
[2019.12.15-05.45.28:533][  0]LogConfig: Setting CVar [[r.Shadow.DistanceScale:1.0]]
[2019.12.15-05.45.28:533][  0]LogConfig: Setting CVar [[r.Shadow.CSM.TransitionScale:1.0]]
[2019.12.15-05.45.28:533][  0]LogConfig: Setting CVar [[r.Shadow.PreShadowResolutionFactor:1.0]]
[2019.12.15-05.45.28:533][  0]LogConfig: Setting CVar [[r.DistanceFieldShadowing:1]]
[2019.12.15-05.45.28:533][  0]LogConfig: Setting CVar [[r.DistanceFieldAO:1]]
[2019.12.15-05.45.28:534][  0]LogConfig: Setting CVar [[r.AOQuality:2]]
[2019.12.15-05.45.28:534][  0]LogConfig: Setting CVar [[r.VolumetricFog:1]]
[2019.12.15-05.45.28:534][  0]LogConfig: Setting CVar [[r.VolumetricFog.GridPixelSize:8]]
[2019.12.15-05.45.28:534][  0]LogConfig: Setting CVar [[r.VolumetricFog.GridSizeZ:128]]
[2019.12.15-05.45.28:534][  0]LogConfig: Setting CVar [[r.VolumetricFog.HistoryMissSupersampleCount:4]]
[2019.12.15-05.45.28:534][  0]LogConfig: Setting CVar [[r.LightMaxDrawDistanceScale:1]]
[2019.12.15-05.45.28:534][  0]LogConfig: Setting CVar [[r.CapsuleShadows:1]]
[2019.12.15-05.45.28:534][  0]LogConfig: Applying CVar settings from Section [PostProcessQuality@3] File [C:/Users/morga/Documents/University Level 6/CT6024 - AI/CT6024AdvancedAI/Saved/Config/Windows/Scalability.ini]
[2019.12.15-05.45.28:534][  0]LogConfig: Setting CVar [[r.MotionBlurQuality:4]]
[2019.12.15-05.45.28:534][  0]LogConfig: Setting CVar [[r.AmbientOcclusionMipLevelFactor:0.4]]
[2019.12.15-05.45.28:535][  0]LogConfig: Setting CVar [[r.AmbientOcclusionMaxQuality:100]]
[2019.12.15-05.45.28:535][  0]LogConfig: Setting CVar [[r.AmbientOcclusionLevels:-1]]
[2019.12.15-05.45.28:535][  0]LogConfig: Setting CVar [[r.AmbientOcclusionRadiusScale:1.0]]
[2019.12.15-05.45.28:535][  0]LogConfig: Setting CVar [[r.DepthOfFieldQuality:2]]
[2019.12.15-05.45.28:535][  0]LogConfig: Setting CVar [[r.RenderTargetPoolMin:400]]
[2019.12.15-05.45.28:535][  0]LogConfig: Setting CVar [[r.LensFlareQuality:2]]
[2019.12.15-05.45.28:535][  0]LogConfig: Setting CVar [[r.SceneColorFringeQuality:1]]
[2019.12.15-05.45.28:535][  0]LogConfig: Setting CVar [[r.EyeAdaptationQuality:2]]
[2019.12.15-05.45.28:535][  0]LogConfig: Setting CVar [[r.BloomQuality:5]]
[2019.12.15-05.45.28:535][  0]LogConfig: Setting CVar [[r.FastBlurThreshold:100]]
[2019.12.15-05.45.28:535][  0]LogConfig: Setting CVar [[r.Upscale.Quality:3]]
[2019.12.15-05.45.28:535][  0]LogConfig: Setting CVar [[r.Tonemapper.GrainQuantization:1]]
[2019.12.15-05.45.28:536][  0]LogConfig: Setting CVar [[r.LightShaftQuality:1]]
[2019.12.15-05.45.28:536][  0]LogConfig: Setting CVar [[r.Filter.SizeScale:1]]
[2019.12.15-05.45.28:536][  0]LogConfig: Setting CVar [[r.Tonemapper.Quality:5]]
[2019.12.15-05.45.28:536][  0]LogConfig: Setting CVar [[r.DOF.Gather.AccumulatorQuality:1        ; higher gathering accumulator quality]]
[2019.12.15-05.45.28:536][  0]LogConfig: Setting CVar [[r.DOF.Gather.PostfilterMethod:1          ; Median3x3 postfilering method]]
[2019.12.15-05.45.28:536][  0]LogConfig: Setting CVar [[r.DOF.Gather.EnableBokehSettings:0       ; no bokeh simulation when gathering]]
[2019.12.15-05.45.28:536][  0]LogConfig: Setting CVar [[r.DOF.Gather.RingCount:4                 ; medium number of samples when gathering]]
[2019.12.15-05.45.28:536][  0]LogConfig: Setting CVar [[r.DOF.Scatter.ForegroundCompositing:1    ; additive foreground scattering]]
[2019.12.15-05.45.28:536][  0]LogConfig: Setting CVar [[r.DOF.Scatter.BackgroundCompositing:2    ; additive background scattering]]
[2019.12.15-05.45.28:536][  0]LogConfig: Setting CVar [[r.DOF.Scatter.EnableBokehSettings:1      ; bokeh simulation when scattering]]
[2019.12.15-05.45.28:540][  0]LogConfig: Setting CVar [[r.DOF.Scatter.MaxSpriteRatio:0.1         ; only a maximum of 10% of scattered bokeh]]
[2019.12.15-05.45.28:541][  0]LogConfig: Setting CVar [[r.DOF.Recombine.Quality:1                ; cheap slight out of focus]]
[2019.12.15-05.45.28:541][  0]LogConfig: Setting CVar [[r.DOF.Recombine.EnableBokehSettings:0    ; no bokeh simulation on slight out of focus]]
[2019.12.15-05.45.28:541][  0]LogConfig: Setting CVar [[r.DOF.TemporalAAQuality:1                ; more stable temporal accumulation]]
[2019.12.15-05.45.28:541][  0]LogConfig: Setting CVar [[r.DOF.Kernel.MaxForegroundRadius:0.025]]
[2019.12.15-05.45.28:542][  0]LogConfig: Setting CVar [[r.DOF.Kernel.MaxBackgroundRadius:0.025]]
[2019.12.15-05.45.28:542][  0]LogConfig: Applying CVar settings from Section [TextureQuality@3] File [C:/Users/morga/Documents/University Level 6/CT6024 - AI/CT6024AdvancedAI/Saved/Config/Windows/Scalability.ini]
[2019.12.15-05.45.28:542][  0]LogConfig: Setting CVar [[r.Streaming.MipBias:0]]
[2019.12.15-05.45.28:542][  0]LogConfig: Setting CVar [[r.Streaming.AmortizeCPUToGPUCopy:0]]
[2019.12.15-05.45.28:542][  0]LogConfig: Setting CVar [[r.Streaming.MaxNumTexturesToStreamPerFrame:0]]
[2019.12.15-05.45.28:542][  0]LogConfig: Setting CVar [[r.Streaming.Boost:1]]
[2019.12.15-05.45.28:542][  0]LogConfig: Setting CVar [[r.MaxAnisotropy:8]]
[2019.12.15-05.45.28:542][  0]LogConfig: Setting CVar [[r.Streaming.LimitPoolSizeToVRAM:0]]
[2019.12.15-05.45.28:543][  0]LogConfig: Setting CVar [[r.Streaming.PoolSize:1000]]
[2019.12.15-05.45.28:543][  0]LogConfig: Setting CVar [[r.Streaming.MaxEffectiveScreenSize:0]]
[2019.12.15-05.45.28:543][  0]LogConfig: Applying CVar settings from Section [EffectsQuality@3] File [C:/Users/morga/Documents/University Level 6/CT6024 - AI/CT6024AdvancedAI/Saved/Config/Windows/Scalability.ini]
[2019.12.15-05.45.28:543][  0]LogConfig: Setting CVar [[r.TranslucencyLightingVolumeDim:64]]
[2019.12.15-05.45.28:543][  0]LogConfig: Setting CVar [[r.RefractionQuality:2]]
[2019.12.15-05.45.28:543][  0]LogConfig: Setting CVar [[r.SSR.Quality:3]]
[2019.12.15-05.45.28:543][  0]LogConfig: Setting CVar [[r.SceneColorFormat:4]]
[2019.12.15-05.45.28:543][  0]LogConfig: Setting CVar [[r.DetailMode:2]]
[2019.12.15-05.45.28:543][  0]LogConfig: Setting CVar [[r.TranslucencyVolumeBlur:1]]
[2019.12.15-05.45.28:543][  0]LogConfig: Setting CVar [[r.MaterialQualityLevel:1 ; High quality]]
[2019.12.15-05.45.28:543][  0]LogConfig: Setting CVar [[r.SSS.Scale:1]]
[2019.12.15-05.45.28:543][  0]LogConfig: Setting CVar [[r.SSS.SampleSet:2]]
[2019.12.15-05.45.28:543][  0]LogConfig: Setting CVar [[r.SSS.Quality:1]]
[2019.12.15-05.45.28:544][  0]LogConfig: Setting CVar [[r.SSS.HalfRes:1]]
[2019.12.15-05.45.28:544][  0]LogConfig: Setting CVar [[r.EmitterSpawnRateScale:1.0]]
[2019.12.15-05.45.28:544][  0]LogConfig: Setting CVar [[r.ParticleLightQuality:2]]
[2019.12.15-05.45.28:544][  0]LogConfig: Applying CVar settings from Section [FoliageQuality@3] File [C:/Users/morga/Documents/University Level 6/CT6024 - AI/CT6024AdvancedAI/Saved/Config/Windows/Scalability.ini]
[2019.12.15-05.45.28:544][  0]LogConfig: Setting CVar [[foliage.DensityScale:1.0]]
[2019.12.15-05.45.28:544][  0]LogConfig: Setting CVar [[grass.DensityScale:1.0]]
[2019.12.15-05.45.28:544][  0]LogInit: Selected Device Profile: [Windows]
[2019.12.15-05.45.28:544][  0]LogInit: Applying CVar settings loaded from the selected device profile: [Windows]
[2019.12.15-05.45.28:571][  0]LogHAL: Display: Platform has ~ 16 GB [17101139968 / 17179869184 / 16], which maps to Larger [LargestMinGB=32, LargerMinGB=12, DefaultMinGB=8, SmallerMinGB=6, SmallestMinGB=0)
[2019.12.15-05.45.28:572][  0]LogConfig: Setting CVar [[r.Vulkan.UseRealUBs:0		; Required until we fix HLR fall-out]]
[2019.12.15-05.45.28:572][  0]LogInit: Going up to parent DeviceProfile []
[2019.12.15-05.45.28:572][  0]LogConfig: Applying CVar settings from Section [ViewDistanceQuality@3] File [C:/Users/morga/Documents/University Level 6/CT6024 - AI/CT6024AdvancedAI/Saved/Config/Windows/Scalability.ini]
[2019.12.15-05.45.28:572][  0]LogConfig: Setting CVar [[r.SkeletalMeshLODBias:0]]
[2019.12.15-05.45.28:573][  0]LogConfig: Setting CVar [[r.ViewDistanceScale:1.0]]
[2019.12.15-05.45.28:573][  0]LogConfig: Applying CVar settings from Section [AntiAliasingQuality@3] File [C:/Users/morga/Documents/University Level 6/CT6024 - AI/CT6024AdvancedAI/Saved/Config/Windows/Scalability.ini]
[2019.12.15-05.45.28:573][  0]LogConfig: Setting CVar [[r.PostProcessAAQuality:4]]
[2019.12.15-05.45.28:574][  0]LogConfig: Applying CVar settings from Section [ShadowQuality@3] File [C:/Users/morga/Documents/University Level 6/CT6024 - AI/CT6024AdvancedAI/Saved/Config/Windows/Scalability.ini]
[2019.12.15-05.45.28:574][  0]LogConfig: Setting CVar [[r.LightFunctionQuality:1]]
[2019.12.15-05.45.28:574][  0]LogConfig: Setting CVar [[r.ShadowQuality:5]]
[2019.12.15-05.45.28:574][  0]LogConfig: Setting CVar [[r.Shadow.CSM.MaxCascades:10]]
[2019.12.15-05.45.28:574][  0]LogConfig: Setting CVar [[r.Shadow.MaxResolution:2048]]
[2019.12.15-05.45.28:574][  0]LogConfig: Setting CVar [[r.Shadow.MaxCSMResolution:2048]]
[2019.12.15-05.45.28:574][  0]LogConfig: Setting CVar [[r.Shadow.RadiusThreshold:0.01]]
[2019.12.15-05.45.28:575][  0]LogConfig: Setting CVar [[r.Shadow.DistanceScale:1.0]]
[2019.12.15-05.45.28:575][  0]LogConfig: Setting CVar [[r.Shadow.CSM.TransitionScale:1.0]]
[2019.12.15-05.45.28:575][  0]LogConfig: Setting CVar [[r.Shadow.PreShadowResolutionFactor:1.0]]
[2019.12.15-05.45.28:575][  0]LogConfig: Setting CVar [[r.DistanceFieldShadowing:1]]
[2019.12.15-05.45.28:575][  0]LogConfig: Setting CVar [[r.DistanceFieldAO:1]]
[2019.12.15-05.45.28:575][  0]LogConfig: Setting CVar [[r.AOQuality:2]]
[2019.12.15-05.45.28:575][  0]LogConfig: Setting CVar [[r.VolumetricFog:1]]
[2019.12.15-05.45.28:575][  0]LogConfig: Setting CVar [[r.VolumetricFog.GridPixelSize:8]]
[2019.12.15-05.45.28:576][  0]LogConfig: Setting CVar [[r.VolumetricFog.GridSizeZ:128]]
[2019.12.15-05.45.28:576][  0]LogConfig: Setting CVar [[r.VolumetricFog.HistoryMissSupersampleCount:4]]
[2019.12.15-05.45.28:576][  0]LogConfig: Setting CVar [[r.LightMaxDrawDistanceScale:1]]
[2019.12.15-05.45.28:576][  0]LogConfig: Setting CVar [[r.CapsuleShadows:1]]
[2019.12.15-05.45.28:576][  0]LogConfig: Applying CVar settings from Section [PostProcessQuality@3] File [C:/Users/morga/Documents/University Level 6/CT6024 - AI/CT6024AdvancedAI/Saved/Config/Windows/Scalability.ini]
[2019.12.15-05.45.28:576][  0]LogConfig: Setting CVar [[r.MotionBlurQuality:4]]
[2019.12.15-05.45.28:576][  0]LogConfig: Setting CVar [[r.AmbientOcclusionMipLevelFactor:0.4]]
[2019.12.15-05.45.28:576][  0]LogConfig: Setting CVar [[r.AmbientOcclusionMaxQuality:100]]
[2019.12.15-05.45.28:576][  0]LogConfig: Setting CVar [[r.AmbientOcclusionLevels:-1]]
[2019.12.15-05.45.28:576][  0]LogConfig: Setting CVar [[r.AmbientOcclusionRadiusScale:1.0]]
[2019.12.15-05.45.28:577][  0]LogConfig: Setting CVar [[r.DepthOfFieldQuality:2]]
[2019.12.15-05.45.28:577][  0]LogConfig: Setting CVar [[r.RenderTargetPoolMin:400]]
[2019.12.15-05.45.28:577][  0]LogConfig: Setting CVar [[r.LensFlareQuality:2]]
[2019.12.15-05.45.28:577][  0]LogConfig: Setting CVar [[r.SceneColorFringeQuality:1]]
[2019.12.15-05.45.28:577][  0]LogConfig: Setting CVar [[r.EyeAdaptationQuality:2]]
[2019.12.15-05.45.28:577][  0]LogConfig: Setting CVar [[r.BloomQuality:5]]
[2019.12.15-05.45.28:577][  0]LogConfig: Setting CVar [[r.FastBlurThreshold:100]]
[2019.12.15-05.45.28:577][  0]LogConfig: Setting CVar [[r.Upscale.Quality:3]]
[2019.12.15-05.45.28:577][  0]LogConfig: Setting CVar [[r.Tonemapper.GrainQuantization:1]]
[2019.12.15-05.45.28:577][  0]LogConfig: Setting CVar [[r.LightShaftQuality:1]]
[2019.12.15-05.45.28:578][  0]LogConfig: Setting CVar [[r.Filter.SizeScale:1]]
[2019.12.15-05.45.28:578][  0]LogConfig: Setting CVar [[r.Tonemapper.Quality:5]]
[2019.12.15-05.45.28:578][  0]LogConfig: Setting CVar [[r.DOF.Gather.AccumulatorQuality:1        ; higher gathering accumulator quality]]
[2019.12.15-05.45.28:578][  0]LogConfig: Setting CVar [[r.DOF.Gather.PostfilterMethod:1          ; Median3x3 postfilering method]]
[2019.12.15-05.45.28:578][  0]LogConfig: Setting CVar [[r.DOF.Gather.EnableBokehSettings:0       ; no bokeh simulation when gathering]]
[2019.12.15-05.45.28:578][  0]LogConfig: Setting CVar [[r.DOF.Gather.RingCount:4                 ; medium number of samples when gathering]]
[2019.12.15-05.45.28:578][  0]LogConfig: Setting CVar [[r.DOF.Scatter.ForegroundCompositing:1    ; additive foreground scattering]]
[2019.12.15-05.45.28:579][  0]LogConfig: Setting CVar [[r.DOF.Scatter.BackgroundCompositing:2    ; additive background scattering]]
[2019.12.15-05.45.28:579][  0]LogConfig: Setting CVar [[r.DOF.Scatter.EnableBokehSettings:1      ; bokeh simulation when scattering]]
[2019.12.15-05.45.28:579][  0]LogConfig: Setting CVar [[r.DOF.Scatter.MaxSpriteRatio:0.1         ; only a maximum of 10% of scattered bokeh]]
[2019.12.15-05.45.28:579][  0]LogConfig: Setting CVar [[r.DOF.Recombine.Quality:1                ; cheap slight out of focus]]
[2019.12.15-05.45.28:579][  0]LogConfig: Setting CVar [[r.DOF.Recombine.EnableBokehSettings:0    ; no bokeh simulation on slight out of focus]]
[2019.12.15-05.45.28:579][  0]LogConfig: Setting CVar [[r.DOF.TemporalAAQuality:1                ; more stable temporal accumulation]]
[2019.12.15-05.45.28:579][  0]LogConfig: Setting CVar [[r.DOF.Kernel.MaxForegroundRadius:0.025]]
[2019.12.15-05.45.28:579][  0]LogConfig: Setting CVar [[r.DOF.Kernel.MaxBackgroundRadius:0.025]]
[2019.12.15-05.45.28:579][  0]LogConfig: Applying CVar settings from Section [TextureQuality@3] File [C:/Users/morga/Documents/University Level 6/CT6024 - AI/CT6024AdvancedAI/Saved/Config/Windows/Scalability.ini]
[2019.12.15-05.45.28:580][  0]LogConfig: Setting CVar [[r.Streaming.MipBias:0]]
[2019.12.15-05.45.28:580][  0]LogConfig: Setting CVar [[r.Streaming.AmortizeCPUToGPUCopy:0]]
[2019.12.15-05.45.28:580][  0]LogConfig: Setting CVar [[r.Streaming.MaxNumTexturesToStreamPerFrame:0]]
[2019.12.15-05.45.28:580][  0]LogConfig: Setting CVar [[r.Streaming.Boost:1]]
[2019.12.15-05.45.28:580][  0]LogConfig: Setting CVar [[r.MaxAnisotropy:8]]
[2019.12.15-05.45.28:580][  0]LogConfig: Setting CVar [[r.Streaming.LimitPoolSizeToVRAM:0]]
[2019.12.15-05.45.28:580][  0]LogConfig: Setting CVar [[r.Streaming.PoolSize:1000]]
[2019.12.15-05.45.28:580][  0]LogConfig: Setting CVar [[r.Streaming.MaxEffectiveScreenSize:0]]
[2019.12.15-05.45.28:580][  0]LogConfig: Applying CVar settings from Section [EffectsQuality@3] File [C:/Users/morga/Documents/University Level 6/CT6024 - AI/CT6024AdvancedAI/Saved/Config/Windows/Scalability.ini]
[2019.12.15-05.45.28:581][  0]LogConfig: Setting CVar [[r.TranslucencyLightingVolumeDim:64]]
[2019.12.15-05.45.28:581][  0]LogConfig: Setting CVar [[r.RefractionQuality:2]]
[2019.12.15-05.45.28:581][  0]LogConfig: Setting CVar [[r.SSR.Quality:3]]
[2019.12.15-05.45.28:581][  0]LogConfig: Setting CVar [[r.SceneColorFormat:4]]
[2019.12.15-05.45.28:581][  0]LogConfig: Setting CVar [[r.DetailMode:2]]
[2019.12.15-05.45.28:582][  0]LogConfig: Setting CVar [[r.TranslucencyVolumeBlur:1]]
[2019.12.15-05.45.28:582][  0]LogConfig: Setting CVar [[r.MaterialQualityLevel:1 ; High quality]]
[2019.12.15-05.45.28:582][  0]LogConfig: Setting CVar [[r.SSS.Scale:1]]
[2019.12.15-05.45.28:582][  0]LogConfig: Setting CVar [[r.SSS.SampleSet:2]]
[2019.12.15-05.45.28:582][  0]LogConfig: Setting CVar [[r.SSS.Quality:1]]
[2019.12.15-05.45.28:582][  0]LogConfig: Setting CVar [[r.SSS.HalfRes:1]]
[2019.12.15-05.45.28:582][  0]LogConfig: Setting CVar [[r.EmitterSpawnRateScale:1.0]]
[2019.12.15-05.45.28:582][  0]LogConfig: Setting CVar [[r.ParticleLightQuality:2]]
[2019.12.15-05.45.28:582][  0]LogConfig: Applying CVar settings from Section [FoliageQuality@3] File [C:/Users/morga/Documents/University Level 6/CT6024 - AI/CT6024AdvancedAI/Saved/Config/Windows/Scalability.ini]
[2019.12.15-05.45.28:582][  0]LogConfig: Setting CVar [[foliage.DensityScale:1.0]]
[2019.12.15-05.45.28:583][  0]LogConfig: Setting CVar [[grass.DensityScale:1.0]]
[2019.12.15-05.45.28:583][  0]LogConfig: Applying CVar settings from Section [Startup] File [../../../Engine/Config/ConsoleVariables.ini]
[2019.12.15-05.45.28:583][  0]LogConfig: Setting CVar [[net.UseAdaptiveNetUpdateFrequency:0]]
[2019.12.15-05.45.28:583][  0]LogConfig: Setting CVar [[p.chaos.AllowCreatePhysxBodies:1]]
[2019.12.15-05.45.28:583][  0]LogConfig: Applying CVar settings from Section [ConsoleVariables] File [C:/Users/morga/Documents/University Level 6/CT6024 - AI/CT6024AdvancedAI/Saved/Config/Windows/Engine.ini]
[2019.12.15-05.45.28:584][  0]LogInit: Computer: DESKTOP-718HLV6
[2019.12.15-05.45.28:584][  0]LogInit: User: morga
[2019.12.15-05.45.28:584][  0]LogInit: CPU Page size=4096, Cores=4
[2019.12.15-05.45.28:584][  0]LogInit: High frequency timer resolution =10.000000 MHz
[2019.12.15-05.45.28:585][  0]LogMemory: Memory total: Physical=15.9GB (16GB approx)
[2019.12.15-05.45.28:586][  0]LogMemory: Platform Memory Stats for Windows
[2019.12.15-05.45.28:586][  0]LogMemory: Process Physical Memory: 97.48 MB used, 97.48 MB peak
[2019.12.15-05.45.28:586][  0]LogMemory: Process Virtual Memory: 89.00 MB used, 89.00 MB peak
[2019.12.15-05.45.28:586][  0]LogMemory: Physical Memory: 9952.80 MB used,  6356.12 MB free, 16308.92 MB total
[2019.12.15-05.45.28:586][  0]LogMemory: Virtual Memory: 4642.23 MB used,  134213088.00 MB free, 134217728.00 MB total
[2019.12.15-05.45.29:027][  0]LogInit: Using OS detected language (en-GB).
[2019.12.15-05.45.29:028][  0]LogInit: Using OS detected locale (en-GB).
[2019.12.15-05.45.29:029][  0]LogTextLocalizationManager: No specific localization for 'en-GB' exists, so the 'en' localization will be used.
[2019.12.15-05.45.29:384][  0]LogInit: Setting process to per monitor DPI aware
[2019.12.15-05.45.29:550][  0]LogSlate: New Slate User Created.  User Index 0, Is Virtual User: 0
[2019.12.15-05.45.29:550][  0]LogSlate: Slate User Registered.  User Index 0, Is Virtual User: 0
[2019.12.15-05.45.30:036][  0]LogHMD: Failed to initialize OpenVR with code 110
[2019.12.15-05.45.30:036][  0]LogD3D11RHI: D3D11 adapters:
[2019.12.15-05.45.30:196][  0]LogD3D11RHI:    0. 'NVIDIA GeForce GTX 1060' (Feature Level 11_0)
[2019.12.15-05.45.30:196][  0]LogD3D11RHI:       6054/0/8154 MB DedicatedVideo/DedicatedSystem/SharedSystem, Outputs:2, VendorId:0x10de
[2019.12.15-05.45.30:272][  0]LogD3D11RHI:    1. 'Intel(R) UHD Graphics 620' (Feature Level 11_0)
[2019.12.15-05.45.30:274][  0]LogD3D11RHI:       128/0/8154 MB DedicatedVideo/DedicatedSystem/SharedSystem, Outputs:0, VendorId:0x8086
[2019.12.15-05.45.30:295][  0]LogD3D11RHI:    2. 'Microsoft Basic Render Driver' (Feature Level 11_0)
[2019.12.15-05.45.30:296][  0]LogD3D11RHI:       0/0/8154 MB DedicatedVideo/DedicatedSystem/SharedSystem, Outputs:0, VendorId:0x1414
[2019.12.15-05.45.30:297][  0]LogD3D11RHI: Chosen D3D11 Adapter: 0
[2019.12.15-05.45.30:374][  0]LogD3D11RHI: Creating new Direct3DDevice
[2019.12.15-05.45.30:375][  0]LogD3D11RHI:     GPU DeviceId: 0x1c20 (for the marketing name, search the web for "GPU Device Id")
[2019.12.15-05.45.30:375][  0]LogWindows: EnumDisplayDevices:
[2019.12.15-05.45.30:375][  0]LogWindows:    0. 'Intel(R) UHD Graphics 620' (P:1 D:1)
[2019.12.15-05.45.30:376][  0]LogWindows:    1. 'Intel(R) UHD Graphics 620' (P:0 D:1)
[2019.12.15-05.45.30:376][  0]LogWindows:    2. 'Intel(R) UHD Graphics 620' (P:0 D:0)
[2019.12.15-05.45.30:377][  0]LogWindows: DebugString: PrimaryIsNotTheChoosenAdapter PrimaryIsNotTheChoosenAdapter PrimaryIsNotTheChoosenAdapter FoundDriverCount:0 
[2019.12.15-05.45.30:377][  0]LogD3D11RHI:     Adapter Name: NVIDIA GeForce GTX 1060
[2019.12.15-05.45.30:377][  0]LogD3D11RHI:   Driver Version: Unknown (internal:Unknown, unified:Unknown)
[2019.12.15-05.45.30:377][  0]LogD3D11RHI:      Driver Date: Unknown
[2019.12.15-05.45.30:377][  0]LogRHI: Texture pool is 4237 MB (70% of 6054 MB)
[2019.12.15-05.45.30:469][  0]LogD3D11RHI: Async texture creation enabled
[2019.12.15-05.45.30:476][  0]LogRendererCore: FGlobalReadBuffer::InitRHI
[2019.12.15-05.45.30:477][  0]LogRendererCore: FGlobalReadBuffer::InitRHI
[2019.12.15-05.45.30:477][  0]LogRendererCore: FGlobalReadBuffer::InitRHI
[2019.12.15-05.45.30:493][  0]LogD3D11RHI: GPU Timing Frequency: 1000.000000 (Debug: 2 2)
[2019.12.15-05.45.31:562][  0]LogTemp: Display: Module 'AllDesktopTargetPlatform' loaded TargetPlatform 'AllDesktop'
[2019.12.15-05.45.31:596][  0]LogTemp: Display: Module 'MacClientTargetPlatform' loaded TargetPlatform 'MacClient'
[2019.12.15-05.45.31:629][  0]LogTemp: Display: Module 'MacNoEditorTargetPlatform' loaded TargetPlatform 'MacNoEditor'
[2019.12.15-05.45.31:669][  0]LogTemp: Display: Module 'MacServerTargetPlatform' loaded TargetPlatform 'MacServer'
[2019.12.15-05.45.31:727][  0]LogTemp: Display: Module 'MacTargetPlatform' loaded TargetPlatform 'Mac'
[2019.12.15-05.45.31:780][  0]LogTemp: Display: Module 'WindowsClientTargetPlatform' loaded TargetPlatform 'WindowsClient'
[2019.12.15-05.45.31:843][  0]LogTemp: Display: Module 'WindowsNoEditorTargetPlatform' loaded TargetPlatform 'WindowsNoEditor'
[2019.12.15-05.45.31:877][  0]LogTemp: Display: Module 'WindowsServerTargetPlatform' loaded TargetPlatform 'WindowsServer'
[2019.12.15-05.45.31:894][  0]LogTemp: Display: Module 'WindowsTargetPlatform' loaded TargetPlatform 'Windows'
[2019.12.15-05.45.32:085][  0]LogTemp: Display: Module 'AndroidTargetPlatform' loaded TargetPlatform 'Android'
[2019.12.15-05.45.32:085][  0]LogTemp: Display: Module 'AndroidTargetPlatform' loaded TargetPlatform 'Android_ASTC'
[2019.12.15-05.45.32:085][  0]LogTemp: Display: Module 'AndroidTargetPlatform' loaded TargetPlatform 'Android_ATC'
[2019.12.15-05.45.32:085][  0]LogTemp: Display: Module 'AndroidTargetPlatform' loaded TargetPlatform 'Android_DXT'
[2019.12.15-05.45.32:085][  0]LogTemp: Display: Module 'AndroidTargetPlatform' loaded TargetPlatform 'Android_ETC1'
[2019.12.15-05.45.32:085][  0]LogTemp: Display: Module 'AndroidTargetPlatform' loaded TargetPlatform 'Android_ETC1a'
[2019.12.15-05.45.32:085][  0]LogTemp: Display: Module 'AndroidTargetPlatform' loaded TargetPlatform 'Android_ETC2'
[2019.12.15-05.45.32:085][  0]LogTemp: Display: Module 'AndroidTargetPlatform' loaded TargetPlatform 'Android_PVRTC'
[2019.12.15-05.45.32:086][  0]LogTemp: Display: Module 'AndroidTargetPlatform' loaded TargetPlatform 'AndroidClient'
[2019.12.15-05.45.32:086][  0]LogTemp: Display: Module 'AndroidTargetPlatform' loaded TargetPlatform 'Android_ASTCClient'
[2019.12.15-05.45.32:086][  0]LogTemp: Display: Module 'AndroidTargetPlatform' loaded TargetPlatform 'Android_ATCClient'
[2019.12.15-05.45.32:086][  0]LogTemp: Display: Module 'AndroidTargetPlatform' loaded TargetPlatform 'Android_DXTClient'
[2019.12.15-05.45.32:086][  0]LogTemp: Display: Module 'AndroidTargetPlatform' loaded TargetPlatform 'Android_ETC1Client'
[2019.12.15-05.45.32:086][  0]LogTemp: Display: Module 'AndroidTargetPlatform' loaded TargetPlatform 'Android_ETC1aClient'
[2019.12.15-05.45.32:086][  0]LogTemp: Display: Module 'AndroidTargetPlatform' loaded TargetPlatform 'Android_ETC2Client'
[2019.12.15-05.45.32:086][  0]LogTemp: Display: Module 'AndroidTargetPlatform' loaded TargetPlatform 'Android_PVRTCClient'
[2019.12.15-05.45.32:086][  0]LogTemp: Display: Module 'AndroidTargetPlatform' loaded TargetPlatform 'Android_Multi'
[2019.12.15-05.45.32:086][  0]LogTemp: Display: Module 'AndroidTargetPlatform' loaded TargetPlatform 'Android_MultiClient'
[2019.12.15-05.45.32:097][  0]LogTemp: Display: Module 'HTML5TargetPlatform' loaded TargetPlatform 'HTML5'
[2019.12.15-05.45.32:211][  0]LogTemp: Display: Module 'IOSTargetPlatform' loaded TargetPlatform 'IOSClient'
[2019.12.15-05.45.32:211][  0]LogTemp: Display: Module 'IOSTargetPlatform' loaded TargetPlatform 'IOS'
[2019.12.15-05.45.32:258][  0]LogTemp: Display: Module 'TVOSTargetPlatform' loaded TargetPlatform 'TVOSClient'
[2019.12.15-05.45.32:258][  0]LogTemp: Display: Module 'TVOSTargetPlatform' loaded TargetPlatform 'TVOS'
[2019.12.15-05.45.32:285][  0]LogTemp: Display: Module 'LinuxClientTargetPlatform' loaded TargetPlatform 'LinuxClient'
[2019.12.15-05.45.32:314][  0]LogTemp: Display: Module 'LinuxNoEditorTargetPlatform' loaded TargetPlatform 'LinuxNoEditor'
[2019.12.15-05.45.32:348][  0]LogTemp: Display: Module 'LinuxServerTargetPlatform' loaded TargetPlatform 'LinuxServer'
[2019.12.15-05.45.32:380][  0]LogTemp: Display: Module 'LinuxTargetPlatform' loaded TargetPlatform 'Linux'
[2019.12.15-05.45.32:460][  0]LogTemp: Display: Module 'LuminTargetPlatform' loaded TargetPlatform 'Lumin'
[2019.12.15-05.45.32:460][  0]LogTemp: Display: Module 'LuminTargetPlatform' loaded TargetPlatform 'LuminClient'
[2019.12.15-05.45.32:460][  0]LogTargetPlatformManager: Display: Building Assets For Windows
[2019.12.15-05.45.32:494][  0]LogAudioDebug: Display: Lib vorbis DLL was dynamically loaded.
[2019.12.15-05.45.32:702][  0]LogShaderCompilers: Guid format shader working directory is -41 characters bigger than the processId version (../../../../../../Users/morga/Documents/University Level 6/CT6024 - AI/CT6024AdvancedAI/Intermediate/Shaders/WorkingDirectory/5000/).
[2019.12.15-05.45.32:703][  0]LogShaderCompilers: Cleaned the shader compiler working directory 'C:/Users/morga/AppData/Local/Temp/UnrealShaderWorkingDir/A551964D4E817FF8E3AD83A49219AD77/'.
[2019.12.15-05.45.32:710][  0]LogXGEController: Cleaning working directory: C:/Users/morga/AppData/Local/Temp/UnrealXGEWorkingDir/
[2019.12.15-05.45.32:710][  0]LogXGEController: Cannot use XGE Controller as Incredibuild is not installed on this machine.
[2019.12.15-05.45.32:711][  0]LogShaderCompilers: Cannot use XGE Shader Compiler as Incredibuild is not installed on this machine.
[2019.12.15-05.45.32:711][  0]LogShaderCompilers: Display: Using Local Shader Compiler.
[2019.12.15-05.45.33:668][  0]LogDerivedDataCache: Display: Max Cache Size: 512 MB
[2019.12.15-05.45.33:735][  0]LogDerivedDataCache: Loaded boot cache 0.07s 71MB C:/Users/morga/AppData/Local/UnrealEngine/4.22/DerivedDataCache/Boot.ddc.
[2019.12.15-05.45.33:735][  0]LogDerivedDataCache: Display: Loaded Boot cache: C:/Users/morga/AppData/Local/UnrealEngine/4.22/DerivedDataCache/Boot.ddc
[2019.12.15-05.45.33:735][  0]LogDerivedDataCache: FDerivedDataBackendGraph:  Pak pak cache file ../../../../../../Users/morga/Documents/University Level 6/CT6024 - AI/CT6024AdvancedAI/DerivedDataCache/DDC.ddp not found, will not use a pak cache.
[2019.12.15-05.45.33:735][  0]LogDerivedDataCache: Unable to find inner node Pak for hierarchical cache Hierarchy.
[2019.12.15-05.45.33:735][  0]LogDerivedDataCache: FDerivedDataBackendGraph:  CompressedPak pak cache file ../../../../../../Users/morga/Documents/University Level 6/CT6024 - AI/CT6024AdvancedAI/DerivedDataCache/Compressed.ddp not found, will not use a pak cache.
[2019.12.15-05.45.33:735][  0]LogDerivedDataCache: Unable to find inner node CompressedPak for hierarchical cache Hierarchy.
[2019.12.15-05.45.33:754][  0]LogDerivedDataCache: Display: Pak cache opened for reading ../../../Engine/DerivedDataCache/Compressed.ddp.
[2019.12.15-05.45.33:754][  0]LogDerivedDataCache: FDerivedDataBackendGraph:  EnterprisePak pak cache file ../../../Enterprise/DerivedDataCache/Compressed.ddp not found, will not use a pak cache.
[2019.12.15-05.45.33:757][  0]LogDerivedDataCache: Unable to find inner node EnterprisePak for hierarchical cache Hierarchy.
[2019.12.15-05.45.33:773][  0]LogDerivedDataCache: Using Local data cache path C:/Users/morga/AppData/Local/UnrealEngine/Common/DerivedDataCache: Writable
[2019.12.15-05.45.33:773][  0]LogDerivedDataCache: Shared data cache path not found in *engine.ini, will not use an Shared cache.
[2019.12.15-05.45.33:773][  0]LogDerivedDataCache: Unable to find inner node Shared for hierarchical cache Hierarchy.
[2019.12.15-05.45.33:810][  0]LogMaterial: Verifying Global Shaders for PCD3D_SM5
[2019.12.15-05.45.33:812][  0]LogSlate: Using FreeType 2.6.0
[2019.12.15-05.45.33:813][  0]LogSlate: SlateFontServices - WITH_FREETYPE: 1, WITH_HARFBUZZ: 1
[2019.12.15-05.45.33:931][  0]LogAssetRegistry: FAssetRegistry took 0.0420 seconds to start up
[2019.12.15-05.45.34:526][  0]LogInit: Selected Device Profile: [Windows]
[2019.12.15-05.45.34:785][  0]LogMeshReduction: Using QuadricMeshReduction for automatic static mesh reduction
[2019.12.15-05.45.34:785][  0]LogMeshReduction: Using SimplygonMeshReduction for automatic skeletal mesh reduction
[2019.12.15-05.45.34:785][  0]LogMeshReduction: Using ProxyLODMeshReduction for automatic mesh merging
[2019.12.15-05.45.34:785][  0]LogMeshReduction: No distributed automatic mesh merging module available
[2019.12.15-05.45.34:785][  0]LogMeshMerging: No distributed automatic mesh merging module available
[2019.12.15-05.45.34:803][  0]LogNetVersion: CT6024AdvancedAI 1.0.0, NetCL: 5660361, EngineNetVer: 10, GameNetVer: 0 (Checksum: 379849778)
[2019.12.15-05.45.35:534][  0]LogPackageLocalizationCache: Processed 10 localized package path(s) for 1 prioritized culture(s) in 0.070498 seconds
[2019.12.15-05.45.35:544][  0]LogUObjectArray: 42205 objects as part of root set at end of initial load.
[2019.12.15-05.45.35:544][  0]LogUObjectAllocator: 7325032 out of 0 bytes used by permanent object pool.
[2019.12.15-05.45.35:544][  0]LogUObjectArray: CloseDisregardForGC: 0/0 objects in disregard for GC pool
[2019.12.15-05.45.37:367][  0]LogTcpMessaging: Initializing TcpMessaging bridge
[2019.12.15-05.45.37:397][  0]LogUdpMessaging: Initializing bridge on interface 0.0.0.0:0 to multicast group 230.0.0.1:6666.
[2019.12.15-05.45.37:830][  0]SourceControl: Source control is disabled
[2019.12.15-05.45.37:830][  0]SourceControl: Source control is disabled
[2019.12.15-05.45.37:836][  0]SourceControl: Source control is disabled
[2019.12.15-05.45.37:844][  0]SourceControl: Source control is disabled
[2019.12.15-05.45.38:402][  0]LogAndroidPermission: UAndroidPermissionCallbackProxy::GetInstance
[2019.12.15-05.45.38:765][  0]LogOcInput: OculusInput pre-init called
[2019.12.15-05.45.39:898][  0]LogEngine: Initializing Engine...
[2019.12.15-05.45.39:900][  0]LogHMD: Failed to initialize OpenVR with code 110
[2019.12.15-05.45.39:901][  0]LogStats: UGameplayTagsManager::InitializeManager -  0.000 s
[2019.12.15-05.45.40:264][  0]LogInit: Initializing FReadOnlyCVARCache
[2019.12.15-05.45.40:298][  0]LogAIModule: Creating AISystem for world Untitled
[2019.12.15-05.45.40:334][  0]LogInit: XAudio2 using 'Speaker (SB X-Fi Go! Pro)' : 2 channels at 44.1 kHz using 16 bits per sample (channel mask 0x3)
[2019.12.15-05.45.40:379][  0]LogInit: FAudioDevice initialized.
[2019.12.15-05.45.40:380][  0]LogNetVersion: Set ProjectVersion to 1.0.0.0. Version Checksum will be recalculated on next use.
[2019.12.15-05.45.40:479][  0]LogDerivedDataCache: Saved boot cache 0.10s 71MB C:/Users/morga/AppData/Local/UnrealEngine/4.22/DerivedDataCache/Boot.ddc.
[2019.12.15-05.45.40:492][  0]LogInit: Texture streaming: Enabled
[2019.12.15-05.45.40:541][  0]LogEngineSessionManager: EngineSessionManager initialized
[2019.12.15-05.45.40:580][  0]LogInit: Transaction tracking system initialized
[2019.12.15-05.45.40:657][  0]BlueprintLog: New page: Editor Load
[2019.12.15-05.45.40:922][  0]LocalizationService: Localization service is disabled
[2019.12.15-05.45.41:169][  0]LogLinker: Warning: Can't find file '/Game/TopDownBP/TopDownOverview'
[2019.12.15-05.45.41:170][  0]LogLinker: Warning: Can't find file '/Game/TopDownBP/TopDownOverview'
[2019.12.15-05.45.41:170][  0]LogUObjectGlobals: Warning: Failed to find object 'Class /Game/TopDownBP/TopDownOverview.TopDownOverview_C'
[2019.12.15-05.45.41:528][  0]LogFileCache: Scanning file cache for directory 'C:/Users/morga/Documents/University Level 6/CT6024 - AI/CT6024AdvancedAI/Content/' took 0.03s
[2019.12.15-05.45.41:529][  0]LogCook: Display: Max memory allowance for cook 16384mb min free memory 0mb
[2019.12.15-05.45.41:529][  0]LogCook: Display: Mobile HDR setting 1
[2019.12.15-05.45.42:004][  0]SourceControl: Source control is disabled
[2019.12.15-05.45.42:005][  0]Cmd: MAP LOAD FILE="../../../../../../Users/morga/Documents/University Level 6/CT6024 - AI/CT6024AdvancedAI/Content/Levels/NukeLaunch.umap" TEMPLATE=0 SHOWPROGRESS=1 FEATURELEVEL=3
[2019.12.15-05.45.42:006][  0]LightingResults: New page: Lighting Build
[2019.12.15-05.45.42:012][  0]MapCheck: New page: Map Check
[2019.12.15-05.45.42:012][  0]LightingResults: New page: Lighting Build
[2019.12.15-05.45.42:049][  0]LogUObjectHash: Compacting FUObjectHashTables data took   2.07ms
[2019.12.15-05.45.42:054][  0]LogLinker: Warning: Can't find file '/Game/Blueprints/AGuard'
[2019.12.15-05.45.42:055][  0]LogLinker: Warning: Can't find file for asset '/Game/Blueprints/AGuard' while loading NULL.
[2019.12.15-05.45.42:055][  0]LogLinker: Warning: Can't find file '/Game/Blueprints/AGuard'
[2019.12.15-05.45.42:056][  0]LogLinker: Warning: Can't find file for asset '/Game/Blueprints/AGuard' while loading NULL.
[2019.12.15-05.45.42:057][  0]LogLinker: Warning: Can't find file '/Game/Blueprints/ASpy'
[2019.12.15-05.45.42:057][  0]LogLinker: Warning: Can't find file for asset '/Game/Blueprints/ASpy' while loading NULL.
[2019.12.15-05.45.42:058][  0]LogLinker: Warning: Can't find file '/Game/Blueprints/ASpy'
[2019.12.15-05.45.42:059][  0]LogLinker: Warning: Can't find file for asset '/Game/Blueprints/ASpy' while loading NULL.
[2019.12.15-05.45.42:060][  0]LogLinker: Warning: Can't find file '/Game/Blueprints/AGuard'
[2019.12.15-05.45.42:060][  0]LogLinker: Warning: Can't find file for asset '/Game/Blueprints/AGuard' while loading NULL.
[2019.12.15-05.45.42:061][  0]LogLinker: Warning: Can't find file '/Game/Blueprints/ASpy'
[2019.12.15-05.45.42:061][  0]LogLinker: Warning: Can't find file for asset '/Game/Blueprints/ASpy' while loading NULL.
[2019.12.15-05.45.42:104][  0]LogLinker: Warning: Can't find file '/Game/Blueprints/AGuard'
[2019.12.15-05.45.42:105][  0]LogLinker: Warning: Can't find file for asset '/Game/Blueprints/AGuard' while loading NULL.
[2019.12.15-05.45.42:107][  0]LogLinker: Warning: Can't find file '/Game/Blueprints/ASpy'
[2019.12.15-05.45.42:108][  0]LogLinker: Warning: Can't find file for asset '/Game/Blueprints/ASpy' while loading NULL.
[2019.12.15-05.45.42:108][  0]LogLinker: Warning: Can't find file '/Game/Blueprints/AGuard'
[2019.12.15-05.45.42:109][  0]LogLinker: Warning: Can't find file for asset '/Game/Blueprints/AGuard' while loading NULL.
[2019.12.15-05.45.42:109][  0]LogLinker: Warning: Can't find file '/Game/Blueprints/ASpy'
[2019.12.15-05.45.42:110][  0]LogLinker: Warning: Can't find file for asset '/Game/Blueprints/ASpy' while loading NULL.
[2019.12.15-05.45.42:394][  0]LogLinker: Warning: Can't find file '/Game/Blueprints/AGuard'
[2019.12.15-05.45.42:395][  0]LogLinker: Warning: Can't find file for asset '/Game/Blueprints/AGuard' while loading NULL.
[2019.12.15-05.45.42:395][  0]LogLinker: Warning: Can't find file '/Game/Blueprints/ASpy'
[2019.12.15-05.45.42:396][  0]LogLinker: Warning: Can't find file for asset '/Game/Blueprints/ASpy' while loading NULL.
[2019.12.15-05.45.42:439][  0]LogLinker: Warning: Can't find file '/Game/Blueprints/AGuard'
[2019.12.15-05.45.42:440][  0]LogLinker: Warning: Can't find file for asset '/Game/Blueprints/AGuard' while loading NULL.
[2019.12.15-05.45.42:440][  0]LogLinker: Warning: Can't find file '/Game/Blueprints/ASpy'
[2019.12.15-05.45.42:441][  0]LogLinker: Warning: Can't find file for asset '/Game/Blueprints/ASpy' while loading NULL.
[2019.12.15-05.45.42:443][  0]LogLinker: Warning: Can't find file '/Game/Blueprints/AGuard'
[2019.12.15-05.45.42:443][  0]LogLinker: Warning: Can't find file for asset '/Game/Blueprints/AGuard' while loading NULL.
[2019.12.15-05.45.42:444][  0]LogLinker: Warning: Can't find file '/Game/Blueprints/AGuard'
[2019.12.15-05.45.42:444][  0]LogLinker: Warning: Can't find file for asset '/Game/Blueprints/AGuard' while loading NULL.
[2019.12.15-05.45.42:444][  0]LogLinker: Warning: Can't find file '/Game/Blueprints/ASpy'
[2019.12.15-05.45.42:445][  0]LogLinker: Warning: Can't find file for asset '/Game/Blueprints/ASpy' while loading NULL.
[2019.12.15-05.45.42:445][  0]LogLinker: Warning: Can't find file '/Game/Blueprints/ASpy'
[2019.12.15-05.45.42:445][  0]LogLinker: Warning: Can't find file for asset '/Game/Blueprints/ASpy' while loading NULL.
[2019.12.15-05.45.42:446][  0]LogLinker: Warning: Can't find file '/Game/Blueprints/AGuard'
[2019.12.15-05.45.42:446][  0]LogLinker: Warning: Can't find file for asset '/Game/Blueprints/AGuard' while loading NULL.
[2019.12.15-05.45.42:446][  0]LogLinker: Warning: Can't find file '/Game/Blueprints/ASpy'
[2019.12.15-05.45.42:446][  0]LogLinker: Warning: Can't find file for asset '/Game/Blueprints/ASpy' while loading NULL.
[2019.12.15-05.45.42:447][  0]LogLinker: Warning: Can't find file '/Game/Blueprints/AGuard'
[2019.12.15-05.45.42:447][  0]LogLinker: Warning: Can't find file for asset '/Game/Blueprints/AGuard' while loading NULL.
[2019.12.15-05.45.42:447][  0]LogLinker: Warning: Can't find file '/Game/Blueprints/ASpy'
[2019.12.15-05.45.42:448][  0]LogLinker: Warning: Can't find file for asset '/Game/Blueprints/ASpy' while loading NULL.
[2019.12.15-05.45.42:448][  0]LogLinker: Warning: Can't find file '/Game/Blueprints/AGuard'
[2019.12.15-05.45.42:448][  0]LogLinker: Warning: Can't find file for asset '/Game/Blueprints/AGuard' while loading NULL.
[2019.12.15-05.45.42:449][  0]LogLinker: Warning: Can't find file '/Game/Blueprints/ASpy'
[2019.12.15-05.45.42:449][  0]LogLinker: Warning: Can't find file for asset '/Game/Blueprints/ASpy' while loading NULL.
[2019.12.15-05.45.42:449][  0]LogLinker: Warning: Can't find file '/Game/Blueprints/AGuard'
[2019.12.15-05.45.42:450][  0]LogLinker: Warning: Can't find file for asset '/Game/Blueprints/AGuard' while loading NULL.
[2019.12.15-05.45.42:450][  0]LogLinker: Warning: Can't find file '/Game/Blueprints/ASpy'
[2019.12.15-05.45.42:450][  0]LogLinker: Warning: Can't find file for asset '/Game/Blueprints/ASpy' while loading NULL.
[2019.12.15-05.45.42:450][  0]LogLinker: Warning: Can't find file '/Game/Blueprints/AGuard'
[2019.12.15-05.45.42:451][  0]LogLinker: Warning: Can't find file for asset '/Game/Blueprints/AGuard' while loading NULL.
[2019.12.15-05.45.42:451][  0]LogLinker: Warning: Can't find file '/Game/Blueprints/ASpy'
[2019.12.15-05.45.42:451][  0]LogLinker: Warning: Can't find file for asset '/Game/Blueprints/ASpy' while loading NULL.
[2019.12.15-05.45.42:453][  0]LogLinker: Warning: Can't find file '/Game/Blueprints/AGuard'
[2019.12.15-05.45.42:453][  0]LogLinker: Warning: Can't find file for asset '/Game/Blueprints/AGuard' while loading NULL.
[2019.12.15-05.45.42:453][  0]LogLinker: Warning: Can't find file '/Game/Blueprints/AGuard'
[2019.12.15-05.45.42:454][  0]LogLinker: Warning: Can't find file for asset '/Game/Blueprints/AGuard' while loading NULL.
[2019.12.15-05.45.42:455][  0]LogLinker: Warning: Can't find file '/Game/Blueprints/ASpy'
[2019.12.15-05.45.42:455][  0]LogLinker: Warning: Can't find file for asset '/Game/Blueprints/ASpy' while loading NULL.
[2019.12.15-05.45.42:455][  0]LogLinker: Warning: Can't find file '/Game/Blueprints/ASpy'
[2019.12.15-05.45.42:456][  0]LogLinker: Warning: Can't find file for asset '/Game/Blueprints/ASpy' while loading NULL.
[2019.12.15-05.45.43:009][  0]LogEditorServer: Finished looking for orphan Actors (0.000 secs)
[2019.12.15-05.45.43:048][  0]LogUObjectHash: Compacting FUObjectHashTables data took   2.62ms
[2019.12.15-05.45.43:048][  0]Cmd: MAP CHECKDEP NOCLEARLOG
[2019.12.15-05.45.43:048][  0]MapCheck: Map check complete: 0 Error(s), 0 Warning(s), took 0.307ms to complete.
[2019.12.15-05.45.43:049][  0]LogFileHelpers: Loading map 'NukeLaunch' took 1.044
[2019.12.15-05.45.43:287][  0]LogSlate: Updating window title bar state: overlay mode, drag disabled, window buttons hidden, title bar hidden
[2019.12.15-05.45.43:307][  0]LogSlate: Updating window title bar state: overlay mode, drag disabled, window buttons hidden, title bar hidden
[2019.12.15-05.45.43:320][  0]LogSlate: Updating window title bar state: overlay mode, drag disabled, window buttons hidden, title bar hidden
[2019.12.15-05.45.43:336][  0]LogSlate: Updating window title bar state: overlay mode, drag disabled, window buttons hidden, title bar hidden
[2019.12.15-05.45.43:361][  0]LogCollectionManager: Loaded 0 collections in 0.004543 seconds
[2019.12.15-05.45.43:403][  0]LogFileCache: Scanning file cache for directory 'C:/Users/morga/Documents/University Level 6/CT6024 - AI/CT6024AdvancedAI/Saved/Collections/' took 0.02s
[2019.12.15-05.45.43:403][  0]LogFileCache: Scanning file cache for directory 'C:/Users/morga/Documents/University Level 6/CT6024 - AI/CT6024AdvancedAI/Content/Developers/morga/Collections/' took 0.02s
[2019.12.15-05.45.43:403][  0]LogFileCache: Scanning file cache for directory 'C:/Users/morga/Documents/University Level 6/CT6024 - AI/CT6024AdvancedAI/Content/Collections/' took 0.00s
[2019.12.15-05.45.43:403][  0]LogCollectionManager: Rebuilt the GUID cache for 0 collections in 0.000001 seconds
[2019.12.15-05.45.43:417][  0]LogContentBrowser: Native class hierarchy populated in 0.0141 seconds. Added 2738 classes and 662 folders.
[2019.12.15-05.45.43:432][  0]LogContentBrowser: Native class hierarchy updated for 'WidgetCarousel' in 0.0006 seconds. Added 0 classes and 0 folders.
[2019.12.15-05.45.43:448][  0]LogPakFile: Registered encryption key '00000000000000000000000000000000': 0 pak files mounted, 0 remain pending
[2019.12.15-05.45.43:467][  0]LogPakFile: Registered encryption key '00000000000000000000000000000000': 0 pak files mounted, 0 remain pending
[2019.12.15-05.45.43:500][  0]LogPakFile: Registered encryption key '00000000000000000000000000000000': 0 pak files mounted, 0 remain pending
[2019.12.15-05.45.43:510][  0]LogPakFile: Registered encryption key '00000000000000000000000000000000': 0 pak files mounted, 0 remain pending
[2019.12.15-05.45.43:520][  0]LogPakFile: Registered encryption key '00000000000000000000000000000000': 0 pak files mounted, 0 remain pending
[2019.12.15-05.45.43:531][  0]LogPakFile: Registered encryption key '00000000000000000000000000000000': 0 pak files mounted, 0 remain pending
[2019.12.15-05.45.43:541][  0]LogPakFile: Registered encryption key '00000000000000000000000000000000': 0 pak files mounted, 0 remain pending
[2019.12.15-05.45.43:550][  0]LogPakFile: Registered encryption key '00000000000000000000000000000000': 0 pak files mounted, 0 remain pending
[2019.12.15-05.45.43:564][  0]LogPakFile: Registered encryption key '00000000000000000000000000000000': 0 pak files mounted, 0 remain pending
[2019.12.15-05.45.43:578][  0]LogPakFile: Registered encryption key '00000000000000000000000000000000': 0 pak files mounted, 0 remain pending
[2019.12.15-05.45.43:589][  0]LogPakFile: Registered encryption key '00000000000000000000000000000000': 0 pak files mounted, 0 remain pending
[2019.12.15-05.45.43:603][  0]LogPakFile: Registered encryption key '00000000000000000000000000000000': 0 pak files mounted, 0 remain pending
[2019.12.15-05.45.43:615][  0]LogPakFile: Registered encryption key '00000000000000000000000000000000': 0 pak files mounted, 0 remain pending
[2019.12.15-05.45.43:626][  0]LogPakFile: Registered encryption key '00000000000000000000000000000000': 0 pak files mounted, 0 remain pending
[2019.12.15-05.45.43:638][  0]LogPakFile: Registered encryption key '00000000000000000000000000000000': 0 pak files mounted, 0 remain pending
[2019.12.15-05.45.43:649][  0]LogPakFile: Registered encryption key '00000000000000000000000000000000': 0 pak files mounted, 0 remain pending
[2019.12.15-05.45.43:696][  0]LogPakFile: Registered encryption key '00000000000000000000000000000000': 0 pak files mounted, 0 remain pending
[2019.12.15-05.45.43:707][  0]LogPakFile: Registered encryption key '00000000000000000000000000000000': 0 pak files mounted, 0 remain pending
[2019.12.15-05.45.43:716][  0]LogPakFile: Registered encryption key '00000000000000000000000000000000': 0 pak files mounted, 0 remain pending
[2019.12.15-05.45.43:727][  0]LogPakFile: Registered encryption key '00000000000000000000000000000000': 0 pak files mounted, 0 remain pending
[2019.12.15-05.45.43:736][  0]LogPakFile: Registered encryption key '00000000000000000000000000000000': 0 pak files mounted, 0 remain pending
[2019.12.15-05.45.43:747][  0]LogPakFile: Registered encryption key '00000000000000000000000000000000': 0 pak files mounted, 0 remain pending
[2019.12.15-05.45.43:760][  0]LogPakFile: Registered encryption key '00000000000000000000000000000000': 0 pak files mounted, 0 remain pending
[2019.12.15-05.45.43:774][  0]LogPakFile: Registered encryption key '00000000000000000000000000000000': 0 pak files mounted, 0 remain pending
[2019.12.15-05.45.43:784][  0]LogPakFile: Registered encryption key '00000000000000000000000000000000': 0 pak files mounted, 0 remain pending
[2019.12.15-05.45.43:798][  0]LogPakFile: Registered encryption key '00000000000000000000000000000000': 0 pak files mounted, 0 remain pending
[2019.12.15-05.45.44:023][  0]LogContentBrowser: Native class hierarchy updated for 'AddContentDialog' in 0.0005 seconds. Added 0 classes and 0 folders.
[2019.12.15-05.45.44:034][  0]LogContentBrowser: Native class hierarchy updated for 'SceneOutliner' in 0.0006 seconds. Added 1 classes and 2 folders.
[2019.12.15-05.45.44:148][  0]LogSlate: Took 0.000194 seconds to synchronously load lazily loaded font '../../../Engine/Content/Slate/Fonts/Roboto-Regular.ttf' (155K)
[2019.12.15-05.45.44:153][  0]LogSlate: Took 0.000238 seconds to synchronously load lazily loaded font '../../../Engine/Content/Slate/Fonts/Roboto-Bold.ttf' (160K)
[2019.12.15-05.45.44:182][  0]LogSlate: Took 0.018235 seconds to synchronously load lazily loaded font '../../../Engine/Content/Editor/Slate/Fonts/FontAwesome.ttf' (139K)
[2019.12.15-05.45.44:454][  0]LogRenderer: Reallocating scene render targets to support 944x588 Format 10 NumSamples 1 (Frame:1).
[2019.12.15-05.45.44:730][  0]LogContentBrowser: Native class hierarchy updated for 'HierarchicalLODOutliner' in 0.0006 seconds. Added 0 classes and 0 folders.
[2019.12.15-05.45.44:730][  0]LogLoad: (Engine Initialization) Total time: 19.71 seconds
[2019.12.15-05.45.44:731][  0]LogLoad: (Engine Initialization) Total Blueprint compile time: 0.00 seconds
[2019.12.15-05.45.44:743][  0]LoadErrors: Warning: CreateExport: Failed to load Outer for resource 'Arrow': AGuard_C /Game/Levels/NukeLaunch.NukeLaunch:PersistentLevel.AGuard_4
[2019.12.15-05.45.44:744][  0]LoadErrors: Warning: CreateExport: Failed to load Outer for resource 'Arrow': ASpy_C /Game/Levels/NukeLaunch.NukeLaunch:PersistentLevel.Spy
[2019.12.15-05.45.44:744][  0]LoadErrors: Warning: CreateExport: Failed to load Outer for resource 'CollisionCylinder': AGuard_C /Game/Levels/NukeLaunch.NukeLaunch:PersistentLevel.AGuard_4
[2019.12.15-05.45.44:744][  0]LoadErrors: Warning: CreateExport: Failed to load Outer for resource 'CollisionCylinder': ASpy_C /Game/Levels/NukeLaunch.NukeLaunch:PersistentLevel.Spy
[2019.12.15-05.45.44:744][  0]LoadErrors: Warning: CreateExport: Failed to load Outer for resource 'CharMoveComp': AGuard_C /Game/Levels/NukeLaunch.NukeLaunch:PersistentLevel.AGuard_4
[2019.12.15-05.45.44:744][  0]LoadErrors: Warning: CreateExport: Failed to load Outer for resource 'CharMoveComp': ASpy_C /Game/Levels/NukeLaunch.NukeLaunch:PersistentLevel.Spy
[2019.12.15-05.45.44:745][  0]LoadErrors: Warning: CreateExport: Failed to load Outer for resource 'CharacterMesh0': AGuard_C /Game/Levels/NukeLaunch.NukeLaunch:PersistentLevel.AGuard_4
[2019.12.15-05.45.44:745][  0]LoadErrors: Warning: CreateExport: Failed to load Outer for resource 'CharacterMesh0': ASpy_C /Game/Levels/NukeLaunch.NukeLaunch:PersistentLevel.Spy
[2019.12.15-05.45.44:788][  0]LogAssetRegistry: Asset discovery search completed in 10.8817 seconds
[2019.12.15-05.45.44:793][  0]LogCollectionManager: Rebuilt the object cache for 0 collections in 0.000000 seconds (found 0 objects)
[2019.12.15-05.45.44:793][  0]LogCollectionManager: Fixed up redirectors for 0 collections in 0.000207 seconds (updated 0 objects)
[2019.12.15-05.45.44:795][  0]LogContentStreaming: Texture pool size now 1000 MB
[2019.12.15-05.45.44:809][  0]LogSlate: FSceneViewport::OnFocusLost() reason 2
[2019.12.15-05.45.49:546][159]LogSlate: Window 'Message Log' being destroyed
[2019.12.15-05.46.10:403][264]LogSlate: FSceneViewport::OnFocusLost() reason 0
[2019.12.15-05.46.10:704][272]Candidate modules for hot reload:
[2019.12.15-05.46.10:704][272]  CT6024AdvancedAI
[2019.12.15-05.46.10:704][272]Launching UnrealBuildTool... [C:/Program Files/Epic Games/UE_4.22/Engine/Binaries/DotNET/UnrealBuildTool.exe  -ModuleWithSuffix=CT6024AdvancedAI,9600 Win64 DebugGame -TargetType=Editor -Project="C:/Users/morga/Documents/University Level 6/CT6024 - AI/CT6024AdvancedAI/CT6024AdvancedAI.uproject" "C:/Users/morga/Documents/University Level 6/CT6024 - AI/CT6024AdvancedAI/CT6024AdvancedAI.uproject"  -IgnoreJunk]
[2019.12.15-05.46.10:706][272]Warning: Starting HotReload took  0.2s.
[2019.12.15-05.46.48:812][286]CompilerResultsLog: New page: Compilation - 15 Dec 2019 05:46:48
[2019.12.15-05.46.48:817][286]CompilerResultsLog: Creating makefile for CT6024AdvancedAIEditor (ini files are newer than makefile)
[2019.12.15-05.46.48:818][286]CompilerResultsLog: Parsing headers for CT6024AdvancedAIEditor
[2019.12.15-05.46.48:818][286]CompilerResultsLog:   Running UnrealHeaderTool "C:\Users\morga\Documents\University Level 6\CT6024 - AI\CT6024AdvancedAI\CT6024AdvancedAI.uproject" "C:\Users\morga\Documents\University Level 6\CT6024 - AI\CT6024AdvancedAI\Intermediate\Build\Win64\CT6024AdvancedAIEditor\DebugGame\CT6024AdvancedAIEditor.uhtmanifest" -LogCmds="loginit warning, logexit warning, logdatabase error" -Unattended -WarningsAsErrors -installed
[2019.12.15-05.46.48:818][286]CompilerResultsLog: Reflection code generated for CT6024AdvancedAIEditor in 21.566957 seconds
[2019.12.15-05.46.48:818][286]CompilerResultsLog: Failed to delete file 'C:\Users\morga\Documents\University Level 6\CT6024 - AI\CT6024AdvancedAI\Binaries\Win64\UE4Editor-CT6024AdvancedAI-Win64-DebugGame.pdb'
[2019.12.15-05.46.48:820][286]CompilerResultsLog:     Exception: Access to the path 'C:\Users\morga\Documents\University Level 6\CT6024 - AI\CT6024AdvancedAI\Binaries\Win64\UE4Editor-CT6024AdvancedAI-Win64-DebugGame.pdb' is denied.
[2019.12.15-05.46.48:820][286]CompilerResultsLog: Attempting to retry...
[2019.12.15-05.46.48:820][286]CompilerResultsLog: Failed to delete file 'C:\Users\morga\Documents\University Level 6\CT6024 - AI\CT6024AdvancedAI\Binaries\Win64\UE4Editor-CT6024AdvancedAI-Win64-DebugGame.pdb'
[2019.12.15-05.46.48:821][286]CompilerResultsLog:     Exception: Access to the path 'C:\Users\morga\Documents\University Level 6\CT6024 - AI\CT6024AdvancedAI\Binaries\Win64\UE4Editor-CT6024AdvancedAI-Win64-DebugGame.pdb' is denied.
[2019.12.15-05.46.48:821][286]CompilerResultsLog: Attempting to retry...
[2019.12.15-05.46.48:821][286]CompilerResultsLog: Failed to delete file 'C:\Users\morga\Documents\University Level 6\CT6024 - AI\CT6024AdvancedAI\Binaries\Win64\UE4Editor-CT6024AdvancedAI-Win64-DebugGame.pdb'
[2019.12.15-05.46.48:821][286]CompilerResultsLog:     Exception: Access to the path 'C:\Users\morga\Documents\University Level 6\CT6024 - AI\CT6024AdvancedAI\Binaries\Win64\UE4Editor-CT6024AdvancedAI-Win64-DebugGame.pdb' is denied.
[2019.12.15-05.46.48:822][286]CompilerResultsLog: ERROR: Exhausted all retries!
[2019.12.15-05.46.48:822][286]CompilerResultsLog: Using Visual Studio 2019 14.23.28105 toolchain (C:\Program Files (x86)\Microsoft Visual Studio\2019\Community\VC\Tools\MSVC\14.23.28105) and Windows 10.0.18362.0 SDK (C:\Program Files (x86)\Windows Kits\10).
[2019.12.15-05.46.48:822][286]CompilerResultsLog: Building 3 actions with 8 processes...
[2019.12.15-05.46.48:822][286]CompilerResultsLog:   [1/3] UE4Editor-CT6024AdvancedAI-9600-Win64-DebugGame.lib
[2019.12.15-05.46.48:822][286]CompilerResultsLog:      Creating library C:\Users\morga\Documents\University Level 6\CT6024 - AI\CT6024AdvancedAI\Intermediate\Build\Win64\UE4Editor\DebugGame\CT6024AdvancedAI\UE4Editor-CT6024AdvancedAI-9600-Win64-DebugGame.lib and object C:\Users\morga\Documents\University Level 6\CT6024 - AI\CT6024AdvancedAI\Intermediate\Build\Win64\UE4Editor\DebugGame\CT6024AdvancedAI\UE4Editor-CT6024AdvancedAI-9600-Win64-DebugGame.exp
[2019.12.15-05.46.48:823][286]CompilerResultsLog:   [2/3] UE4Editor-CT6024AdvancedAI-9600-Win64-DebugGame.dll
[2019.12.15-05.46.48:823][286]CompilerResultsLog:      Creating library C:\Users\morga\Documents\University Level 6\CT6024 - AI\CT6024AdvancedAI\Intermediate\Build\Win64\UE4Editor\DebugGame\CT6024AdvancedAI\UE4Editor-CT6024AdvancedAI-9600-Win64-DebugGame.suppressed.lib and object C:\Users\morga\Documents\University Level 6\CT6024 - AI\CT6024AdvancedAI\Intermediate\Build\Win64\UE4Editor\DebugGame\CT6024AdvancedAI\UE4Editor-CT6024AdvancedAI-9600-Win64-DebugGame.suppressed.exp
[2019.12.15-05.46.48:823][286]CompilerResultsLog:   [3/3] CT6024AdvancedAIEditor-Win64-DebugGame.target
[2019.12.15-05.46.48:824][286]CompilerResultsLog: Total time in Parallel executor: 4.55 seconds
[2019.12.15-05.46.48:824][286]CompilerResultsLog: Total execution time: 37.80 seconds
[2019.12.15-05.46.48:826][286]LogMainFrame: MainFrame: Module compiling took 38.126 seconds
[2019.12.15-05.46.48:865][286]LogUObjectHash: Compacting FUObjectHashTables data took   1.23ms
[2019.12.15-05.46.48:956][286]LogContentBrowser: Native class hierarchy updated for 'CT6024AdvancedAI' in 0.0008 seconds. Added 6 classes and 3 folders.
[2019.12.15-05.46.48:962][286]Display: HotReload successful (1 functions remapped  0 scriptstructs remapped)
[2019.12.15-05.46.49:118][286]LogUObjectHash: Compacting FUObjectHashTables data took   2.07ms
[2019.12.15-05.46.49:141][286]LogContentBrowser: Native class hierarchy populated in 0.0146 seconds. Added 2739 classes and 664 folders.
[2019.12.15-05.46.49:145][286]Display: HotReload took 38.6s.
[2019.12.15-05.46.51:529][408]LogUObjectHash: Compacting FUObjectHashTables data took   1.74ms
[2019.12.15-05.46.51:706][408]LogSlate: Window 'CT6024AdvancedAI [DebugGame] - Unreal Editor' being destroyed
[2019.12.15-05.46.51:707][408]LogWindowsTextInputMethodSystem: Display: IME system now deactivated.
[2019.12.15-05.46.52:153][409]Cmd: QUIT_EDITOR
[2019.12.15-05.46.52:201][409]LogExit: Preparing to exit.
[2019.12.15-05.46.52:734][409]LogExit: Editor shut down
[2019.12.15-05.46.52:735][409]LogExit: Transaction tracking system shut down
[2019.12.15-05.46.53:033][409]LogExit: Object subsystem successfully closed.
[2019.12.15-05.46.53:081][409]LogShaderCompilers: Display: Shaders left to compile 0
[2019.12.15-05.46.53:089][409]LogD3D11RHI: Shutdown
[2019.12.15-05.46.53:089][409]LogD3D11RHI: CleanupD3DDevice
[2019.12.15-05.46.53:090][409]LogRendererCore: FGlobalReadBuffer::ReleaseRHI
[2019.12.15-05.46.53:090][409]LogRendererCore: FGlobalDynamicReadBuffer::Cleanup()
[2019.12.15-05.46.53:090][409]LogRendererCore: FGlobalReadBuffer::ReleaseRHI
[2019.12.15-05.46.53:090][409]LogRendererCore: FGlobalDynamicReadBuffer::Cleanup()
[2019.12.15-05.46.53:090][409]LogRendererCore: FGlobalReadBuffer::ReleaseRHI
[2019.12.15-05.46.53:091][409]LogRendererCore: FGlobalDynamicReadBuffer::Cleanup()
[2019.12.15-05.46.53:217][409]LogD3D11RHI: ~FD3D11DynamicRHI
[2019.12.15-05.46.53:257][409]LogModuleManager: Shutting down and abandoning module CT6024AdvancedAI (645)
[2019.12.15-05.46.53:257][409]LogModuleManager: Shutting down and abandoning module HierarchicalLODOutliner (644)
[2019.12.15-05.46.53:257][409]LogModuleManager: Shutting down and abandoning module SceneOutliner (642)
[2019.12.15-05.46.53:258][409]LogModuleManager: Shutting down and abandoning module AddContentDialog (640)
[2019.12.15-05.46.53:259][409]LogModuleManager: Shutting down and abandoning module WidgetCarousel (639)
[2019.12.15-05.46.53:259][409]LogModuleManager: Shutting down and abandoning module EditorWidgets (636)
[2019.12.15-05.46.53:259][409]LogModuleManager: Shutting down and abandoning module CollectionManager (634)
[2019.12.15-05.46.53:259][409]LogModuleManager: Shutting down and abandoning module StatsViewer (632)
[2019.12.15-05.46.53:259][409]LogModuleManager: Shutting down and abandoning module FoliageEdit (630)
[2019.12.15-05.46.53:260][409]LogModuleManager: Shutting down and abandoning module LandscapeEditor (628)
[2019.12.15-05.46.53:260][409]LogModuleManager: Shutting down and abandoning module MeshPaintMode (626)
[2019.12.15-05.46.53:260][409]LogModuleManager: Shutting down and abandoning module SceneDepthPickerMode (624)
[2019.12.15-05.46.53:260][409]LogModuleManager: Shutting down and abandoning module ActorPickerMode (622)
[2019.12.15-05.46.53:260][409]LogModuleManager: Shutting down and abandoning module GeometryMode (620)
[2019.12.15-05.46.53:262][409]LogModuleManager: Shutting down and abandoning module TextureAlignMode (618)
[2019.12.15-05.46.53:265][409]LogModuleManager: Shutting down and abandoning module BspMode (616)
[2019.12.15-05.46.53:266][409]LogModuleManager: Shutting down and abandoning module PIEPreviewDeviceProfileSelector (614)
[2019.12.15-05.46.53:266][409]LogModuleManager: Shutting down and abandoning module SequenceRecorderSections (612)
[2019.12.15-05.46.53:266][409]LogModuleManager: Shutting down and abandoning module AutomationWorker (610)
[2019.12.15-05.46.53:266][409]LogModuleManager: Shutting down and abandoning module OculusMR (608)
[2019.12.15-05.46.53:266][409]LogModuleManager: Shutting down and abandoning module AudioCaptureEditor (606)
[2019.12.15-05.46.53:266][409]LogModuleManager: Shutting down and abandoning module MatineeToLevelSequence (604)
[2019.12.15-05.46.53:267][409]LogModuleManager: Shutting down and abandoning module LevelSequenceEditor (602)
[2019.12.15-05.46.53:267][409]LogModuleManager: Shutting down and abandoning module PlacementMode (601)
[2019.12.15-05.46.53:267][409]LogModuleManager: Shutting down and abandoning module MaterialEditor (600)
[2019.12.15-05.46.53:267][409]LogModuleManager: Shutting down and abandoning module ActorSequenceEditor (596)
[2019.12.15-05.46.53:267][409]LogModuleManager: Shutting down and abandoning module WmfMediaFactory (594)
[2019.12.15-05.46.53:268][409]LogModuleManager: Shutting down and abandoning module WmfMediaEditor (592)
[2019.12.15-05.46.53:268][409]LogModuleManager: Shutting down and abandoning module WebMMediaFactory (590)
[2019.12.15-05.46.53:268][409]LogModuleManager: Shutting down and abandoning module WebMMediaEditor (588)
[2019.12.15-05.46.53:268][409]LogModuleManager: Shutting down and abandoning module WebMMedia (586)
[2019.12.15-05.46.53:268][409]LogModuleManager: Shutting down and abandoning module MediaPlayerEditor (584)
[2019.12.15-05.46.53:268][409]LogModuleManager: Shutting down and abandoning module MediaCompositingEditor (582)
[2019.12.15-05.46.53:268][409]LogModuleManager: Shutting down and abandoning module SequenceRecorder (581)
[2019.12.15-05.46.53:268][409]LogModuleManager: Shutting down and abandoning module OpenExrWrapper (578)
[2019.12.15-05.46.53:269][409]LogModuleManager: Shutting down and abandoning module ImgMediaFactory (576)
[2019.12.15-05.46.53:269][409]LogModuleManager: Shutting down and abandoning module ImgMediaEditor (574)
[2019.12.15-05.46.53:269][409]LogModuleManager: Shutting down and abandoning module AvfMediaFactory (572)
[2019.12.15-05.46.53:269][409]LogModuleManager: Shutting down and abandoning module AvfMediaEditor (570)
[2019.12.15-05.46.53:269][409]LogModuleManager: Shutting down and abandoning module AndroidMediaFactory (568)
[2019.12.15-05.46.53:270][409]LogModuleManager: Shutting down and abandoning module AndroidMediaEditor (566)
[2019.12.15-05.46.53:270][409]LogModuleManager: Shutting down and abandoning module MagicLeapCameraPreviewFactory (564)
[2019.12.15-05.46.53:270][409]LogModuleManager: Shutting down and abandoning module MagicLeapMediaCodecFactory (562)
[2019.12.15-05.46.53:270][409]LogModuleManager: Shutting down and abandoning module MagicLeapMediaFactory (560)
[2019.12.15-05.46.53:270][409]LogModuleManager: Shutting down and abandoning module MagicLeapMediaEditor (558)
[2019.12.15-05.46.53:270][409]LogModuleManager: Shutting down and abandoning module CharacterAI (556)
[2019.12.15-05.46.53:270][409]LogModuleManager: Shutting down and abandoning module SmartSnapping (554)
[2019.12.15-05.46.53:270][409]LogModuleManager: Shutting down and abandoning module SessionServices (552)
[2019.12.15-05.46.53:271][409]LogModuleManager: Shutting down and abandoning module MeshPaint (550)
[2019.12.15-05.46.53:271][409]LogModuleManager: Shutting down and abandoning module ViewportSnapping (548)
[2019.12.15-05.46.53:271][409]LogModuleManager: Shutting down and abandoning module ViewportInteraction (546)
[2019.12.15-05.46.53:271][409]LogModuleManager: Shutting down and abandoning module ClothPainter (544)
[2019.12.15-05.46.53:271][409]LogModuleManager: Shutting down and abandoning module SkeletalMeshEditor (543)
[2019.12.15-05.46.53:271][409]LogModuleManager: Shutting down and abandoning module LogVisualizer (540)
[2019.12.15-05.46.53:271][409]LogModuleManager: Shutting down and abandoning module IntroTutorials (538)
[2019.12.15-05.46.53:272][409]LogModuleManager: Shutting down and abandoning module GameProjectGeneration (537)
[2019.12.15-05.46.53:272][409]LogModuleManager: Shutting down and abandoning module LuminPlatformEditor (534)
[2019.12.15-05.46.53:272][409]LogModuleManager: Shutting down and abandoning module IOSPlatformEditor (532)
[2019.12.15-05.46.53:272][409]LogModuleManager: Shutting down and abandoning module HTML5PlatformEditor (530)
[2019.12.15-05.46.53:272][409]LogModuleManager: Shutting down and abandoning module AndroidPlatformEditor (528)
[2019.12.15-05.46.53:272][409]LogModuleManager: Shutting down and abandoning module AndroidDeviceDetection (527)
