Log file open, 12/22/19 01:26:02
LogWindows: Failed to load 'aqProf.dll' (GetLastError=126)
LogWindows: File 'aqProf.dll' does not exist
LogWindows: Failed to load 'VtuneApi.dll' (GetLastError=126)
LogWindows: File 'VtuneApi.dll' does not exist
LogWindows: Failed to load 'VtuneApi32e.dll' (GetLastError=126)
LogWindows: File 'VtuneApi32e.dll' does not exist
LogConsoleResponse: Display: Failed to find resolution value strings in scalability ini. Falling back to default.
LogInit: Display: Running engine for game: CT6024AdvancedAI
LogPakFile: Registered encryption key '00000000000000000000000000000000': 0 pak files mounted, 0 remain pending
LogPlatformFile: Not using cached read wrapper
LogTaskGraph: Started task graph with 5 named threads and 23 total threads with 3 sets of task threads.
LogStats: Stats thread started at 0.337646
LogD3D11RHI: Loaded GFSDK_Aftermath_Lib.x64.dll
LogICUInternationalization: ICU TimeZone Detection - Raw Offset: +1:00, Platform Override: ''
LogPluginManager: Mounting plugin Paper2D
LogPluginManager: Mounting plugin AISupport
LogPluginManager: Mounting plugin LightPropagationVolume
LogPluginManager: Mounting plugin ActorLayerUtilities
LogPluginManager: Mounting plugin AnimationSharing
LogPluginManager: Mounting plugin CLionSourceCodeAccess
LogPluginManager: Mounting plugin CodeLiteSourceCodeAccess
LogPluginManager: Mounting plugin GitSourceControl
LogPluginManager: Mounting plugin KDevelopSourceCodeAccess
LogPluginManager: Mounting plugin NullSourceCodeAccess
LogPluginManager: Mounting plugin PerforceSourceControl
LogPluginManager: Mounting plugin SubversionSourceControl
LogPluginManager: Mounting plugin UObjectPlugin
LogPluginManager: Mounting plugin VisualStudioCodeSourceCodeAccess
LogPluginManager: Mounting plugin VisualStudioSourceCodeAccess
LogPluginManager: Mounting plugin XCodeSourceCodeAccess
LogPluginManager: Mounting plugin AssetManagerEditor
LogPluginManager: Mounting plugin CryptoKeys
LogPluginManager: Mounting plugin DataValidation
LogPluginManager: Mounting plugin FacialAnimation
LogPluginManager: Mounting plugin GameplayTagsEditor
LogPluginManager: Mounting plugin MacGraphicsSwitching
LogPluginManager: Mounting plugin MaterialAnalyzer
LogPluginManager: Mounting plugin MobileLauncherProfileWizard
LogPluginManager: Mounting plugin PluginBrowser
LogPluginManager: Mounting plugin SpeedTreeImporter
LogPluginManager: Mounting plugin DatasmithContent
LogPluginManager: Mounting plugin VariantManagerContent
LogPluginManager: Mounting plugin AlembicImporter
LogPluginManager: Mounting plugin AppleImageUtils
LogPluginManager: Mounting plugin AppleVision
LogPluginManager: Mounting plugin BackChannel
LogPluginManager: Mounting plugin CharacterAI
LogPluginManager: Mounting plugin GeometryCache
LogPluginManager: Mounting plugin HTML5Networking
LogPluginManager: Mounting plugin ProxyLODPlugin
LogPluginManager: Mounting plugin SkeletalReduction
LogPluginManager: Mounting plugin MagicLeap
LogPluginManager: Mounting plugin MagicLeapMedia
LogPluginManager: Mounting plugin AndroidMedia
LogPluginManager: Mounting plugin AvfMedia
LogPluginManager: Mounting plugin ImgMedia
LogPluginManager: Mounting plugin LinearTimecode
LogPluginManager: Mounting plugin MediaCompositing
LogPluginManager: Mounting plugin MediaPlayerEditor
LogPluginManager: Mounting plugin WebMMedia
LogPluginManager: Mounting plugin WmfMedia
LogPluginManager: Mounting plugin TcpMessaging
LogPluginManager: Mounting plugin UdpMessaging
LogPluginManager: Mounting plugin ActorSequence
LogPluginManager: Mounting plugin LevelSequenceEditor
LogPluginManager: Mounting plugin MatineeToLevelSequence
LogPluginManager: Mounting plugin NetcodeUnitTest
LogPluginManager: Mounting plugin NUTUnrealEngine4
LogPluginManager: Mounting plugin OnlineSubsystemGooglePlay
LogPluginManager: Mounting plugin OnlineSubsystemIOS
LogPluginManager: Mounting plugin OnlineSubsystem
LogPluginManager: Mounting plugin OnlineSubsystemNull
LogPluginManager: Mounting plugin OnlineSubsystemUtils
LogPluginManager: Mounting plugin LauncherChunkInstaller
LogPluginManager: Mounting plugin AndroidDeviceProfileSelector
LogPluginManager: Mounting plugin AndroidMoviePlayer
LogPluginManager: Mounting plugin AndroidPermission
LogPluginManager: Mounting plugin AppleMoviePlayer
LogPluginManager: Mounting plugin ArchVisCharacter
LogPluginManager: Mounting plugin AudioCapture
LogPluginManager: Mounting plugin CableComponent
LogPluginManager: Mounting plugin CustomMeshComponent
LogPluginManager: Mounting plugin EditableMesh
LogPluginManager: Mounting plugin ExampleDeviceProfileSelector
LogPluginManager: Mounting plugin Firebase
LogPluginManager: Mounting plugin GoogleCloudMessaging
LogPluginManager: Mounting plugin IOSDeviceProfileSelector
LogPluginManager: Mounting plugin LinuxDeviceProfileSelector
LogPluginManager: Mounting plugin LocationServicesBPLibrary
LogPluginManager: Mounting plugin MobilePatchingUtils
LogPluginManager: Mounting plugin OculusVR
LogPluginManager: Mounting plugin PhysXVehicles
LogPluginManager: Mounting plugin ProceduralMeshComponent
LogPluginManager: Mounting plugin RuntimePhysXCooking
LogPluginManager: Mounting plugin SignificanceManager
LogPluginManager: Mounting plugin SteamVR
LogPluginManager: Mounting plugin WebMMoviePlayer
LogPluginManager: Mounting plugin WindowsMoviePlayer
LogInit: Using libcurl 7.55.1-DEV
LogInit:  - built for x86_64-pc-win32
LogInit:  - supports SSL with OpenSSL/1.1.1
LogInit:  - supports HTTP deflate (compression) using libz 1.2.8
LogInit:  - other features:
LogInit:      CURL_VERSION_SSL
LogInit:      CURL_VERSION_LIBZ
LogInit:      CURL_VERSION_IPV6
LogInit:      CURL_VERSION_ASYNCHDNS
LogInit:      CURL_VERSION_LARGEFILE
LogInit:      CURL_VERSION_IDN
LogInit:  CurlRequestOptions (configurable via config and command line):
LogInit:  - bVerifyPeer = true  - Libcurl will verify peer certificate
LogInit:  - bUseHttpProxy = false  - Libcurl will NOT use HTTP proxy
LogInit:  - bDontReuseConnections = false  - Libcurl will reuse connections
LogInit:  - MaxHostConnections = 16  - Libcurl will limit the number of connections to a host
LogInit:  - LocalHostAddr = Default
LogInit:  - BufferSize = 65536
LogInit: WinSock: version 1.1 (2.2), MaxSocks=32767, MaxUdp=65467
LogInit: Build: ++UE4+Release-4.22-CL-7053642
LogInit: Engine Version: 4.22.3-7053642+++UE4+Release-4.22
LogInit: Compatible Engine Version: 4.22.0-5660361+++UE4+Release-4.22
LogInit: Net CL: 5660361
LogInit: OS: Windows 10 (Release 1909) (), CPU: Intel(R) Core(TM) i7-8650U CPU @ 1.90GHz, GPU: Intel(R) UHD Graphics 620
LogInit: Compiled (64-bit): Jun 18 2019 03:09:11
LogInit: Compiled with Visual C++: 19.16.27025.01
LogInit: Build Configuration: Development
LogInit: Branch Name: ++UE4+Release-4.22
LogInit: Command Line: 
LogInit: Base Directory: C:/Program Files/Epic Games/UE_4.22/Engine/Binaries/Win64/
LogInit: Installed Engine Build: 1
LogDevObjectVersion: Number of dev versions registered: 23
LogDevObjectVersion:   Dev-Blueprints (B0D832E4-1F89-4F0D-ACCF-7EB736FD4AA2): 10
LogDevObjectVersion:   Dev-Build (E1C64328-A22C-4D53-A36C-8E866417BD8C): 0
LogDevObjectVersion:   Dev-Core (375EC13C-06E4-48FB-B500-84F0262A717E): 3
LogDevObjectVersion:   Dev-Editor (E4B068ED-F494-42E9-A231-DA0B2E46BB41): 30
LogDevObjectVersion:   Dev-Framework (CFFC743F-43B0-4480-9391-14DF171D2073): 35
LogDevObjectVersion:   Dev-Mobile (B02B49B5-BB20-44E9-A304-32B752E40360): 2
LogDevObjectVersion:   Dev-Networking (A4E4105C-59A1-49B5-A7C5-40C4547EDFEE): 0
LogDevObjectVersion:   Dev-Online (39C831C9-5AE6-47DC-9A44-9C173E1C8E7C): 0
LogDevObjectVersion:   Dev-Physics (78F01B33-EBEA-4F98-B9B4-84EACCB95AA2): 0
LogDevObjectVersion:   Dev-Platform (6631380F-2D4D-43E0-8009-CF276956A95A): 0
LogDevObjectVersion:   Dev-Rendering (12F88B9F-8875-4AFC-A67C-D90C383ABD29): 28
LogDevObjectVersion:   Dev-Sequencer (7B5AE74C-D270-4C10-A958-57980B212A5A): 11
LogDevObjectVersion:   Dev-VR (D7296918-1DD6-4BDD-9DE2-64A83CC13884): 2
LogDevObjectVersion:   Dev-LoadTimes (C2A15278-BFE7-4AFE-6C17-90FF531DF755): 1
LogDevObjectVersion:   Private-Geometry (6EACA3D4-40EC-4CC1-B786-8BED09428FC5): 3
LogDevObjectVersion:   Dev-AnimPhys (29E575DD-E0A3-4627-9D10-D276232CDCEA): 17
LogDevObjectVersion:   Dev-Anim (AF43A65D-7FD3-4947-9873-3E8ED9C1BB05): 2
LogDevObjectVersion:   Dev-ReflectionCapture (6B266CEC-1EC7-4B8F-A30B-E4D90942FC07): 1
LogDevObjectVersion:   Dev-Automation (0DF73D61-A23F-47EA-B727-89E90C41499A): 1
LogDevObjectVersion:   FortniteMain (601D1886-AC64-4F84-AA16-D3DE0DEAC7D6): 25
LogDevObjectVersion:   Dev-Enterprise (9DFFBCD6-494F-0158-E221-12823C92A888): 6
LogDevObjectVersion:   Dev-Niagara (F2AED0AC-9AFE-416F-8664-AA7FFA26D6FC): 1
LogDevObjectVersion:   Dev-Destruction (174F1F0B-B4C6-45A5-B13F-2EE8D0FB917D): 2
LogInit: Presizing for max 16777216 objects, including 0 objects not considered by GC, pre-allocating 0 bytes for permanent pool.
LogInit: Object subsystem initialized
LogConfig: Setting CVar [[con.DebugEarlyDefault:1]]
LogConfig: Setting CVar [[r.setres:1280x720]]
[2019.12.22-00.26.03:338][  0]LogConfig: Setting CVar [[r.VSync:0]]
[2019.12.22-00.26.03:338][  0]LogConfig: Setting CVar [[r.RHICmdBypass:0]]
[2019.12.22-00.26.03:338][  0]LogConfig: Applying CVar settings from Section [/Script/Engine.RendererSettings] File [C:/Users/morga/Documents/University Level 6/CT6024 - AI/Unreal-Ai/CT6024AdvancedAI/Saved/Config/Windows/Engine.ini]
[2019.12.22-00.26.03:338][  0]LogConfig: Setting CVar [[r.GPUCrashDebugging:0]]
[2019.12.22-00.26.03:338][  0]LogConfig: Applying CVar settings from Section [/Script/Engine.RendererOverrideSettings] File [C:/Users/morga/Documents/University Level 6/CT6024 - AI/Unreal-Ai/CT6024AdvancedAI/Saved/Config/Windows/Engine.ini]
[2019.12.22-00.26.03:338][  0]LogConfig: Applying CVar settings from Section [/Script/Engine.StreamingSettings] File [C:/Users/morga/Documents/University Level 6/CT6024 - AI/Unreal-Ai/CT6024AdvancedAI/Saved/Config/Windows/Engine.ini]
[2019.12.22-00.26.03:338][  0]LogConfig: Setting CVar [[s.MinBulkDataSizeForAsyncLoading:131072]]
[2019.12.22-00.26.03:338][  0]LogConfig: Setting CVar [[s.AsyncLoadingThreadEnabled:0]]
[2019.12.22-00.26.03:338][  0]LogConfig: Setting CVar [[s.EventDrivenLoaderEnabled:1]]
[2019.12.22-00.26.03:338][  0]LogConfig: Setting CVar [[s.WarnIfTimeLimitExceeded:0]]
[2019.12.22-00.26.03:338][  0]LogConfig: Setting CVar [[s.TimeLimitExceededMultiplier:1.5]]
[2019.12.22-00.26.03:338][  0]LogConfig: Setting CVar [[s.TimeLimitExceededMinTime:0.005]]
[2019.12.22-00.26.03:338][  0]LogConfig: Setting CVar [[s.UseBackgroundLevelStreaming:1]]
[2019.12.22-00.26.03:338][  0]LogConfig: Setting CVar [[s.PriorityAsyncLoadingExtraTime:15.0]]
[2019.12.22-00.26.03:338][  0]LogConfig: Setting CVar [[s.LevelStreamingActorsUpdateTimeLimit:5.0]]
[2019.12.22-00.26.03:338][  0]LogConfig: Setting CVar [[s.PriorityLevelStreamingActorsUpdateExtraTime:5.0]]
[2019.12.22-00.26.03:338][  0]LogConfig: Setting CVar [[s.LevelStreamingComponentsRegistrationGranularity:10]]
[2019.12.22-00.26.03:338][  0]LogConfig: Setting CVar [[s.UnregisterComponentsTimeLimit:1.0]]
[2019.12.22-00.26.03:338][  0]LogConfig: Setting CVar [[s.LevelStreamingComponentsUnregistrationGranularity:5]]
[2019.12.22-00.26.03:338][  0]LogConfig: Applying CVar settings from Section [/Script/Engine.GarbageCollectionSettings] File [C:/Users/morga/Documents/University Level 6/CT6024 - AI/Unreal-Ai/CT6024AdvancedAI/Saved/Config/Windows/Engine.ini]
[2019.12.22-00.26.03:338][  0]LogConfig: Setting CVar [[gc.MaxObjectsNotConsideredByGC:1]]
[2019.12.22-00.26.03:338][  0]LogConfig: Setting CVar [[gc.SizeOfPermanentObjectPool:0]]
[2019.12.22-00.26.03:338][  0]LogConfig: Setting CVar [[gc.FlushStreamingOnGC:0]]
[2019.12.22-00.26.03:338][  0]LogConfig: Setting CVar [[gc.NumRetriesBeforeForcingGC:10]]
[2019.12.22-00.26.03:338][  0]LogConfig: Setting CVar [[gc.AllowParallelGC:1]]
[2019.12.22-00.26.03:338][  0]LogConfig: Setting CVar [[gc.TimeBetweenPurgingPendingKillObjects:61.1]]
[2019.12.22-00.26.03:338][  0]LogConfig: Setting CVar [[gc.MaxObjectsInEditor:16777216]]
[2019.12.22-00.26.03:339][  0]LogConfig: Setting CVar [[gc.IncrementalBeginDestroyEnabled:1]]
[2019.12.22-00.26.03:339][  0]LogConfig: Setting CVar [[gc.CreateGCClusters:1]]
[2019.12.22-00.26.03:339][  0]LogConfig: Setting CVar [[gc.MinGCClusterSize:5]]
[2019.12.22-00.26.03:339][  0]LogConfig: Setting CVar [[gc.ActorClusteringEnabled:0]]
[2019.12.22-00.26.03:339][  0]LogConfig: Setting CVar [[gc.BlueprintClusteringEnabled:0]]
[2019.12.22-00.26.03:339][  0]LogConfig: Setting CVar [[gc.UseDisregardForGCOnDedicatedServers:0]]
[2019.12.22-00.26.03:339][  0]LogConfig: Applying CVar settings from Section [/Script/Engine.NetworkSettings] File [C:/Users/morga/Documents/University Level 6/CT6024 - AI/Unreal-Ai/CT6024AdvancedAI/Saved/Config/Windows/Engine.ini]
[2019.12.22-00.26.03:339][  0]LogConfig: Applying CVar settings from Section [/Script/UnrealEd.CookerSettings] File [C:/Users/morga/Documents/University Level 6/CT6024 - AI/Unreal-Ai/CT6024AdvancedAI/Saved/Config/Windows/Engine.ini]
[2019.12.22-00.26.03:345][  0]LogConfig: Applying CVar settings from Section [ViewDistanceQuality@3] File [C:/Users/morga/Documents/University Level 6/CT6024 - AI/Unreal-Ai/CT6024AdvancedAI/Saved/Config/Windows/Scalability.ini]
[2019.12.22-00.26.03:345][  0]LogConfig: Setting CVar [[r.SkeletalMeshLODBias:0]]
[2019.12.22-00.26.03:345][  0]LogConfig: Setting CVar [[r.ViewDistanceScale:1.0]]
[2019.12.22-00.26.03:345][  0]LogConfig: Applying CVar settings from Section [AntiAliasingQuality@3] File [C:/Users/morga/Documents/University Level 6/CT6024 - AI/Unreal-Ai/CT6024AdvancedAI/Saved/Config/Windows/Scalability.ini]
[2019.12.22-00.26.03:345][  0]LogConfig: Setting CVar [[r.PostProcessAAQuality:4]]
[2019.12.22-00.26.03:345][  0]LogConfig: Applying CVar settings from Section [ShadowQuality@3] File [C:/Users/morga/Documents/University Level 6/CT6024 - AI/Unreal-Ai/CT6024AdvancedAI/Saved/Config/Windows/Scalability.ini]
[2019.12.22-00.26.03:345][  0]LogConfig: Setting CVar [[r.LightFunctionQuality:1]]
[2019.12.22-00.26.03:345][  0]LogConfig: Setting CVar [[r.ShadowQuality:5]]
[2019.12.22-00.26.03:345][  0]LogConfig: Setting CVar [[r.Shadow.CSM.MaxCascades:10]]
[2019.12.22-00.26.03:345][  0]LogConfig: Setting CVar [[r.Shadow.MaxResolution:2048]]
[2019.12.22-00.26.03:345][  0]LogConfig: Setting CVar [[r.Shadow.MaxCSMResolution:2048]]
[2019.12.22-00.26.03:345][  0]LogConfig: Setting CVar [[r.Shadow.RadiusThreshold:0.01]]
[2019.12.22-00.26.03:346][  0]LogConfig: Setting CVar [[r.Shadow.DistanceScale:1.0]]
[2019.12.22-00.26.03:346][  0]LogConfig: Setting CVar [[r.Shadow.CSM.TransitionScale:1.0]]
[2019.12.22-00.26.03:346][  0]LogConfig: Setting CVar [[r.Shadow.PreShadowResolutionFactor:1.0]]
[2019.12.22-00.26.03:346][  0]LogConfig: Setting CVar [[r.DistanceFieldShadowing:1]]
[2019.12.22-00.26.03:346][  0]LogConfig: Setting CVar [[r.DistanceFieldAO:1]]
[2019.12.22-00.26.03:346][  0]LogConfig: Setting CVar [[r.AOQuality:2]]
[2019.12.22-00.26.03:346][  0]LogConfig: Setting CVar [[r.VolumetricFog:1]]
[2019.12.22-00.26.03:346][  0]LogConfig: Setting CVar [[r.VolumetricFog.GridPixelSize:8]]
[2019.12.22-00.26.03:346][  0]LogConfig: Setting CVar [[r.VolumetricFog.GridSizeZ:128]]
[2019.12.22-00.26.03:346][  0]LogConfig: Setting CVar [[r.VolumetricFog.HistoryMissSupersampleCount:4]]
[2019.12.22-00.26.03:346][  0]LogConfig: Setting CVar [[r.LightMaxDrawDistanceScale:1]]
[2019.12.22-00.26.03:346][  0]LogConfig: Setting CVar [[r.CapsuleShadows:1]]
[2019.12.22-00.26.03:346][  0]LogConfig: Applying CVar settings from Section [PostProcessQuality@3] File [C:/Users/morga/Documents/University Level 6/CT6024 - AI/Unreal-Ai/CT6024AdvancedAI/Saved/Config/Windows/Scalability.ini]
[2019.12.22-00.26.03:346][  0]LogConfig: Setting CVar [[r.MotionBlurQuality:4]]
[2019.12.22-00.26.03:346][  0]LogConfig: Setting CVar [[r.AmbientOcclusionMipLevelFactor:0.4]]
[2019.12.22-00.26.03:346][  0]LogConfig: Setting CVar [[r.AmbientOcclusionMaxQuality:100]]
[2019.12.22-00.26.03:346][  0]LogConfig: Setting CVar [[r.AmbientOcclusionLevels:-1]]
[2019.12.22-00.26.03:346][  0]LogConfig: Setting CVar [[r.AmbientOcclusionRadiusScale:1.0]]
[2019.12.22-00.26.03:346][  0]LogConfig: Setting CVar [[r.DepthOfFieldQuality:2]]
[2019.12.22-00.26.03:347][  0]LogConfig: Setting CVar [[r.RenderTargetPoolMin:400]]
[2019.12.22-00.26.03:347][  0]LogConfig: Setting CVar [[r.LensFlareQuality:2]]
[2019.12.22-00.26.03:347][  0]LogConfig: Setting CVar [[r.SceneColorFringeQuality:1]]
[2019.12.22-00.26.03:347][  0]LogConfig: Setting CVar [[r.EyeAdaptationQuality:2]]
[2019.12.22-00.26.03:347][  0]LogConfig: Setting CVar [[r.BloomQuality:5]]
[2019.12.22-00.26.03:347][  0]LogConfig: Setting CVar [[r.FastBlurThreshold:100]]
[2019.12.22-00.26.03:347][  0]LogConfig: Setting CVar [[r.Upscale.Quality:3]]
[2019.12.22-00.26.03:347][  0]LogConfig: Setting CVar [[r.Tonemapper.GrainQuantization:1]]
[2019.12.22-00.26.03:347][  0]LogConfig: Setting CVar [[r.LightShaftQuality:1]]
[2019.12.22-00.26.03:347][  0]LogConfig: Setting CVar [[r.Filter.SizeScale:1]]
[2019.12.22-00.26.03:347][  0]LogConfig: Setting CVar [[r.Tonemapper.Quality:5]]
[2019.12.22-00.26.03:347][  0]LogConfig: Setting CVar [[r.DOF.Gather.AccumulatorQuality:1        ; higher gathering accumulator quality]]
[2019.12.22-00.26.03:347][  0]LogConfig: Setting CVar [[r.DOF.Gather.PostfilterMethod:1          ; Median3x3 postfilering method]]
[2019.12.22-00.26.03:347][  0]LogConfig: Setting CVar [[r.DOF.Gather.EnableBokehSettings:0       ; no bokeh simulation when gathering]]
[2019.12.22-00.26.03:347][  0]LogConfig: Setting CVar [[r.DOF.Gather.RingCount:4                 ; medium number of samples when gathering]]
[2019.12.22-00.26.03:347][  0]LogConfig: Setting CVar [[r.DOF.Scatter.ForegroundCompositing:1    ; additive foreground scattering]]
[2019.12.22-00.26.03:347][  0]LogConfig: Setting CVar [[r.DOF.Scatter.BackgroundCompositing:2    ; additive background scattering]]
[2019.12.22-00.26.03:347][  0]LogConfig: Setting CVar [[r.DOF.Scatter.EnableBokehSettings:1      ; bokeh simulation when scattering]]
[2019.12.22-00.26.03:348][  0]LogConfig: Setting CVar [[r.DOF.Scatter.MaxSpriteRatio:0.1         ; only a maximum of 10% of scattered bokeh]]
[2019.12.22-00.26.03:348][  0]LogConfig: Setting CVar [[r.DOF.Recombine.Quality:1                ; cheap slight out of focus]]
[2019.12.22-00.26.03:348][  0]LogConfig: Setting CVar [[r.DOF.Recombine.EnableBokehSettings:0    ; no bokeh simulation on slight out of focus]]
[2019.12.22-00.26.03:348][  0]LogConfig: Setting CVar [[r.DOF.TemporalAAQuality:1                ; more stable temporal accumulation]]
[2019.12.22-00.26.03:348][  0]LogConfig: Setting CVar [[r.DOF.Kernel.MaxForegroundRadius:0.025]]
[2019.12.22-00.26.03:348][  0]LogConfig: Setting CVar [[r.DOF.Kernel.MaxBackgroundRadius:0.025]]
[2019.12.22-00.26.03:348][  0]LogConfig: Applying CVar settings from Section [TextureQuality@3] File [C:/Users/morga/Documents/University Level 6/CT6024 - AI/Unreal-Ai/CT6024AdvancedAI/Saved/Config/Windows/Scalability.ini]
[2019.12.22-00.26.03:348][  0]LogConfig: Setting CVar [[r.Streaming.MipBias:0]]
[2019.12.22-00.26.03:348][  0]LogConfig: Setting CVar [[r.Streaming.AmortizeCPUToGPUCopy:0]]
[2019.12.22-00.26.03:348][  0]LogConfig: Setting CVar [[r.Streaming.MaxNumTexturesToStreamPerFrame:0]]
[2019.12.22-00.26.03:348][  0]LogConfig: Setting CVar [[r.Streaming.Boost:1]]
[2019.12.22-00.26.03:348][  0]LogConfig: Setting CVar [[r.MaxAnisotropy:8]]
[2019.12.22-00.26.03:348][  0]LogConfig: Setting CVar [[r.Streaming.LimitPoolSizeToVRAM:0]]
[2019.12.22-00.26.03:348][  0]LogConfig: Setting CVar [[r.Streaming.PoolSize:1000]]
[2019.12.22-00.26.03:348][  0]LogConfig: Setting CVar [[r.Streaming.MaxEffectiveScreenSize:0]]
[2019.12.22-00.26.03:348][  0]LogConfig: Applying CVar settings from Section [EffectsQuality@3] File [C:/Users/morga/Documents/University Level 6/CT6024 - AI/Unreal-Ai/CT6024AdvancedAI/Saved/Config/Windows/Scalability.ini]
[2019.12.22-00.26.03:348][  0]LogConfig: Setting CVar [[r.TranslucencyLightingVolumeDim:64]]
[2019.12.22-00.26.03:348][  0]LogConfig: Setting CVar [[r.RefractionQuality:2]]
[2019.12.22-00.26.03:348][  0]LogConfig: Setting CVar [[r.SSR.Quality:3]]
[2019.12.22-00.26.03:348][  0]LogConfig: Setting CVar [[r.SceneColorFormat:4]]
[2019.12.22-00.26.03:348][  0]LogConfig: Setting CVar [[r.DetailMode:2]]
[2019.12.22-00.26.03:348][  0]LogConfig: Setting CVar [[r.TranslucencyVolumeBlur:1]]
[2019.12.22-00.26.03:348][  0]LogConfig: Setting CVar [[r.MaterialQualityLevel:1 ; High quality]]
[2019.12.22-00.26.03:348][  0]LogConfig: Setting CVar [[r.SSS.Scale:1]]
[2019.12.22-00.26.03:348][  0]LogConfig: Setting CVar [[r.SSS.SampleSet:2]]
[2019.12.22-00.26.03:348][  0]LogConfig: Setting CVar [[r.SSS.Quality:1]]
[2019.12.22-00.26.03:348][  0]LogConfig: Setting CVar [[r.SSS.HalfRes:1]]
[2019.12.22-00.26.03:348][  0]LogConfig: Setting CVar [[r.EmitterSpawnRateScale:1.0]]
[2019.12.22-00.26.03:348][  0]LogConfig: Setting CVar [[r.ParticleLightQuality:2]]
[2019.12.22-00.26.03:348][  0]LogConfig: Applying CVar settings from Section [FoliageQuality@3] File [C:/Users/morga/Documents/University Level 6/CT6024 - AI/Unreal-Ai/CT6024AdvancedAI/Saved/Config/Windows/Scalability.ini]
[2019.12.22-00.26.03:348][  0]LogConfig: Setting CVar [[foliage.DensityScale:1.0]]
[2019.12.22-00.26.03:348][  0]LogConfig: Setting CVar [[grass.DensityScale:1.0]]
[2019.12.22-00.26.03:348][  0]LogInit: Selected Device Profile: [Windows]
[2019.12.22-00.26.03:348][  0]LogInit: Applying CVar settings loaded from the selected device profile: [Windows]
[2019.12.22-00.26.03:376][  0]LogHAL: Display: Platform has ~ 16 GB [17101139968 / 17179869184 / 16], which maps to Larger [LargestMinGB=32, LargerMinGB=12, DefaultMinGB=8, SmallerMinGB=6, SmallestMinGB=0)
[2019.12.22-00.26.03:376][  0]LogConfig: Setting CVar [[r.Vulkan.UseRealUBs:0		; Required until we fix HLR fall-out]]
[2019.12.22-00.26.03:376][  0]LogInit: Going up to parent DeviceProfile []
[2019.12.22-00.26.03:376][  0]LogConfig: Applying CVar settings from Section [ViewDistanceQuality@3] File [C:/Users/morga/Documents/University Level 6/CT6024 - AI/Unreal-Ai/CT6024AdvancedAI/Saved/Config/Windows/Scalability.ini]
[2019.12.22-00.26.03:376][  0]LogConfig: Setting CVar [[r.SkeletalMeshLODBias:0]]
[2019.12.22-00.26.03:376][  0]LogConfig: Setting CVar [[r.ViewDistanceScale:1.0]]
[2019.12.22-00.26.03:376][  0]LogConfig: Applying CVar settings from Section [AntiAliasingQuality@3] File [C:/Users/morga/Documents/University Level 6/CT6024 - AI/Unreal-Ai/CT6024AdvancedAI/Saved/Config/Windows/Scalability.ini]
[2019.12.22-00.26.03:376][  0]LogConfig: Setting CVar [[r.PostProcessAAQuality:4]]
[2019.12.22-00.26.03:376][  0]LogConfig: Applying CVar settings from Section [ShadowQuality@3] File [C:/Users/morga/Documents/University Level 6/CT6024 - AI/Unreal-Ai/CT6024AdvancedAI/Saved/Config/Windows/Scalability.ini]
[2019.12.22-00.26.03:376][  0]LogConfig: Setting CVar [[r.LightFunctionQuality:1]]
[2019.12.22-00.26.03:376][  0]LogConfig: Setting CVar [[r.ShadowQuality:5]]
[2019.12.22-00.26.03:376][  0]LogConfig: Setting CVar [[r.Shadow.CSM.MaxCascades:10]]
[2019.12.22-00.26.03:377][  0]LogConfig: Setting CVar [[r.Shadow.MaxResolution:2048]]
[2019.12.22-00.26.03:377][  0]LogConfig: Setting CVar [[r.Shadow.MaxCSMResolution:2048]]
[2019.12.22-00.26.03:377][  0]LogConfig: Setting CVar [[r.Shadow.RadiusThreshold:0.01]]
[2019.12.22-00.26.03:377][  0]LogConfig: Setting CVar [[r.Shadow.DistanceScale:1.0]]
[2019.12.22-00.26.03:377][  0]LogConfig: Setting CVar [[r.Shadow.CSM.TransitionScale:1.0]]
[2019.12.22-00.26.03:377][  0]LogConfig: Setting CVar [[r.Shadow.PreShadowResolutionFactor:1.0]]
[2019.12.22-00.26.03:377][  0]LogConfig: Setting CVar [[r.DistanceFieldShadowing:1]]
[2019.12.22-00.26.03:377][  0]LogConfig: Setting CVar [[r.DistanceFieldAO:1]]
[2019.12.22-00.26.03:377][  0]LogConfig: Setting CVar [[r.AOQuality:2]]
[2019.12.22-00.26.03:377][  0]LogConfig: Setting CVar [[r.VolumetricFog:1]]
[2019.12.22-00.26.03:377][  0]LogConfig: Setting CVar [[r.VolumetricFog.GridPixelSize:8]]
[2019.12.22-00.26.03:377][  0]LogConfig: Setting CVar [[r.VolumetricFog.GridSizeZ:128]]
[2019.12.22-00.26.03:377][  0]LogConfig: Setting CVar [[r.VolumetricFog.HistoryMissSupersampleCount:4]]
[2019.12.22-00.26.03:377][  0]LogConfig: Setting CVar [[r.LightMaxDrawDistanceScale:1]]
[2019.12.22-00.26.03:377][  0]LogConfig: Setting CVar [[r.CapsuleShadows:1]]
[2019.12.22-00.26.03:377][  0]LogConfig: Applying CVar settings from Section [PostProcessQuality@3] File [C:/Users/morga/Documents/University Level 6/CT6024 - AI/Unreal-Ai/CT6024AdvancedAI/Saved/Config/Windows/Scalability.ini]
[2019.12.22-00.26.03:377][  0]LogConfig: Setting CVar [[r.MotionBlurQuality:4]]
[2019.12.22-00.26.03:377][  0]LogConfig: Setting CVar [[r.AmbientOcclusionMipLevelFactor:0.4]]
[2019.12.22-00.26.03:377][  0]LogConfig: Setting CVar [[r.AmbientOcclusionMaxQuality:100]]
[2019.12.22-00.26.03:377][  0]LogConfig: Setting CVar [[r.AmbientOcclusionLevels:-1]]
[2019.12.22-00.26.03:377][  0]LogConfig: Setting CVar [[r.AmbientOcclusionRadiusScale:1.0]]
[2019.12.22-00.26.03:377][  0]LogConfig: Setting CVar [[r.DepthOfFieldQuality:2]]
[2019.12.22-00.26.03:378][  0]LogConfig: Setting CVar [[r.RenderTargetPoolMin:400]]
[2019.12.22-00.26.03:378][  0]LogConfig: Setting CVar [[r.LensFlareQuality:2]]
[2019.12.22-00.26.03:378][  0]LogConfig: Setting CVar [[r.SceneColorFringeQuality:1]]
[2019.12.22-00.26.03:378][  0]LogConfig: Setting CVar [[r.EyeAdaptationQuality:2]]
[2019.12.22-00.26.03:378][  0]LogConfig: Setting CVar [[r.BloomQuality:5]]
[2019.12.22-00.26.03:378][  0]LogConfig: Setting CVar [[r.FastBlurThreshold:100]]
[2019.12.22-00.26.03:378][  0]LogConfig: Setting CVar [[r.Upscale.Quality:3]]
[2019.12.22-00.26.03:378][  0]LogConfig: Setting CVar [[r.Tonemapper.GrainQuantization:1]]
[2019.12.22-00.26.03:378][  0]LogConfig: Setting CVar [[r.LightShaftQuality:1]]
[2019.12.22-00.26.03:378][  0]LogConfig: Setting CVar [[r.Filter.SizeScale:1]]
[2019.12.22-00.26.03:378][  0]LogConfig: Setting CVar [[r.Tonemapper.Quality:5]]
[2019.12.22-00.26.03:378][  0]LogConfig: Setting CVar [[r.DOF.Gather.AccumulatorQuality:1        ; higher gathering accumulator quality]]
[2019.12.22-00.26.03:378][  0]LogConfig: Setting CVar [[r.DOF.Gather.PostfilterMethod:1          ; Median3x3 postfilering method]]
[2019.12.22-00.26.03:378][  0]LogConfig: Setting CVar [[r.DOF.Gather.EnableBokehSettings:0       ; no bokeh simulation when gathering]]
[2019.12.22-00.26.03:378][  0]LogConfig: Setting CVar [[r.DOF.Gather.RingCount:4                 ; medium number of samples when gathering]]
[2019.12.22-00.26.03:378][  0]LogConfig: Setting CVar [[r.DOF.Scatter.ForegroundCompositing:1    ; additive foreground scattering]]
[2019.12.22-00.26.03:378][  0]LogConfig: Setting CVar [[r.DOF.Scatter.BackgroundCompositing:2    ; additive background scattering]]
[2019.12.22-00.26.03:378][  0]LogConfig: Setting CVar [[r.DOF.Scatter.EnableBokehSettings:1      ; bokeh simulation when scattering]]
[2019.12.22-00.26.03:378][  0]LogConfig: Setting CVar [[r.DOF.Scatter.MaxSpriteRatio:0.1         ; only a maximum of 10% of scattered bokeh]]
[2019.12.22-00.26.03:378][  0]LogConfig: Setting CVar [[r.DOF.Recombine.Quality:1                ; cheap slight out of focus]]
[2019.12.22-00.26.03:378][  0]LogConfig: Setting CVar [[r.DOF.Recombine.EnableBokehSettings:0    ; no bokeh simulation on slight out of focus]]
[2019.12.22-00.26.03:378][  0]LogConfig: Setting CVar [[r.DOF.TemporalAAQuality:1                ; more stable temporal accumulation]]
[2019.12.22-00.26.03:378][  0]LogConfig: Setting CVar [[r.DOF.Kernel.MaxForegroundRadius:0.025]]
[2019.12.22-00.26.03:378][  0]LogConfig: Setting CVar [[r.DOF.Kernel.MaxBackgroundRadius:0.025]]
[2019.12.22-00.26.03:379][  0]LogConfig: Applying CVar settings from Section [TextureQuality@3] File [C:/Users/morga/Documents/University Level 6/CT6024 - AI/Unreal-Ai/CT6024AdvancedAI/Saved/Config/Windows/Scalability.ini]
[2019.12.22-00.26.03:379][  0]LogConfig: Setting CVar [[r.Streaming.MipBias:0]]
[2019.12.22-00.26.03:379][  0]LogConfig: Setting CVar [[r.Streaming.AmortizeCPUToGPUCopy:0]]
[2019.12.22-00.26.03:379][  0]LogConfig: Setting CVar [[r.Streaming.MaxNumTexturesToStreamPerFrame:0]]
[2019.12.22-00.26.03:379][  0]LogConfig: Setting CVar [[r.Streaming.Boost:1]]
[2019.12.22-00.26.03:379][  0]LogConfig: Setting CVar [[r.MaxAnisotropy:8]]
[2019.12.22-00.26.03:379][  0]LogConfig: Setting CVar [[r.Streaming.LimitPoolSizeToVRAM:0]]
[2019.12.22-00.26.03:379][  0]LogConfig: Setting CVar [[r.Streaming.PoolSize:1000]]
[2019.12.22-00.26.03:379][  0]LogConfig: Setting CVar [[r.Streaming.MaxEffectiveScreenSize:0]]
[2019.12.22-00.26.03:379][  0]LogConfig: Applying CVar settings from Section [EffectsQuality@3] File [C:/Users/morga/Documents/University Level 6/CT6024 - AI/Unreal-Ai/CT6024AdvancedAI/Saved/Config/Windows/Scalability.ini]
[2019.12.22-00.26.03:379][  0]LogConfig: Setting CVar [[r.TranslucencyLightingVolumeDim:64]]
[2019.12.22-00.26.03:379][  0]LogConfig: Setting CVar [[r.RefractionQuality:2]]
[2019.12.22-00.26.03:379][  0]LogConfig: Setting CVar [[r.SSR.Quality:3]]
[2019.12.22-00.26.03:379][  0]LogConfig: Setting CVar [[r.SceneColorFormat:4]]
[2019.12.22-00.26.03:379][  0]LogConfig: Setting CVar [[r.DetailMode:2]]
[2019.12.22-00.26.03:379][  0]LogConfig: Setting CVar [[r.TranslucencyVolumeBlur:1]]
[2019.12.22-00.26.03:379][  0]LogConfig: Setting CVar [[r.MaterialQualityLevel:1 ; High quality]]
[2019.12.22-00.26.03:379][  0]LogConfig: Setting CVar [[r.SSS.Scale:1]]
[2019.12.22-00.26.03:379][  0]LogConfig: Setting CVar [[r.SSS.SampleSet:2]]
[2019.12.22-00.26.03:379][  0]LogConfig: Setting CVar [[r.SSS.Quality:1]]
[2019.12.22-00.26.03:379][  0]LogConfig: Setting CVar [[r.SSS.HalfRes:1]]
[2019.12.22-00.26.03:379][  0]LogConfig: Setting CVar [[r.EmitterSpawnRateScale:1.0]]
[2019.12.22-00.26.03:379][  0]LogConfig: Setting CVar [[r.ParticleLightQuality:2]]
[2019.12.22-00.26.03:379][  0]LogConfig: Applying CVar settings from Section [FoliageQuality@3] File [C:/Users/morga/Documents/University Level 6/CT6024 - AI/Unreal-Ai/CT6024AdvancedAI/Saved/Config/Windows/Scalability.ini]
[2019.12.22-00.26.03:380][  0]LogConfig: Setting CVar [[foliage.DensityScale:1.0]]
[2019.12.22-00.26.03:380][  0]LogConfig: Setting CVar [[grass.DensityScale:1.0]]
[2019.12.22-00.26.03:380][  0]LogConfig: Applying CVar settings from Section [Startup] File [../../../Engine/Config/ConsoleVariables.ini]
[2019.12.22-00.26.03:380][  0]LogConfig: Setting CVar [[net.UseAdaptiveNetUpdateFrequency:0]]
[2019.12.22-00.26.03:380][  0]LogConfig: Setting CVar [[p.chaos.AllowCreatePhysxBodies:1]]
[2019.12.22-00.26.03:380][  0]LogConfig: Applying CVar settings from Section [ConsoleVariables] File [C:/Users/morga/Documents/University Level 6/CT6024 - AI/Unreal-Ai/CT6024AdvancedAI/Saved/Config/Windows/Engine.ini]
[2019.12.22-00.26.03:381][  0]LogInit: Computer: DESKTOP-718HLV6
[2019.12.22-00.26.03:381][  0]LogInit: User: morga
[2019.12.22-00.26.03:381][  0]LogInit: CPU Page size=4096, Cores=4
[2019.12.22-00.26.03:381][  0]LogInit: High frequency timer resolution =10.000000 MHz
[2019.12.22-00.26.03:381][  0]LogMemory: Memory total: Physical=15.9GB (16GB approx)
[2019.12.22-00.26.03:382][  0]LogMemory: Platform Memory Stats for Windows
[2019.12.22-00.26.03:382][  0]LogMemory: Process Physical Memory: 97.93 MB used, 97.94 MB peak
[2019.12.22-00.26.03:382][  0]LogMemory: Process Virtual Memory: 89.28 MB used, 89.28 MB peak
[2019.12.22-00.26.03:382][  0]LogMemory: Physical Memory: 8780.25 MB used,  7528.67 MB free, 16308.92 MB total
[2019.12.22-00.26.03:382][  0]LogMemory: Virtual Memory: 4642.23 MB used,  134213088.00 MB free, 134217728.00 MB total
[2019.12.22-00.26.03:417][  0]LogInit: Using OS detected language (en-GB).
[2019.12.22-00.26.03:417][  0]LogInit: Using OS detected locale (en-GB).
[2019.12.22-00.26.03:418][  0]LogTextLocalizationManager: No specific localization for 'en-GB' exists, so the 'en' localization will be used.
[2019.12.22-00.26.03:711][  0]LogInit: Setting process to per monitor DPI aware
[2019.12.22-00.26.03:771][  0]LogSlate: New Slate User Created.  User Index 0, Is Virtual User: 0
[2019.12.22-00.26.03:772][  0]LogSlate: Slate User Registered.  User Index 0, Is Virtual User: 0
[2019.12.22-00.26.04:142][  0]LogHMD: Failed to initialize OpenVR with code 110
[2019.12.22-00.26.04:142][  0]LogD3D11RHI: D3D11 adapters:
[2019.12.22-00.26.04:236][  0]LogD3D11RHI:    0. 'NVIDIA GeForce GTX 1060' (Feature Level 11_0)
[2019.12.22-00.26.04:236][  0]LogD3D11RHI:       6054/0/8154 MB DedicatedVideo/DedicatedSystem/SharedSystem, Outputs:1, VendorId:0x10de
[2019.12.22-00.26.04:262][  0]LogD3D11RHI:    1. 'Intel(R) UHD Graphics 620' (Feature Level 11_0)
[2019.12.22-00.26.04:262][  0]LogD3D11RHI:       128/0/8154 MB DedicatedVideo/DedicatedSystem/SharedSystem, Outputs:0, VendorId:0x8086
[2019.12.22-00.26.04:268][  0]LogD3D11RHI:    2. 'Microsoft Basic Render Driver' (Feature Level 11_0)
[2019.12.22-00.26.04:268][  0]LogD3D11RHI:       0/0/8154 MB DedicatedVideo/DedicatedSystem/SharedSystem, Outputs:0, VendorId:0x1414
[2019.12.22-00.26.04:268][  0]LogD3D11RHI: Chosen D3D11 Adapter: 0
[2019.12.22-00.26.04:344][  0]LogD3D11RHI: Creating new Direct3DDevice
[2019.12.22-00.26.04:344][  0]LogD3D11RHI:     GPU DeviceId: 0x1c20 (for the marketing name, search the web for "GPU Device Id")
[2019.12.22-00.26.04:344][  0]LogWindows: EnumDisplayDevices:
[2019.12.22-00.26.04:345][  0]LogWindows:    0. 'Intel(R) UHD Graphics 620' (P:1 D:1)
[2019.12.22-00.26.04:345][  0]LogWindows:    1. 'Intel(R) UHD Graphics 620' (P:0 D:0)
[2019.12.22-00.26.04:346][  0]LogWindows:    2. 'Intel(R) UHD Graphics 620' (P:0 D:0)
[2019.12.22-00.26.04:346][  0]LogWindows: DebugString: PrimaryIsNotTheChoosenAdapter PrimaryIsNotTheChoosenAdapter PrimaryIsNotTheChoosenAdapter FoundDriverCount:0 
[2019.12.22-00.26.04:346][  0]LogD3D11RHI:     Adapter Name: NVIDIA GeForce GTX 1060
[2019.12.22-00.26.04:346][  0]LogD3D11RHI:   Driver Version: Unknown (internal:Unknown, unified:Unknown)
[2019.12.22-00.26.04:346][  0]LogD3D11RHI:      Driver Date: Unknown
[2019.12.22-00.26.04:346][  0]LogRHI: Texture pool is 4237 MB (70% of 6054 MB)
[2019.12.22-00.26.04:420][  0]LogD3D11RHI: Async texture creation enabled
[2019.12.22-00.26.04:429][  0]LogRendererCore: FGlobalReadBuffer::InitRHI
[2019.12.22-00.26.04:429][  0]LogRendererCore: FGlobalReadBuffer::InitRHI
[2019.12.22-00.26.04:429][  0]LogRendererCore: FGlobalReadBuffer::InitRHI
[2019.12.22-00.26.04:445][  0]LogD3D11RHI: GPU Timing Frequency: 1000.000000 (Debug: 2 2)
[2019.12.22-00.26.05:065][  0]LogTemp: Display: Module 'AllDesktopTargetPlatform' loaded TargetPlatform 'AllDesktop'
[2019.12.22-00.26.05:094][  0]LogTemp: Display: Module 'MacClientTargetPlatform' loaded TargetPlatform 'MacClient'
[2019.12.22-00.26.05:125][  0]LogTemp: Display: Module 'MacNoEditorTargetPlatform' loaded TargetPlatform 'MacNoEditor'
[2019.12.22-00.26.05:157][  0]LogTemp: Display: Module 'MacServerTargetPlatform' loaded TargetPlatform 'MacServer'
[2019.12.22-00.26.05:180][  0]LogTemp: Display: Module 'MacTargetPlatform' loaded TargetPlatform 'Mac'
[2019.12.22-00.26.05:203][  0]LogTemp: Display: Module 'WindowsClientTargetPlatform' loaded TargetPlatform 'WindowsClient'
[2019.12.22-00.26.05:225][  0]LogTemp: Display: Module 'WindowsNoEditorTargetPlatform' loaded TargetPlatform 'WindowsNoEditor'
[2019.12.22-00.26.05:247][  0]LogTemp: Display: Module 'WindowsServerTargetPlatform' loaded TargetPlatform 'WindowsServer'
[2019.12.22-00.26.05:261][  0]LogTemp: Display: Module 'WindowsTargetPlatform' loaded TargetPlatform 'Windows'
[2019.12.22-00.26.05:454][  0]LogTemp: Display: Module 'AndroidTargetPlatform' loaded TargetPlatform 'Android'
[2019.12.22-00.26.05:454][  0]LogTemp: Display: Module 'AndroidTargetPlatform' loaded TargetPlatform 'Android_ASTC'
[2019.12.22-00.26.05:454][  0]LogTemp: Display: Module 'AndroidTargetPlatform' loaded TargetPlatform 'Android_ATC'
[2019.12.22-00.26.05:454][  0]LogTemp: Display: Module 'AndroidTargetPlatform' loaded TargetPlatform 'Android_DXT'
[2019.12.22-00.26.05:454][  0]LogTemp: Display: Module 'AndroidTargetPlatform' loaded TargetPlatform 'Android_ETC1'
[2019.12.22-00.26.05:454][  0]LogTemp: Display: Module 'AndroidTargetPlatform' loaded TargetPlatform 'Android_ETC1a'
[2019.12.22-00.26.05:454][  0]LogTemp: Display: Module 'AndroidTargetPlatform' loaded TargetPlatform 'Android_ETC2'
[2019.12.22-00.26.05:454][  0]LogTemp: Display: Module 'AndroidTargetPlatform' loaded TargetPlatform 'Android_PVRTC'
[2019.12.22-00.26.05:454][  0]LogTemp: Display: Module 'AndroidTargetPlatform' loaded TargetPlatform 'AndroidClient'
[2019.12.22-00.26.05:454][  0]LogTemp: Display: Module 'AndroidTargetPlatform' loaded TargetPlatform 'Android_ASTCClient'
[2019.12.22-00.26.05:454][  0]LogTemp: Display: Module 'AndroidTargetPlatform' loaded TargetPlatform 'Android_ATCClient'
[2019.12.22-00.26.05:454][  0]LogTemp: Display: Module 'AndroidTargetPlatform' loaded TargetPlatform 'Android_DXTClient'
[2019.12.22-00.26.05:454][  0]LogTemp: Display: Module 'AndroidTargetPlatform' loaded TargetPlatform 'Android_ETC1Client'
[2019.12.22-00.26.05:454][  0]LogTemp: Display: Module 'AndroidTargetPlatform' loaded TargetPlatform 'Android_ETC1aClient'
[2019.12.22-00.26.05:454][  0]LogTemp: Display: Module 'AndroidTargetPlatform' loaded TargetPlatform 'Android_ETC2Client'
[2019.12.22-00.26.05:454][  0]LogTemp: Display: Module 'AndroidTargetPlatform' loaded TargetPlatform 'Android_PVRTCClient'
[2019.12.22-00.26.05:454][  0]LogTemp: Display: Module 'AndroidTargetPlatform' loaded TargetPlatform 'Android_Multi'
[2019.12.22-00.26.05:454][  0]LogTemp: Display: Module 'AndroidTargetPlatform' loaded TargetPlatform 'Android_MultiClient'
[2019.12.22-00.26.05:457][  0]LogTemp: Display: Module 'HTML5TargetPlatform' loaded TargetPlatform 'HTML5'
[2019.12.22-00.26.05:544][  0]LogTemp: Display: Module 'IOSTargetPlatform' loaded TargetPlatform 'IOSClient'
[2019.12.22-00.26.05:544][  0]LogTemp: Display: Module 'IOSTargetPlatform' loaded TargetPlatform 'IOS'
[2019.12.22-00.26.05:598][  0]LogTemp: Display: Module 'TVOSTargetPlatform' loaded TargetPlatform 'TVOSClient'
[2019.12.22-00.26.05:598][  0]LogTemp: Display: Module 'TVOSTargetPlatform' loaded TargetPlatform 'TVOS'
[2019.12.22-00.26.05:621][  0]LogTemp: Display: Module 'LinuxClientTargetPlatform' loaded TargetPlatform 'LinuxClient'
[2019.12.22-00.26.05:643][  0]LogTemp: Display: Module 'LinuxNoEditorTargetPlatform' loaded TargetPlatform 'LinuxNoEditor'
[2019.12.22-00.26.05:667][  0]LogTemp: Display: Module 'LinuxServerTargetPlatform' loaded TargetPlatform 'LinuxServer'
[2019.12.22-00.26.05:700][  0]LogTemp: Display: Module 'LinuxTargetPlatform' loaded TargetPlatform 'Linux'
[2019.12.22-00.26.05:812][  0]LogTemp: Display: Module 'LuminTargetPlatform' loaded TargetPlatform 'Lumin'
[2019.12.22-00.26.05:812][  0]LogTemp: Display: Module 'LuminTargetPlatform' loaded TargetPlatform 'LuminClient'
[2019.12.22-00.26.05:812][  0]LogTargetPlatformManager: Display: Building Assets For Windows
[2019.12.22-00.26.05:825][  0]LogAudioDebug: Display: Lib vorbis DLL was dynamically loaded.
[2019.12.22-00.26.05:900][  0]LogShaderCompilers: Guid format shader working directory is -52 characters bigger than the processId version (../../../../../../Users/morga/Documents/University Level 6/CT6024 - AI/Unreal-Ai/CT6024AdvancedAI/Intermediate/Shaders/WorkingDirectory/10128/).
[2019.12.22-00.26.05:900][  0]LogShaderCompilers: Cleaned the shader compiler working directory 'C:/Users/morga/AppData/Local/Temp/UnrealShaderWorkingDir/F737B08F4A270541C9EB9C877689AE6F/'.
[2019.12.22-00.26.05:908][  0]LogXGEController: Cleaning working directory: C:/Users/morga/AppData/Local/Temp/UnrealXGEWorkingDir/
[2019.12.22-00.26.05:908][  0]LogXGEController: Cannot use XGE Controller as Incredibuild is not installed on this machine.
[2019.12.22-00.26.05:908][  0]LogShaderCompilers: Cannot use XGE Shader Compiler as Incredibuild is not installed on this machine.
[2019.12.22-00.26.05:908][  0]LogShaderCompilers: Display: Using Local Shader Compiler.
[2019.12.22-00.26.06:797][  0]LogDerivedDataCache: Display: Max Cache Size: 512 MB
[2019.12.22-00.26.06:871][  0]LogDerivedDataCache: Loaded boot cache 0.07s 71MB C:/Users/morga/AppData/Local/UnrealEngine/4.22/DerivedDataCache/Boot.ddc.
[2019.12.22-00.26.06:871][  0]LogDerivedDataCache: Display: Loaded Boot cache: C:/Users/morga/AppData/Local/UnrealEngine/4.22/DerivedDataCache/Boot.ddc
[2019.12.22-00.26.06:871][  0]LogDerivedDataCache: FDerivedDataBackendGraph:  Pak pak cache file ../../../../../../Users/morga/Documents/University Level 6/CT6024 - AI/Unreal-Ai/CT6024AdvancedAI/DerivedDataCache/DDC.ddp not found, will not use a pak cache.
[2019.12.22-00.26.06:871][  0]LogDerivedDataCache: Unable to find inner node Pak for hierarchical cache Hierarchy.
[2019.12.22-00.26.06:871][  0]LogDerivedDataCache: FDerivedDataBackendGraph:  CompressedPak pak cache file ../../../../../../Users/morga/Documents/University Level 6/CT6024 - AI/Unreal-Ai/CT6024AdvancedAI/DerivedDataCache/Compressed.ddp not found, will not use a pak cache.
[2019.12.22-00.26.06:871][  0]LogDerivedDataCache: Unable to find inner node CompressedPak for hierarchical cache Hierarchy.
[2019.12.22-00.26.06:894][  0]LogDerivedDataCache: Display: Pak cache opened for reading ../../../Engine/DerivedDataCache/Compressed.ddp.
[2019.12.22-00.26.06:895][  0]LogDerivedDataCache: FDerivedDataBackendGraph:  EnterprisePak pak cache file ../../../Enterprise/DerivedDataCache/Compressed.ddp not found, will not use a pak cache.
[2019.12.22-00.26.06:895][  0]LogDerivedDataCache: Unable to find inner node EnterprisePak for hierarchical cache Hierarchy.
[2019.12.22-00.26.06:906][  0]LogDerivedDataCache: Using Local data cache path C:/Users/morga/AppData/Local/UnrealEngine/Common/DerivedDataCache: Writable
[2019.12.22-00.26.06:906][  0]LogDerivedDataCache: Shared data cache path not found in *engine.ini, will not use an Shared cache.
[2019.12.22-00.26.06:906][  0]LogDerivedDataCache: Unable to find inner node Shared for hierarchical cache Hierarchy.
[2019.12.22-00.26.06:962][  0]LogMaterial: Verifying Global Shaders for PCD3D_SM5
[2019.12.22-00.26.06:964][  0]LogSlate: Using FreeType 2.6.0
[2019.12.22-00.26.06:964][  0]LogSlate: SlateFontServices - WITH_FREETYPE: 1, WITH_HARFBUZZ: 1
[2019.12.22-00.26.07:091][  0]LogAssetRegistry: FAssetRegistry took 0.0528 seconds to start up
[2019.12.22-00.26.07:663][  0]LogInit: Selected Device Profile: [Windows]
[2019.12.22-00.26.07:900][  0]LogMeshReduction: Using QuadricMeshReduction for automatic static mesh reduction
[2019.12.22-00.26.07:900][  0]LogMeshReduction: Using SimplygonMeshReduction for automatic skeletal mesh reduction
[2019.12.22-00.26.07:900][  0]LogMeshReduction: Using ProxyLODMeshReduction for automatic mesh merging
[2019.12.22-00.26.07:900][  0]LogMeshReduction: No distributed automatic mesh merging module available
[2019.12.22-00.26.07:900][  0]LogMeshMerging: No distributed automatic mesh merging module available
[2019.12.22-00.26.07:915][  0]LogNetVersion: CT6024AdvancedAI 1.0.0, NetCL: 5660361, EngineNetVer: 10, GameNetVer: 0 (Checksum: 379849778)
[2019.12.22-00.26.08:631][  0]LogPackageLocalizationCache: Processed 10 localized package path(s) for 1 prioritized culture(s) in 0.066348 seconds
[2019.12.22-00.26.08:639][  0]LogUObjectArray: 42205 objects as part of root set at end of initial load.
[2019.12.22-00.26.08:639][  0]LogUObjectAllocator: 7325032 out of 0 bytes used by permanent object pool.
[2019.12.22-00.26.08:639][  0]LogUObjectArray: CloseDisregardForGC: 0/0 objects in disregard for GC pool
[2019.12.22-00.26.09:993][  0]LogTcpMessaging: Initializing TcpMessaging bridge
[2019.12.22-00.26.10:008][  0]LogUdpMessaging: Initializing bridge on interface 0.0.0.0:0 to multicast group 230.0.0.1:6666.
[2019.12.22-00.26.10:178][  0]SourceControl: Source control is disabled
[2019.12.22-00.26.10:178][  0]SourceControl: Source control is disabled
[2019.12.22-00.26.10:179][  0]SourceControl: Source control is disabled
[2019.12.22-00.26.10:181][  0]SourceControl: Source control is disabled
[2019.12.22-00.26.10:283][  0]LogAndroidPermission: UAndroidPermissionCallbackProxy::GetInstance
[2019.12.22-00.26.10:406][  0]LogOcInput: OculusInput pre-init called
[2019.12.22-00.26.11:409][  0]LogEngine: Initializing Engine...
[2019.12.22-00.26.11:410][  0]LogHMD: Failed to initialize OpenVR with code 110
[2019.12.22-00.26.11:411][  0]LogStats: UGameplayTagsManager::InitializeManager -  0.000 s
[2019.12.22-00.26.11:748][  0]LogInit: Initializing FReadOnlyCVARCache
[2019.12.22-00.26.11:772][  0]LogAIModule: Creating AISystem for world Untitled
[2019.12.22-00.26.11:857][  0]LogInit: XAudio2 using 'Headphones (Realtek High Definition Audio(SST))' : 2 channels at 48 kHz using 32 bits per sample (channel mask 0x3)
[2019.12.22-00.26.11:896][  0]LogInit: FAudioDevice initialized.
[2019.12.22-00.26.11:897][  0]LogNetVersion: Set ProjectVersion to 1.0.0.0. Version Checksum will be recalculated on next use.
[2019.12.22-00.26.11:990][  0]LogDerivedDataCache: Saved boot cache 0.09s 71MB C:/Users/morga/AppData/Local/UnrealEngine/4.22/DerivedDataCache/Boot.ddc.
[2019.12.22-00.26.12:004][  0]LogInit: Texture streaming: Enabled
[2019.12.22-00.26.12:029][  0]LogEngineSessionManager: EngineSessionManager initialized
[2019.12.22-00.26.12:029][  0]LogEngineSessionManager: EngineSessionManager sent abnormal shutdown report. Type=Crashed, SessionId={F97A3808-4896-AFC5-96DC-889353700F43}
[2019.12.22-00.26.12:055][  0]LogInit: Transaction tracking system initialized
[2019.12.22-00.26.12:088][  0]BlueprintLog: New page: Editor Load
[2019.12.22-00.26.12:209][  0]LocalizationService: Localization service is disabled
[2019.12.22-00.26.12:371][  0]LogLinker: Warning: Can't find file '/Game/TopDownBP/TopDownOverview'
[2019.12.22-00.26.12:372][  0]LogLinker: Warning: Can't find file '/Game/TopDownBP/TopDownOverview'
[2019.12.22-00.26.12:372][  0]LogUObjectGlobals: Warning: Failed to find object 'Class /Game/TopDownBP/TopDownOverview.TopDownOverview_C'
[2019.12.22-00.26.12:710][  0]LogFileCache: Scanning file cache for directory 'C:/Users/morga/Documents/University Level 6/CT6024 - AI/Unreal-Ai/CT6024AdvancedAI/Content/' took 0.02s
[2019.12.22-00.26.12:710][  0]LogCook: Display: Max memory allowance for cook 16384mb min free memory 0mb
[2019.12.22-00.26.12:710][  0]LogCook: Display: Mobile HDR setting 1
[2019.12.22-00.26.12:976][  0]SourceControl: Source control is disabled
[2019.12.22-00.26.12:976][  0]Cmd: MAP LOAD FILE="../../../../../../Users/morga/Documents/University Level 6/CT6024 - AI/Unreal-Ai/CT6024AdvancedAI/Content/Levels/NukeLaunch.umap" TEMPLATE=0 SHOWPROGRESS=1 FEATURELEVEL=3
[2019.12.22-00.26.12:977][  0]LightingResults: New page: Lighting Build
[2019.12.22-00.26.12:983][  0]MapCheck: New page: Map Check
[2019.12.22-00.26.12:983][  0]LightingResults: New page: Lighting Build
[2019.12.22-00.26.13:021][  0]LogUObjectHash: Compacting FUObjectHashTables data took   2.40ms
[2019.12.22-00.26.13:746][  0]LogEditorServer: Finished looking for orphan Actors (0.000 secs)
[2019.12.22-00.26.13:826][  0]LogUObjectHash: Compacting FUObjectHashTables data took   2.99ms
[2019.12.22-00.26.13:826][  0]Cmd: MAP CHECKDEP NOCLEARLOG
[2019.12.22-00.26.13:826][  0]MapCheck: Map check complete: 0 Error(s), 0 Warning(s), took 0.25ms to complete.
[2019.12.22-00.26.13:826][  0]LogFileHelpers: Loading map 'NukeLaunch' took 0.850
[2019.12.22-00.26.13:996][  0]LogCollectionManager: Loaded 0 collections in 0.002675 seconds
[2019.12.22-00.26.14:015][  0]LogFileCache: Scanning file cache for directory 'C:/Users/morga/Documents/University Level 6/CT6024 - AI/Unreal-Ai/CT6024AdvancedAI/Saved/Collections/' took 0.01s
[2019.12.22-00.26.14:015][  0]LogFileCache: Scanning file cache for directory 'C:/Users/morga/Documents/University Level 6/CT6024 - AI/Unreal-Ai/CT6024AdvancedAI/Content/Developers/morga/Collections/' took 0.00s
[2019.12.22-00.26.14:015][  0]LogFileCache: Scanning file cache for directory 'C:/Users/morga/Documents/University Level 6/CT6024 - AI/Unreal-Ai/CT6024AdvancedAI/Content/Collections/' took 0.00s
[2019.12.22-00.26.14:015][  0]LogCollectionManager: Rebuilt the GUID cache for 0 collections in 0.000001 seconds
[2019.12.22-00.26.14:028][  0]LogContentBrowser: Native class hierarchy populated in 0.0129 seconds. Added 2747 classes and 664 folders.
[2019.12.22-00.26.14:044][  0]LogContentBrowser: Native class hierarchy updated for 'WidgetCarousel' in 0.0005 seconds. Added 0 classes and 0 folders.
[2019.12.22-00.26.14:046][  0]LogPakFile: Registered encryption key '00000000000000000000000000000000': 0 pak files mounted, 0 remain pending
[2019.12.22-00.26.14:047][  0]LogPakFile: Registered encryption key '00000000000000000000000000000000': 0 pak files mounted, 0 remain pending
[2019.12.22-00.26.14:048][  0]LogPakFile: Registered encryption key '00000000000000000000000000000000': 0 pak files mounted, 0 remain pending
[2019.12.22-00.26.14:048][  0]LogPakFile: Registered encryption key '00000000000000000000000000000000': 0 pak files mounted, 0 remain pending
[2019.12.22-00.26.14:049][  0]LogPakFile: Registered encryption key '00000000000000000000000000000000': 0 pak files mounted, 0 remain pending
[2019.12.22-00.26.14:049][  0]LogPakFile: Registered encryption key '00000000000000000000000000000000': 0 pak files mounted, 0 remain pending
[2019.12.22-00.26.14:050][  0]LogPakFile: Registered encryption key '00000000000000000000000000000000': 0 pak files mounted, 0 remain pending
[2019.12.22-00.26.14:051][  0]LogPakFile: Registered encryption key '00000000000000000000000000000000': 0 pak files mounted, 0 remain pending
[2019.12.22-00.26.14:051][  0]LogPakFile: Registered encryption key '00000000000000000000000000000000': 0 pak files mounted, 0 remain pending
[2019.12.22-00.26.14:052][  0]LogPakFile: Registered encryption key '00000000000000000000000000000000': 0 pak files mounted, 0 remain pending
[2019.12.22-00.26.14:052][  0]LogPakFile: Registered encryption key '00000000000000000000000000000000': 0 pak files mounted, 0 remain pending
[2019.12.22-00.26.14:054][  0]LogPakFile: Registered encryption key '00000000000000000000000000000000': 0 pak files mounted, 0 remain pending
[2019.12.22-00.26.14:055][  0]LogPakFile: Registered encryption key '00000000000000000000000000000000': 0 pak files mounted, 0 remain pending
[2019.12.22-00.26.14:056][  0]LogPakFile: Registered encryption key '00000000000000000000000000000000': 0 pak files mounted, 0 remain pending
[2019.12.22-00.26.14:057][  0]LogPakFile: Registered encryption key '00000000000000000000000000000000': 0 pak files mounted, 0 remain pending
[2019.12.22-00.26.14:057][  0]LogPakFile: Registered encryption key '00000000000000000000000000000000': 0 pak files mounted, 0 remain pending
[2019.12.22-00.26.14:058][  0]LogPakFile: Registered encryption key '00000000000000000000000000000000': 0 pak files mounted, 0 remain pending
[2019.12.22-00.26.14:059][  0]LogPakFile: Registered encryption key '00000000000000000000000000000000': 0 pak files mounted, 0 remain pending
[2019.12.22-00.26.14:059][  0]LogPakFile: Registered encryption key '00000000000000000000000000000000': 0 pak files mounted, 0 remain pending
[2019.12.22-00.26.14:060][  0]LogPakFile: Registered encryption key '00000000000000000000000000000000': 0 pak files mounted, 0 remain pending
[2019.12.22-00.26.14:060][  0]LogPakFile: Registered encryption key '00000000000000000000000000000000': 0 pak files mounted, 0 remain pending
[2019.12.22-00.26.14:061][  0]LogPakFile: Registered encryption key '00000000000000000000000000000000': 0 pak files mounted, 0 remain pending
[2019.12.22-00.26.14:062][  0]LogPakFile: Registered encryption key '00000000000000000000000000000000': 0 pak files mounted, 0 remain pending
[2019.12.22-00.26.14:062][  0]LogPakFile: Registered encryption key '00000000000000000000000000000000': 0 pak files mounted, 0 remain pending
[2019.12.22-00.26.14:063][  0]LogPakFile: Registered encryption key '00000000000000000000000000000000': 0 pak files mounted, 0 remain pending
[2019.12.22-00.26.14:064][  0]LogPakFile: Registered encryption key '00000000000000000000000000000000': 0 pak files mounted, 0 remain pending
[2019.12.22-00.26.14:101][  0]LogContentBrowser: Native class hierarchy updated for 'AddContentDialog' in 0.0004 seconds. Added 0 classes and 0 folders.
[2019.12.22-00.26.14:122][  0]LogSlate: Updating window title bar state: overlay mode, drag disabled, window buttons hidden, title bar hidden
[2019.12.22-00.26.14:135][  0]LogSlate: Updating window title bar state: overlay mode, drag disabled, window buttons hidden, title bar hidden
[2019.12.22-00.26.14:147][  0]LogSlate: Updating window title bar state: overlay mode, drag disabled, window buttons hidden, title bar hidden
[2019.12.22-00.26.14:163][  0]LogSlate: Updating window title bar state: overlay mode, drag disabled, window buttons hidden, title bar hidden
[2019.12.22-00.26.14:316][  0]LogSlate: Took 0.000198 seconds to synchronously load lazily loaded font '../../../Engine/Content/Slate/Fonts/Roboto-Regular.ttf' (155K)
[2019.12.22-00.26.14:322][  0]LogSlate: Took 0.000227 seconds to synchronously load lazily loaded font '../../../Engine/Content/Editor/Slate/Fonts/FontAwesome.ttf' (139K)
[2019.12.22-00.26.14:322][  0]LogSlate: Took 0.000134 seconds to synchronously load lazily loaded font '../../../Engine/Content/Slate/Fonts/Roboto-Bold.ttf' (160K)
[2019.12.22-00.26.14:337][  0]LogSlate: Took 0.000223 seconds to synchronously load lazily loaded font '../../../Engine/Content/Slate/Fonts/DroidSansMono.ttf' (77K)
[2019.12.22-00.26.14:454][  0]LogSlate: Took 0.000205 seconds to synchronously load lazily loaded font '../../../Engine/Content/Slate/Fonts/Roboto-Light.ttf' (167K)
[2019.12.22-00.26.14:573][  0]LogRenderer: Reallocating scene render targets to support 1112x572 Format 10 NumSamples 1 (Frame:1).
[2019.12.22-00.26.15:096][  0]LogContentBrowser: Native class hierarchy updated for 'HierarchicalLODOutliner' in 0.0007 seconds. Added 0 classes and 0 folders.
[2019.12.22-00.26.15:097][  0]LogLoad: (Engine Initialization) Total time: 14.26 seconds
[2019.12.22-00.26.15:097][  0]LogLoad: (Engine Initialization) Total Blueprint compile time: 0.00 seconds
[2019.12.22-00.26.15:159][  0]LogAssetRegistry: Asset discovery search completed in 8.0909 seconds
[2019.12.22-00.26.15:163][  0]LogCollectionManager: Rebuilt the object cache for 0 collections in 0.000001 seconds (found 0 objects)
[2019.12.22-00.26.15:163][  0]LogCollectionManager: Fixed up redirectors for 0 collections in 0.000268 seconds (updated 0 objects)
[2019.12.22-00.26.15:176][  0]LogContentStreaming: Texture pool size now 1000 MB
[2019.12.22-00.26.15:274][  1]LogRenderer: Reallocating scene render targets to support 1112x584 Format 10 NumSamples 1 (Frame:3).
[2019.12.22-00.26.18:383][152]LogSlate: FSceneViewport::OnFocusLost() reason 2
[2019.12.22-00.26.20:584][276]LogUObjectHash: Compacting FUObjectHashTables data took   0.83ms
[2019.12.22-00.26.54:996][890]LogSlate: FSceneViewport::OnFocusLost() reason 0
[2019.12.22-00.27.08:827][480]LogSlate: Took 0.000336 seconds to synchronously load lazily loaded font '../../../Engine/Content/Slate/Fonts/Roboto-Italic.ttf' (157K)
[2019.12.22-00.27.59:973][211]LogTemp: Repeating last play command: Selected Viewport
[2019.12.22-00.28.00:030][211]LogBlueprintUserMessages: Early PlayInEditor Detection: Level '/Game/Levels/NukeLaunch.NukeLaunch:PersistentLevel' has LevelScriptBlueprint '/Game/Levels/NukeLaunch.NukeLaunch:PersistentLevel.NukeLaunch' with GeneratedClass '/Game/Levels/NukeLaunch.NukeLaunch_C' with ClassGeneratedBy '/Game/Levels/NukeLaunch.NukeLaunch:PersistentLevel.NukeLaunch'
[2019.12.22-00.28.00:031][211]LogPlayLevel: PlayLevel: No blueprints needed recompiling
[2019.12.22-00.28.00:032][211]PIE: New page: PIE session: NukeLaunch (22 Dec 2019 02:28:00)
[2019.12.22-00.28.00:046][211]LogPlayLevel: Creating play world package: /Game/Levels/UEDPIE_0_NukeLaunch
[2019.12.22-00.28.00:299][211]LogPlayLevel: PIE: StaticDuplicateObject took: (0.252386s)
[2019.12.22-00.28.00:301][211]LogPlayLevel: PIE: World Init took: (0.001311s)
[2019.12.22-00.28.00:301][211]LogPlayLevel: PIE: Created PIE world by copying editor world from /Game/Levels/NukeLaunch.NukeLaunch to /Game/Levels/UEDPIE_0_NukeLaunch.NukeLaunch (0.255232s)
[2019.12.22-00.28.00:346][211]LogUObjectHash: Compacting FUObjectHashTables data took   2.30ms
[2019.12.22-00.28.00:365][211]LogInit: XAudio2 using 'Headphones (Realtek High Definition Audio(SST))' : 2 channels at 48 kHz using 32 bits per sample (channel mask 0x3)
[2019.12.22-00.28.00:397][211]LogInit: FAudioDevice initialized.
[2019.12.22-00.28.00:442][211]LogLoad: Game class is 'SpectateAIGameMode_C'
[2019.12.22-00.28.00:468][211]LogWorld: Bringing World /Game/Levels/UEDPIE_0_NukeLaunch.NukeLaunch up for play (max tick rate 60) at 2019.12.22-01.28.00
[2019.12.22-00.28.00:471][211]LogWorld: Bringing up level for play took: 0.024717
[2019.12.22-00.28.00:485][211]LogSpawn: Warning: SpawnActor failed because no class was specified
[2019.12.22-00.28.00:496][211]LogContentBrowser: Native class hierarchy updated for 'MovieSceneCapture' in 0.0010 seconds. Added 20 classes and 0 folders.
[2019.12.22-00.28.00:497][211]LogGameMode: Display: Match State Changed from EnteringMap to WaitingToStart
[2019.12.22-00.28.00:497][211]LogGameState: Match State Changed from EnteringMap to WaitingToStart
[2019.12.22-00.28.00:497][211]LogGameMode: Display: Match State Changed from WaitingToStart to InProgress
[2019.12.22-00.28.00:499][211]LogGameState: Match State Changed from WaitingToStart to InProgress
[2019.12.22-00.28.00:500][211]PIE: Play in editor start time for /Game/Levels/UEDPIE_0_NukeLaunch 0.67
[2019.12.22-00.28.00:500][211]LogBlueprintUserMessages: Late PlayInEditor Detection: Level '/Game/Levels/NukeLaunch.NukeLaunch:PersistentLevel' has LevelScriptBlueprint '/Game/Levels/NukeLaunch.NukeLaunch:PersistentLevel.NukeLaunch' with GeneratedClass '/Game/Levels/NukeLaunch.NukeLaunch_C' with ClassGeneratedBy '/Game/Levels/NukeLaunch.NukeLaunch:PersistentLevel.NukeLaunch'
[2019.12.22-00.28.24:232][572]LogGameMode: Display: Match State Changed from InProgress to LeavingMap
[2019.12.22-00.28.24:232][572]LogGameState: Match State Changed from InProgress to LeavingMap
[2019.12.22-00.28.24:234][572]LogGameMode: ProcessServerTravel: ?Restart
[2019.12.22-00.28.24:250][573]LogEngine: Server switch level: ?Restart
[2019.12.22-00.28.24:250][573]LogNet: Browse: /Game/Levels/NukeLaunch?Restart
[2019.12.22-00.28.24:253][573]LogLoad: LoadMap: /Game/Levels/NukeLaunch
[2019.12.22-00.28.24:298][573]LogUObjectHash: Compacting FUObjectHashTables data took   2.29ms
[2019.12.22-00.28.24:299][573]LogPlayLevel: Creating play world package: /Game/Levels/UEDPIE_0_NukeLaunch
[2019.12.22-00.28.24:504][573]LogPlayLevel: PIE: StaticDuplicateObject took: (0.204278s)
[2019.12.22-00.28.24:506][573]LogPlayLevel: PIE: World Init took: (0.001304s)
[2019.12.22-00.28.24:506][573]LogPlayLevel: PIE: Created PIE world by copying editor world from /Game/Levels/NukeLaunch.NukeLaunch to /Game/Levels/UEDPIE_0_NukeLaunch.NukeLaunch (0.206663s)
[2019.12.22-00.28.24:507][573]LogLoad: Game class is 'SpectateAIGameMode_C'
[2019.12.22-00.28.24:524][573]LogWorld: Bringing World /Game/Levels/UEDPIE_0_NukeLaunch.NukeLaunch up for play (max tick rate 60) at 2019.12.22-01.28.24
[2019.12.22-00.28.24:526][573]LogWorld: Bringing up level for play took: 0.017506
[2019.12.22-00.28.24:528][573]LogSpawn: Warning: SpawnActor failed because no class was specified
[2019.12.22-00.28.24:529][573]LogGameMode: Display: Match State Changed from EnteringMap to WaitingToStart
[2019.12.22-00.28.24:529][573]LogGameState: Match State Changed from EnteringMap to WaitingToStart
[2019.12.22-00.28.24:529][573]LogGameMode: Display: Match State Changed from WaitingToStart to InProgress
[2019.12.22-00.28.24:530][573]LogGameState: Match State Changed from WaitingToStart to InProgress
[2019.12.22-00.28.24:531][573]LogLoad: Took 0.276830 seconds to LoadMap(/Game/Levels/UEDPIE_0_NukeLaunch)
[2019.12.22-00.29.00:670][709]LogBlueprintUserMessages: Early EndPlayMap Detection: Level '/Game/Levels/NukeLaunch.NukeLaunch:PersistentLevel' has LevelScriptBlueprint '/Game/Levels/NukeLaunch.NukeLaunch:PersistentLevel.NukeLaunch' with GeneratedClass '/Game/Levels/NukeLaunch.NukeLaunch_C' with ClassGeneratedBy '/Game/Levels/NukeLaunch.NukeLaunch:PersistentLevel.NukeLaunch'
[2019.12.22-00.29.00:671][709]LogSlate: Updating window title bar state: overlay mode, drag disabled, window buttons hidden, title bar hidden
[2019.12.22-00.29.00:710][709]LogPlayLevel: Display: Shutting down PIE online subsystems
[2019.12.22-00.29.00:710][709]LogBlueprintUserMessages: Late EndPlayMap Detection: Level '/Game/Levels/NukeLaunch.NukeLaunch:PersistentLevel' has LevelScriptBlueprint '/Game/Levels/NukeLaunch.NukeLaunch:PersistentLevel.NukeLaunch' with GeneratedClass '/Game/Levels/NukeLaunch.NukeLaunch_C' with ClassGeneratedBy '/Game/Levels/NukeLaunch.NukeLaunch:PersistentLevel.NukeLaunch'
[2019.12.22-00.29.00:752][709]LogSlate: Updating window title bar state: overlay mode, drag disabled, window buttons hidden, title bar hidden
[2019.12.22-00.29.00:761][709]LogUObjectHash: Compacting FUObjectHashTables data took   2.20ms
[2019.12.22-00.29.00:810][710]LogPlayLevel: Display: Destroying online subsystem :Context_3
[2019.12.22-00.30.37:888][281]LogSlate: FSceneViewport::OnFocusLost() reason 0
[2019.12.22-00.30.38:133][294]Candidate modules for hot reload:
[2019.12.22-00.30.38:133][294]  CT6024AdvancedAI
[2019.12.22-00.30.38:133][294]Launching UnrealBuildTool... [C:/Program Files/Epic Games/UE_4.22/Engine/Binaries/DotNET/UnrealBuildTool.exe  -ModuleWithSuffix=CT6024AdvancedAI,4488 Win64 Development -TargetType=Editor -Project="C:/Users/morga/Documents/University Level 6/CT6024 - AI/Unreal-Ai/CT6024AdvancedAI/CT6024AdvancedAI.uproject" "C:/Users/morga/Documents/University Level 6/CT6024 - AI/Unreal-Ai/CT6024AdvancedAI/CT6024AdvancedAI.uproject"  -IgnoreJunk]
[2019.12.22-00.30.38:141][294]Warning: Starting HotReload took  0.0s.
[2019.12.22-00.31.12:158][174]CompilerResultsLog: New page: Compilation - 22 Dec 2019 02:31:12
[2019.12.22-00.31.12:158][174]CompilerResultsLog: Using 'git status' to determine working set for adaptive non-unity build (C:\Users\morga\Documents\University Level 6\CT6024 - AI\Unreal-Ai).
[2019.12.22-00.31.12:159][174]CompilerResultsLog: Creating makefile for CT6024AdvancedAIEditor (ini files are newer than makefile)
[2019.12.22-00.31.12:159][174]CompilerResultsLog: Parsing headers for CT6024AdvancedAIEditor
[2019.12.22-00.31.12:159][174]CompilerResultsLog:   Running UnrealHeaderTool "C:\Users\morga\Documents\University Level 6\CT6024 - AI\Unreal-Ai\CT6024AdvancedAI\CT6024AdvancedAI.uproject" "C:\Users\morga\Documents\University Level 6\CT6024 - AI\Unreal-Ai\CT6024AdvancedAI\Intermediate\Build\Win64\CT6024AdvancedAIEditor\Development\CT6024AdvancedAIEditor.uhtmanifest" -LogCmds="loginit warning, logexit warning, logdatabase error" -Unattended -WarningsAsErrors -installed
[2019.12.22-00.31.12:161][174]CompilerResultsLog: Reflection code generated for CT6024AdvancedAIEditor in 17.3039328 seconds
[2019.12.22-00.31.12:161][174]CompilerResultsLog: Using Visual Studio 2019 14.23.28105 toolchain (C:\Program Files (x86)\Microsoft Visual Studio\2019\Community\VC\Tools\MSVC\14.23.28105) and Windows 10.0.18362.0 SDK (C:\Program Files (x86)\Windows Kits\10).
[2019.12.22-00.31.12:162][174]CompilerResultsLog: Building 8 actions with 8 processes...
[2019.12.22-00.31.12:162][174]CompilerResultsLog:   [1/8] Locker.cpp
[2019.12.22-00.31.12:162][174]CompilerResultsLog:   C:\Users\morga\Documents\University Level 6\CT6024 - AI\Unreal-Ai\CT6024AdvancedAI\Source\CT6024AdvancedAI\Public\Spy.h(84): warning C4265: 'ASpy::MultipleActions': class has virtual functions, but destructor is not virtual
[2019.12.22-00.31.12:163][174]CompilerResultsLog:            instances of this class may not be destructed correctly
[2019.12.22-00.31.12:164][174]CompilerResultsLog:   C:\Users\morga\Documents\University Level 6\CT6024 - AI\Unreal-Ai\CT6024AdvancedAI\Source\CT6024AdvancedAI\Public\Spy.h(123): warning C4265: 'ASpy::Selector': class has virtual functions, but destructor is not virtual
[2019.12.22-00.31.12:164][174]CompilerResultsLog:            instances of this class may not be destructed correctly
[2019.12.22-00.31.12:165][174]CompilerResultsLog:   C:\Users\morga\Documents\University Level 6\CT6024 - AI\Unreal-Ai\CT6024AdvancedAI\Source\CT6024AdvancedAI\Public\Spy.h(162): warning C4265: 'ASpy::Sequence': class has virtual functions, but destructor is not virtual
[2019.12.22-00.31.12:165][174]CompilerResultsLog:            instances of this class may not be destructed correctly
[2019.12.22-00.31.12:165][174]CompilerResultsLog:   [2/8] Guard.cpp
[2019.12.22-00.31.12:166][174]CompilerResultsLog:   C:\Users\morga\Documents\University Level 6\CT6024 - AI\Unreal-Ai\CT6024AdvancedAI\Source\CT6024AdvancedAI\Public\Spy.h(84): warning C4265: 'ASpy::MultipleActions': class has virtual functions, but destructor is not virtual
[2019.12.22-00.31.12:166][174]CompilerResultsLog:            instances of this class may not be destructed correctly
[2019.12.22-00.31.12:167][174]CompilerResultsLog:   C:\Users\morga\Documents\University Level 6\CT6024 - AI\Unreal-Ai\CT6024AdvancedAI\Source\CT6024AdvancedAI\Public\Spy.h(123): warning C4265: 'ASpy::Selector': class has virtual functions, but destructor is not virtual
[2019.12.22-00.31.12:167][174]CompilerResultsLog:            instances of this class may not be destructed correctly
[2019.12.22-00.31.12:167][174]CompilerResultsLog:   C:\Users\morga\Documents\University Level 6\CT6024 - AI\Unreal-Ai\CT6024AdvancedAI\Source\CT6024AdvancedAI\Public\Spy.h(162): warning C4265: 'ASpy::Sequence': class has virtual functions, but destructor is not virtual
[2019.12.22-00.31.12:168][174]CompilerResultsLog:            instances of this class may not be destructed correctly
[2019.12.22-00.31.12:168][174]CompilerResultsLog:   C:\Users\morga\Documents\University Level 6\CT6024 - AI\Unreal-Ai\CT6024AdvancedAI\Source\CT6024AdvancedAI\Private\Guard.cpp(71): warning C4996: 'UTextRenderComponent::SetText': Passing text as FString is deprecated, please use FText instead (likely via a LOCTEXT). Please update your code to the new API before upgrading to the next release, otherwise your project will no longer compile.
[2019.12.22-00.31.12:169][174]CompilerResultsLog:   C:\Program Files\Epic Games\UE_4.22\Engine\Source\Runtime\Engine\Classes\Components/TextRenderComponent.h(108): note: see declaration of 'UTextRenderComponent::SetText'
[2019.12.22-00.31.12:170][174]CompilerResultsLog:   [3/8] SelfDestructLever.cpp
[2019.12.22-00.31.12:170][174]CompilerResultsLog:   C:\Users\morga\Documents\University Level 6\CT6024 - AI\Unreal-Ai\CT6024AdvancedAI\Source\CT6024AdvancedAI\Public\Spy.h(84): warning C4265: 'ASpy::MultipleActions': class has virtual functions, but destructor is not virtual
[2019.12.22-00.31.12:171][174]CompilerResultsLog:            instances of this class may not be destructed correctly
[2019.12.22-00.31.12:171][174]CompilerResultsLog:   C:\Users\morga\Documents\University Level 6\CT6024 - AI\Unreal-Ai\CT6024AdvancedAI\Source\CT6024AdvancedAI\Public\Spy.h(123): warning C4265: 'ASpy::Selector': class has virtual functions, but destructor is not virtual
[2019.12.22-00.31.12:172][174]CompilerResultsLog:            instances of this class may not be destructed correctly
[2019.12.22-00.31.12:172][174]CompilerResultsLog:   C:\Users\morga\Documents\University Level 6\CT6024 - AI\Unreal-Ai\CT6024AdvancedAI\Source\CT6024AdvancedAI\Public\Spy.h(162): warning C4265: 'ASpy::Sequence': class has virtual functions, but destructor is not virtual
[2019.12.22-00.31.12:173][174]CompilerResultsLog:            instances of this class may not be destructed correctly
[2019.12.22-00.31.12:173][174]CompilerResultsLog:   [4/8] Spy.gen.cpp
[2019.12.22-00.31.12:174][174]CompilerResultsLog:   C:\Users\morga\Documents\University Level 6\CT6024 - AI\Unreal-Ai\CT6024AdvancedAI\Source\CT6024AdvancedAI/Public/Spy.h(84): warning C4265: 'ASpy::MultipleActions': class has virtual functions, but destructor is not virtual
[2019.12.22-00.31.12:175][174]CompilerResultsLog:            instances of this class may not be destructed correctly
[2019.12.22-00.31.12:175][174]CompilerResultsLog:   C:\Users\morga\Documents\University Level 6\CT6024 - AI\Unreal-Ai\CT6024AdvancedAI\Source\CT6024AdvancedAI/Public/Spy.h(123): warning C4265: 'ASpy::Selector': class has virtual functions, but destructor is not virtual
[2019.12.22-00.31.12:176][174]CompilerResultsLog:            instances of this class may not be destructed correctly
[2019.12.22-00.31.12:176][174]CompilerResultsLog:   C:\Users\morga\Documents\University Level 6\CT6024 - AI\Unreal-Ai\CT6024AdvancedAI\Source\CT6024AdvancedAI/Public/Spy.h(162): warning C4265: 'ASpy::Sequence': class has virtual functions, but destructor is not virtual
[2019.12.22-00.31.12:177][174]CompilerResultsLog:            instances of this class may not be destructed correctly
[2019.12.22-00.31.12:177][174]CompilerResultsLog:   [5/8] Spy.cpp
[2019.12.22-00.31.12:177][174]CompilerResultsLog:   C:\Users\morga\Documents\University Level 6\CT6024 - AI\Unreal-Ai\CT6024AdvancedAI\Source\CT6024AdvancedAI\Public\Spy.h(84): warning C4265: 'ASpy::MultipleActions': class has virtual functions, but destructor is not virtual
[2019.12.22-00.31.12:178][174]CompilerResultsLog:            instances of this class may not be destructed correctly
[2019.12.22-00.31.12:178][174]CompilerResultsLog:   C:\Users\morga\Documents\University Level 6\CT6024 - AI\Unreal-Ai\CT6024AdvancedAI\Source\CT6024AdvancedAI\Public\Spy.h(123): warning C4265: 'ASpy::Selector': class has virtual functions, but destructor is not virtual
[2019.12.22-00.31.12:178][174]CompilerResultsLog:            instances of this class may not be destructed correctly
[2019.12.22-00.31.12:179][174]CompilerResultsLog:   C:\Users\morga\Documents\University Level 6\CT6024 - AI\Unreal-Ai\CT6024AdvancedAI\Source\CT6024AdvancedAI\Public\Spy.h(162): warning C4265: 'ASpy::Sequence': class has virtual functions, but destructor is not virtual
[2019.12.22-00.31.12:180][174]CompilerResultsLog:            instances of this class may not be destructed correctly
[2019.12.22-00.31.12:180][174]CompilerResultsLog:   [6/8] UE4Editor-CT6024AdvancedAI-4488.lib
[2019.12.22-00.31.12:180][174]CompilerResultsLog:      Creating library C:\Users\morga\Documents\University Level 6\CT6024 - AI\Unreal-Ai\CT6024AdvancedAI\Intermediate\Build\Win64\UE4Editor\Development\CT6024AdvancedAI\UE4Editor-CT6024AdvancedAI-4488.lib and object C:\Users\morga\Documents\University Level 6\CT6024 - AI\Unreal-Ai\CT6024AdvancedAI\Intermediate\Build\Win64\UE4Editor\Development\CT6024AdvancedAI\UE4Editor-CT6024AdvancedAI-4488.exp
[2019.12.22-00.31.12:181][174]CompilerResultsLog:   [7/8] UE4Editor-CT6024AdvancedAI-4488.dll
[2019.12.22-00.31.12:182][174]CompilerResultsLog:      Creating library C:\Users\morga\Documents\University Level 6\CT6024 - AI\Unreal-Ai\CT6024AdvancedAI\Intermediate\Build\Win64\UE4Editor\Development\CT6024AdvancedAI\UE4Editor-CT6024AdvancedAI-4488.suppressed.lib and object C:\Users\morga\Documents\University Level 6\CT6024 - AI\Unreal-Ai\CT6024AdvancedAI\Intermediate\Build\Win64\UE4Editor\Development\CT6024AdvancedAI\UE4Editor-CT6024AdvancedAI-4488.suppressed.exp
[2019.12.22-00.31.12:183][174]CompilerResultsLog:   [8/8] CT6024AdvancedAIEditor.target
[2019.12.22-00.31.12:183][174]CompilerResultsLog: Total time in Parallel executor: 9.58 seconds
[2019.12.22-00.31.12:183][174]CompilerResultsLog: Total execution time: 33.74 seconds
[2019.12.22-00.31.12:183][174]LogMainFrame: MainFrame: Module compiling took 34.055 seconds
[2019.12.22-00.31.12:221][174]LogUObjectHash: Compacting FUObjectHashTables data took   1.29ms
[2019.12.22-00.31.12:281][174]LogHotReload: Re-instancing ChargingArea after hot-reload.
[2019.12.22-00.31.12:447][174]LogHotReload: Re-instancing Guard after hot-reload.
[2019.12.22-00.31.12:604][174]LogHotReload: Re-instancing Spy after hot-reload.
[2019.12.22-00.31.12:733][174]LogContentBrowser: Native class hierarchy updated for 'CT6024AdvancedAI' in 0.0006 seconds. Added 14 classes and 3 folders.
[2019.12.22-00.31.12:737][174]Display: HotReload successful (13 functions remapped  0 scriptstructs remapped)
[2019.12.22-00.31.12:881][174]LogUObjectHash: Compacting FUObjectHashTables data took   1.80ms
[2019.12.22-00.31.12:897][174]LogContentBrowser: Native class hierarchy populated in 0.0104 seconds. Added 2747 classes and 664 folders.
[2019.12.22-00.31.12:898][174]Display: HotReload took 34.8s.
[2019.12.22-00.31.14:404][262]LogTemp: Repeating last play command: Selected Viewport
[2019.12.22-00.31.14:443][262]LogBlueprintUserMessages: Early PlayInEditor Detection: Level '/Game/Levels/NukeLaunch.NukeLaunch:PersistentLevel' has LevelScriptBlueprint '/Game/Levels/NukeLaunch.NukeLaunch:PersistentLevel.NukeLaunch' with GeneratedClass '/Game/Levels/NukeLaunch.NukeLaunch_C' with ClassGeneratedBy '/Game/Levels/NukeLaunch.NukeLaunch:PersistentLevel.NukeLaunch'
[2019.12.22-00.31.14:444][262]LogPlayLevel: PlayLevel: No blueprints needed recompiling
[2019.12.22-00.31.14:444][262]PIE: New page: PIE session: NukeLaunch (22 Dec 2019 02:31:14)
[2019.12.22-00.31.14:444][262]LogPlayLevel: Creating play world package: /Game/Levels/UEDPIE_0_NukeLaunch
[2019.12.22-00.31.14:576][262]LogPlayLevel: PIE: StaticDuplicateObject took: (0.132280s)
[2019.12.22-00.31.14:577][262]LogPlayLevel: PIE: World Init took: (0.000644s)
[2019.12.22-00.31.14:577][262]LogPlayLevel: PIE: Created PIE world by copying editor world from /Game/Levels/NukeLaunch.NukeLaunch to /Game/Levels/UEDPIE_0_NukeLaunch.NukeLaunch (0.133522s)
[2019.12.22-00.31.14:608][262]LogUObjectHash: Compacting FUObjectHashTables data took   1.60ms
[2019.12.22-00.31.14:618][262]LogInit: XAudio2 using 'Headphones (Realtek High Definition Audio(SST))' : 2 channels at 48 kHz using 32 bits per sample (channel mask 0x3)
[2019.12.22-00.31.14:640][262]LogInit: FAudioDevice initialized.
[2019.12.22-00.31.14:669][262]LogLoad: Game class is 'SpectateAIGameMode_C'
[2019.12.22-00.31.14:684][262]LogWorld: Bringing World /Game/Levels/UEDPIE_0_NukeLaunch.NukeLaunch up for play (max tick rate 60) at 2019.12.22-01.31.14
[2019.12.22-00.31.14:686][262]LogWorld: Bringing up level for play took: 0.015502
[2019.12.22-00.31.14:699][262]LogSpawn: Warning: SpawnActor failed because no class was specified
[2019.12.22-00.31.14:699][262]LogGameMode: Display: Match State Changed from EnteringMap to WaitingToStart
[2019.12.22-00.31.14:700][262]LogGameState: Match State Changed from EnteringMap to WaitingToStart
[2019.12.22-00.31.14:700][262]LogGameMode: Display: Match State Changed from WaitingToStart to InProgress
[2019.12.22-00.31.14:702][262]LogGameState: Match State Changed from WaitingToStart to InProgress
[2019.12.22-00.31.14:702][262]PIE: Play in editor start time for /Game/Levels/UEDPIE_0_NukeLaunch 0.873
[2019.12.22-00.31.14:703][262]LogBlueprintUserMessages: Late PlayInEditor Detection: Level '/Game/Levels/NukeLaunch.NukeLaunch:PersistentLevel' has LevelScriptBlueprint '/Game/Levels/NukeLaunch.NukeLaunch:PersistentLevel.NukeLaunch' with GeneratedClass '/Game/Levels/NukeLaunch.NukeLaunch_C' with ClassGeneratedBy '/Game/Levels/NukeLaunch.NukeLaunch:PersistentLevel.NukeLaunch'
[2019.12.22-00.31.25:263][785]LogWindows: Error: === Critical error: ===
[2019.12.22-00.31.25:263][785]LogWindows: Error: 
[2019.12.22-00.31.25:263][785]LogWindows: Error: Fatal error!
[2019.12.22-00.31.25:263][785]LogWindows: Error: 
[2019.12.22-00.31.25:263][785]LogWindows: Error: Unhandled Exception: EXCEPTION_ACCESS_VIOLATION reading address 0xffffffff
[2019.12.22-00.31.25:263][785]LogWindows: Error: 
[2019.12.22-00.31.25:263][785]LogWindows: Error: [Callstack] 0x00007ffae060bf08 UE4Editor-CT6024AdvancedAI-4488.dll!ASpy::EvadeGuardAction::Update() [C:\Users\morga\Documents\University Level 6\CT6024 - AI\Unreal-Ai\CT6024AdvancedAI\Source\CT6024AdvancedAI\Public\Spy.h:393]
[2019.12.22-00.31.25:263][785]LogWindows: Error: [Callstack] 0x00007ffae060d841 UE4Editor-CT6024AdvancedAI-4488.dll!ASpy::Sequence::Update() [C:\Users\morga\Documents\University Level 6\CT6024 - AI\Unreal-Ai\CT6024AdvancedAI\Source\CT6024AdvancedAI\Public\Spy.h:136]
[2019.12.22-00.31.25:264][785]LogWindows: Error: [Callstack] 0x00007ffae060d701 UE4Editor-CT6024AdvancedAI-4488.dll!ASpy::Selector::Update() [C:\Users\morga\Documents\University Level 6\CT6024 - AI\Unreal-Ai\CT6024AdvancedAI\Source\CT6024AdvancedAI\Public\Spy.h:97]
[2019.12.22-00.31.25:264][785]LogWindows: Error: [Callstack] 0x00007ffaf82ffea2 UE4Editor-Engine.dll!UnknownFunction []
[2019.12.22-00.31.25:264][785]LogWindows: Error: [Callstack] 0x00007ffaf82caeed UE4Editor-Engine.dll!UnknownFunction []
[2019.12.22-00.31.25:264][785]LogWindows: Error: [Callstack] 0x00007ffaf92872bc UE4Editor-Engine.dll!UnknownFunction []
[2019.12.22-00.31.25:264][785]LogWindows: Error: [Callstack] 0x00007ffb0a9c22d8 UE4Editor-Core.dll!UnknownFunction []
[2019.12.22-00.31.25:264][785]LogWindows: Error: [Callstack] 0x00007ffb0a9c2563 UE4Editor-Core.dll!UnknownFunction []
[2019.12.22-00.31.25:264][785]LogWindows: Error: [Callstack] 0x00007ffb0a9d2309 UE4Editor-Core.dll!UnknownFunction []
[2019.12.22-00.31.25:264][785]LogWindows: Error: [Callstack] 0x00007ffaf92cf9e3 UE4Editor-Engine.dll!UnknownFunction []
[2019.12.22-00.31.25:264][785]LogWindows: Error: [Callstack] 0x00007ffaf92dbd12 UE4Editor-Engine.dll!UnknownFunction []
[2019.12.22-00.31.25:264][785]LogWindows: Error: [Callstack] 0x00007ffaf8afdc4f UE4Editor-Engine.dll!UnknownFunction []
[2019.12.22-00.31.25:264][785]LogWindows: Error: [Callstack] 0x00007ffaf8b07e28 UE4Editor-Engine.dll!UnknownFunction []
[2019.12.22-00.31.25:264][785]LogWindows: Error: [Callstack] 0x00007ffaf6e502f7 UE4Editor-UnrealEd.dll!UnknownFunction []
[2019.12.22-00.31.25:264][785]LogWindows: Error: [Callstack] 0x00007ffaf766d396 UE4Editor-UnrealEd.dll!UnknownFunction []
[2019.12.22-00.31.25:264][785]LogWindows: Error: [Callstack] 0x00007ff615746bb1 UE4Editor.exe!UnknownFunction []
[2019.12.22-00.31.25:264][785]LogWindows: Error: [Callstack] 0x00007ff61575554c UE4Editor.exe!UnknownFunction []
[2019.12.22-00.31.25:264][785]LogWindows: Error: [Callstack] 0x00007ff6157555ca UE4Editor.exe!UnknownFunction []
[2019.12.22-00.31.25:264][785]LogWindows: Error: [Callstack] 0x00007ff61576316c UE4Editor.exe!UnknownFunction []
[2019.12.22-00.31.25:264][785]LogWindows: Error: [Callstack] 0x00007ff615765b8e UE4Editor.exe!UnknownFunction []
[2019.12.22-00.31.25:264][785]LogWindows: Error: [Callstack] 0x00007ffb57d07bd4 KERNEL32.DLL!UnknownFunction []
[2019.12.22-00.31.25:264][785]LogWindows: Error: [Callstack] 0x00007ffb5936ced1 ntdll.dll!UnknownFunction []
[2019.12.22-00.31.25:264][785]LogWindows: Error: 
[2019.12.22-00.31.25:287][785]LogExit: Executing StaticShutdownAfterError
[2019.12.22-00.31.25:290][785]LogWindows: FPlatformMisc::RequestExit(1)
[2019.12.22-00.31.25:301][785]Log file closed, 12/22/19 01:31:25
