Log file open, 12/15/19 05:42:51
LogWindows: Failed to load 'aqProf.dll' (GetLastError=126)
LogWindows: File 'aqProf.dll' does not exist
LogWindows: Failed to load 'VtuneApi.dll' (GetLastError=126)
LogWindows: File 'VtuneApi.dll' does not exist
LogWindows: Failed to load 'VtuneApi32e.dll' (GetLastError=126)
LogWindows: File 'VtuneApi32e.dll' does not exist
LogConsoleResponse: Display: Failed to find resolution value strings in scalability ini. Falling back to default.
LogInit: Display: Running engine for game: CT6024AdvancedAI
LogPakFile: Registered encryption key '00000000000000000000000000000000': 0 pak files mounted, 0 remain pending
LogPlatformFile: Not using cached read wrapper
LogTaskGraph: Started task graph with 5 named threads and 23 total threads with 3 sets of task threads.
LogStats: Stats thread started at 0.371297
LogD3D11RHI: Loaded GFSDK_Aftermath_Lib.x64.dll
LogICUInternationalization: ICU TimeZone Detection - Raw Offset: +0:00, Platform Override: ''
LogPluginManager: Mounting plugin Paper2D
LogPluginManager: Mounting plugin AISupport
LogPluginManager: Mounting plugin LightPropagationVolume
LogPluginManager: Mounting plugin ActorLayerUtilities
LogPluginManager: Mounting plugin AnimationSharing
LogPluginManager: Mounting plugin CLionSourceCodeAccess
LogPluginManager: Mounting plugin CodeLiteSourceCodeAccess
LogPluginManager: Mounting plugin GitSourceControl
LogPluginManager: Mounting plugin KDevelopSourceCodeAccess
LogPluginManager: Mounting plugin NullSourceCodeAccess
LogPluginManager: Mounting plugin PerforceSourceControl
LogPluginManager: Mounting plugin SubversionSourceControl
LogPluginManager: Mounting plugin UObjectPlugin
LogPluginManager: Mounting plugin VisualStudioCodeSourceCodeAccess
LogPluginManager: Mounting plugin VisualStudioSourceCodeAccess
LogPluginManager: Mounting plugin XCodeSourceCodeAccess
LogPluginManager: Mounting plugin AssetManagerEditor
LogPluginManager: Mounting plugin CryptoKeys
LogPluginManager: Mounting plugin DataValidation
LogPluginManager: Mounting plugin FacialAnimation
LogPluginManager: Mounting plugin GameplayTagsEditor
LogPluginManager: Mounting plugin MacGraphicsSwitching
LogPluginManager: Mounting plugin MaterialAnalyzer
LogPluginManager: Mounting plugin MobileLauncherProfileWizard
LogPluginManager: Mounting plugin PluginBrowser
LogPluginManager: Mounting plugin SpeedTreeImporter
LogPluginManager: Mounting plugin DatasmithContent
LogPluginManager: Mounting plugin VariantManagerContent
LogPluginManager: Mounting plugin AlembicImporter
LogPluginManager: Mounting plugin AppleImageUtils
LogPluginManager: Mounting plugin AppleVision
LogPluginManager: Mounting plugin BackChannel
LogPluginManager: Mounting plugin CharacterAI
LogPluginManager: Mounting plugin GeometryCache
LogPluginManager: Mounting plugin HTML5Networking
LogPluginManager: Mounting plugin ProxyLODPlugin
LogPluginManager: Mounting plugin SkeletalReduction
LogPluginManager: Mounting plugin MagicLeap
LogPluginManager: Mounting plugin MagicLeapMedia
LogPluginManager: Mounting plugin AndroidMedia
LogPluginManager: Mounting plugin AvfMedia
LogPluginManager: Mounting plugin ImgMedia
LogPluginManager: Mounting plugin LinearTimecode
LogPluginManager: Mounting plugin MediaCompositing
LogPluginManager: Mounting plugin MediaPlayerEditor
LogPluginManager: Mounting plugin WebMMedia
LogPluginManager: Mounting plugin WmfMedia
LogPluginManager: Mounting plugin TcpMessaging
LogPluginManager: Mounting plugin UdpMessaging
LogPluginManager: Mounting plugin ActorSequence
LogPluginManager: Mounting plugin LevelSequenceEditor
LogPluginManager: Mounting plugin MatineeToLevelSequence
LogPluginManager: Mounting plugin NetcodeUnitTest
LogPluginManager: Mounting plugin NUTUnrealEngine4
LogPluginManager: Mounting plugin OnlineSubsystemGooglePlay
LogPluginManager: Mounting plugin OnlineSubsystemIOS
LogPluginManager: Mounting plugin OnlineSubsystem
LogPluginManager: Mounting plugin OnlineSubsystemNull
LogPluginManager: Mounting plugin OnlineSubsystemUtils
LogPluginManager: Mounting plugin LauncherChunkInstaller
LogPluginManager: Mounting plugin AndroidDeviceProfileSelector
LogPluginManager: Mounting plugin AndroidMoviePlayer
LogPluginManager: Mounting plugin AndroidPermission
LogPluginManager: Mounting plugin AppleMoviePlayer
LogPluginManager: Mounting plugin ArchVisCharacter
LogPluginManager: Mounting plugin AudioCapture
LogPluginManager: Mounting plugin CableComponent
LogPluginManager: Mounting plugin CustomMeshComponent
LogPluginManager: Mounting plugin EditableMesh
LogPluginManager: Mounting plugin ExampleDeviceProfileSelector
LogPluginManager: Mounting plugin Firebase
LogPluginManager: Mounting plugin GoogleCloudMessaging
LogPluginManager: Mounting plugin IOSDeviceProfileSelector
LogPluginManager: Mounting plugin LinuxDeviceProfileSelector
LogPluginManager: Mounting plugin LocationServicesBPLibrary
LogPluginManager: Mounting plugin MobilePatchingUtils
LogPluginManager: Mounting plugin OculusVR
LogPluginManager: Mounting plugin PhysXVehicles
LogPluginManager: Mounting plugin ProceduralMeshComponent
LogPluginManager: Mounting plugin RuntimePhysXCooking
LogPluginManager: Mounting plugin SignificanceManager
LogPluginManager: Mounting plugin SteamVR
LogPluginManager: Mounting plugin WebMMoviePlayer
LogPluginManager: Mounting plugin WindowsMoviePlayer
LogInit: Using libcurl 7.55.1-DEV
LogInit:  - built for x86_64-pc-win32
LogInit:  - supports SSL with OpenSSL/1.1.1
LogInit:  - supports HTTP deflate (compression) using libz 1.2.8
LogInit:  - other features:
LogInit:      CURL_VERSION_SSL
LogInit:      CURL_VERSION_LIBZ
LogInit:      CURL_VERSION_IPV6
LogInit:      CURL_VERSION_ASYNCHDNS
LogInit:      CURL_VERSION_LARGEFILE
LogInit:      CURL_VERSION_IDN
LogInit:  CurlRequestOptions (configurable via config and command line):
LogInit:  - bVerifyPeer = true  - Libcurl will verify peer certificate
LogInit:  - bUseHttpProxy = false  - Libcurl will NOT use HTTP proxy
LogInit:  - bDontReuseConnections = false  - Libcurl will reuse connections
LogInit:  - MaxHostConnections = 16  - Libcurl will limit the number of connections to a host
LogInit:  - LocalHostAddr = Default
LogInit:  - BufferSize = 65536
LogInit: WinSock: version 1.1 (2.2), MaxSocks=32767, MaxUdp=65467
LogInit: Build: ++UE4+Release-4.22-CL-7053642
LogInit: Engine Version: 4.22.3-7053642+++UE4+Release-4.22
LogInit: Compatible Engine Version: 4.22.0-5660361+++UE4+Release-4.22
LogInit: Net CL: 5660361
LogInit: OS: Windows 10 (Release 1909) (), CPU: Intel(R) Core(TM) i7-8650U CPU @ 1.90GHz, GPU: Intel(R) UHD Graphics 620
LogInit: Compiled (64-bit): Jun 18 2019 03:09:11
LogInit: Compiled with Visual C++: 19.16.27025.01
LogInit: Build Configuration: Development
LogInit: Branch Name: ++UE4+Release-4.22
LogInit: Command Line:  -EpicPortal -epicusername=mojoemandem -epicuserid=535e5acf315d4098a6b55e18cb49b508 -epiclocale=en-GB
LogInit: Base Directory: C:/Program Files/Epic Games/UE_4.22/Engine/Binaries/Win64/
LogInit: Installed Engine Build: 1
LogDevObjectVersion: Number of dev versions registered: 23
LogDevObjectVersion:   Dev-Blueprints (B0D832E4-1F89-4F0D-ACCF-7EB736FD4AA2): 10
LogDevObjectVersion:   Dev-Build (E1C64328-A22C-4D53-A36C-8E866417BD8C): 0
LogDevObjectVersion:   Dev-Core (375EC13C-06E4-48FB-B500-84F0262A717E): 3
LogDevObjectVersion:   Dev-Editor (E4B068ED-F494-42E9-A231-DA0B2E46BB41): 30
LogDevObjectVersion:   Dev-Framework (CFFC743F-43B0-4480-9391-14DF171D2073): 35
LogDevObjectVersion:   Dev-Mobile (B02B49B5-BB20-44E9-A304-32B752E40360): 2
LogDevObjectVersion:   Dev-Networking (A4E4105C-59A1-49B5-A7C5-40C4547EDFEE): 0
LogDevObjectVersion:   Dev-Online (39C831C9-5AE6-47DC-9A44-9C173E1C8E7C): 0
LogDevObjectVersion:   Dev-Physics (78F01B33-EBEA-4F98-B9B4-84EACCB95AA2): 0
LogDevObjectVersion:   Dev-Platform (6631380F-2D4D-43E0-8009-CF276956A95A): 0
LogDevObjectVersion:   Dev-Rendering (12F88B9F-8875-4AFC-A67C-D90C383ABD29): 28
LogDevObjectVersion:   Dev-Sequencer (7B5AE74C-D270-4C10-A958-57980B212A5A): 11
LogDevObjectVersion:   Dev-VR (D7296918-1DD6-4BDD-9DE2-64A83CC13884): 2
LogDevObjectVersion:   Dev-LoadTimes (C2A15278-BFE7-4AFE-6C17-90FF531DF755): 1
LogDevObjectVersion:   Private-Geometry (6EACA3D4-40EC-4CC1-B786-8BED09428FC5): 3
LogDevObjectVersion:   Dev-AnimPhys (29E575DD-E0A3-4627-9D10-D276232CDCEA): 17
LogDevObjectVersion:   Dev-Anim (AF43A65D-7FD3-4947-9873-3E8ED9C1BB05): 2
LogDevObjectVersion:   Dev-ReflectionCapture (6B266CEC-1EC7-4B8F-A30B-E4D90942FC07): 1
LogDevObjectVersion:   Dev-Automation (0DF73D61-A23F-47EA-B727-89E90C41499A): 1
LogDevObjectVersion:   FortniteMain (601D1886-AC64-4F84-AA16-D3DE0DEAC7D6): 25
LogDevObjectVersion:   Dev-Enterprise (9DFFBCD6-494F-0158-E221-12823C92A888): 6
LogDevObjectVersion:   Dev-Niagara (F2AED0AC-9AFE-416F-8664-AA7FFA26D6FC): 1
LogDevObjectVersion:   Dev-Destruction (174F1F0B-B4C6-45A5-B13F-2EE8D0FB917D): 2
LogInit: Presizing for max 16777216 objects, including 0 objects not considered by GC, pre-allocating 0 bytes for permanent pool.
LogInit: Object subsystem initialized
LogConfig: Setting CVar [[con.DebugEarlyDefault:1]]
LogConfig: Setting CVar [[r.setres:1280x720]]
[2019.12.15-05.42.51:628][  0]LogConfig: Setting CVar [[r.VSync:0]]
[2019.12.15-05.42.51:628][  0]LogConfig: Setting CVar [[r.RHICmdBypass:0]]
[2019.12.15-05.42.51:628][  0]LogConfig: Applying CVar settings from Section [/Script/Engine.RendererSettings] File [C:/Users/morga/Documents/University Level 6/CT6024 - AI/CT6024AdvancedAI/Saved/Config/Windows/Engine.ini]
[2019.12.15-05.42.51:628][  0]LogConfig: Setting CVar [[r.GPUCrashDebugging:0]]
[2019.12.15-05.42.51:628][  0]LogConfig: Applying CVar settings from Section [/Script/Engine.RendererOverrideSettings] File [C:/Users/morga/Documents/University Level 6/CT6024 - AI/CT6024AdvancedAI/Saved/Config/Windows/Engine.ini]
[2019.12.15-05.42.51:628][  0]LogConfig: Applying CVar settings from Section [/Script/Engine.StreamingSettings] File [C:/Users/morga/Documents/University Level 6/CT6024 - AI/CT6024AdvancedAI/Saved/Config/Windows/Engine.ini]
[2019.12.15-05.42.51:628][  0]LogConfig: Setting CVar [[s.MinBulkDataSizeForAsyncLoading:131072]]
[2019.12.15-05.42.51:629][  0]LogConfig: Setting CVar [[s.AsyncLoadingThreadEnabled:0]]
[2019.12.15-05.42.51:629][  0]LogConfig: Setting CVar [[s.EventDrivenLoaderEnabled:1]]
[2019.12.15-05.42.51:629][  0]LogConfig: Setting CVar [[s.WarnIfTimeLimitExceeded:0]]
[2019.12.15-05.42.51:629][  0]LogConfig: Setting CVar [[s.TimeLimitExceededMultiplier:1.5]]
[2019.12.15-05.42.51:629][  0]LogConfig: Setting CVar [[s.TimeLimitExceededMinTime:0.005]]
[2019.12.15-05.42.51:629][  0]LogConfig: Setting CVar [[s.UseBackgroundLevelStreaming:1]]
[2019.12.15-05.42.51:629][  0]LogConfig: Setting CVar [[s.PriorityAsyncLoadingExtraTime:15.0]]
[2019.12.15-05.42.51:629][  0]LogConfig: Setting CVar [[s.LevelStreamingActorsUpdateTimeLimit:5.0]]
[2019.12.15-05.42.51:629][  0]LogConfig: Setting CVar [[s.PriorityLevelStreamingActorsUpdateExtraTime:5.0]]
[2019.12.15-05.42.51:629][  0]LogConfig: Setting CVar [[s.LevelStreamingComponentsRegistrationGranularity:10]]
[2019.12.15-05.42.51:629][  0]LogConfig: Setting CVar [[s.UnregisterComponentsTimeLimit:1.0]]
[2019.12.15-05.42.51:629][  0]LogConfig: Setting CVar [[s.LevelStreamingComponentsUnregistrationGranularity:5]]
[2019.12.15-05.42.51:629][  0]LogConfig: Applying CVar settings from Section [/Script/Engine.GarbageCollectionSettings] File [C:/Users/morga/Documents/University Level 6/CT6024 - AI/CT6024AdvancedAI/Saved/Config/Windows/Engine.ini]
[2019.12.15-05.42.51:629][  0]LogConfig: Setting CVar [[gc.MaxObjectsNotConsideredByGC:1]]
[2019.12.15-05.42.51:629][  0]LogConfig: Setting CVar [[gc.SizeOfPermanentObjectPool:0]]
[2019.12.15-05.42.51:629][  0]LogConfig: Setting CVar [[gc.FlushStreamingOnGC:0]]
[2019.12.15-05.42.51:629][  0]LogConfig: Setting CVar [[gc.NumRetriesBeforeForcingGC:10]]
[2019.12.15-05.42.51:629][  0]LogConfig: Setting CVar [[gc.AllowParallelGC:1]]
[2019.12.15-05.42.51:629][  0]LogConfig: Setting CVar [[gc.TimeBetweenPurgingPendingKillObjects:61.1]]
[2019.12.15-05.42.51:629][  0]LogConfig: Setting CVar [[gc.MaxObjectsInEditor:16777216]]
[2019.12.15-05.42.51:630][  0]LogConfig: Setting CVar [[gc.IncrementalBeginDestroyEnabled:1]]
[2019.12.15-05.42.51:630][  0]LogConfig: Setting CVar [[gc.CreateGCClusters:1]]
[2019.12.15-05.42.51:630][  0]LogConfig: Setting CVar [[gc.MinGCClusterSize:5]]
[2019.12.15-05.42.51:630][  0]LogConfig: Setting CVar [[gc.ActorClusteringEnabled:0]]
[2019.12.15-05.42.51:630][  0]LogConfig: Setting CVar [[gc.BlueprintClusteringEnabled:0]]
[2019.12.15-05.42.51:630][  0]LogConfig: Setting CVar [[gc.UseDisregardForGCOnDedicatedServers:0]]
[2019.12.15-05.42.51:630][  0]LogConfig: Applying CVar settings from Section [/Script/Engine.NetworkSettings] File [C:/Users/morga/Documents/University Level 6/CT6024 - AI/CT6024AdvancedAI/Saved/Config/Windows/Engine.ini]
[2019.12.15-05.42.51:630][  0]LogConfig: Applying CVar settings from Section [/Script/UnrealEd.CookerSettings] File [C:/Users/morga/Documents/University Level 6/CT6024 - AI/CT6024AdvancedAI/Saved/Config/Windows/Engine.ini]
[2019.12.15-05.42.51:639][  0]LogConfig: Applying CVar settings from Section [ViewDistanceQuality@3] File [C:/Users/morga/Documents/University Level 6/CT6024 - AI/CT6024AdvancedAI/Saved/Config/Windows/Scalability.ini]
[2019.12.15-05.42.51:639][  0]LogConfig: Setting CVar [[r.SkeletalMeshLODBias:0]]
[2019.12.15-05.42.51:640][  0]LogConfig: Setting CVar [[r.ViewDistanceScale:1.0]]
[2019.12.15-05.42.51:640][  0]LogConfig: Applying CVar settings from Section [AntiAliasingQuality@3] File [C:/Users/morga/Documents/University Level 6/CT6024 - AI/CT6024AdvancedAI/Saved/Config/Windows/Scalability.ini]
[2019.12.15-05.42.51:640][  0]LogConfig: Setting CVar [[r.PostProcessAAQuality:4]]
[2019.12.15-05.42.51:640][  0]LogConfig: Applying CVar settings from Section [ShadowQuality@3] File [C:/Users/morga/Documents/University Level 6/CT6024 - AI/CT6024AdvancedAI/Saved/Config/Windows/Scalability.ini]
[2019.12.15-05.42.51:640][  0]LogConfig: Setting CVar [[r.LightFunctionQuality:1]]
[2019.12.15-05.42.51:640][  0]LogConfig: Setting CVar [[r.ShadowQuality:5]]
[2019.12.15-05.42.51:640][  0]LogConfig: Setting CVar [[r.Shadow.CSM.MaxCascades:10]]
[2019.12.15-05.42.51:640][  0]LogConfig: Setting CVar [[r.Shadow.MaxResolution:2048]]
[2019.12.15-05.42.51:640][  0]LogConfig: Setting CVar [[r.Shadow.MaxCSMResolution:2048]]
[2019.12.15-05.42.51:640][  0]LogConfig: Setting CVar [[r.Shadow.RadiusThreshold:0.01]]
[2019.12.15-05.42.51:640][  0]LogConfig: Setting CVar [[r.Shadow.DistanceScale:1.0]]
[2019.12.15-05.42.51:640][  0]LogConfig: Setting CVar [[r.Shadow.CSM.TransitionScale:1.0]]
[2019.12.15-05.42.51:640][  0]LogConfig: Setting CVar [[r.Shadow.PreShadowResolutionFactor:1.0]]
[2019.12.15-05.42.51:640][  0]LogConfig: Setting CVar [[r.DistanceFieldShadowing:1]]
[2019.12.15-05.42.51:640][  0]LogConfig: Setting CVar [[r.DistanceFieldAO:1]]
[2019.12.15-05.42.51:640][  0]LogConfig: Setting CVar [[r.AOQuality:2]]
[2019.12.15-05.42.51:640][  0]LogConfig: Setting CVar [[r.VolumetricFog:1]]
[2019.12.15-05.42.51:640][  0]LogConfig: Setting CVar [[r.VolumetricFog.GridPixelSize:8]]
[2019.12.15-05.42.51:640][  0]LogConfig: Setting CVar [[r.VolumetricFog.GridSizeZ:128]]
[2019.12.15-05.42.51:640][  0]LogConfig: Setting CVar [[r.VolumetricFog.HistoryMissSupersampleCount:4]]
[2019.12.15-05.42.51:640][  0]LogConfig: Setting CVar [[r.LightMaxDrawDistanceScale:1]]
[2019.12.15-05.42.51:640][  0]LogConfig: Setting CVar [[r.CapsuleShadows:1]]
[2019.12.15-05.42.51:640][  0]LogConfig: Applying CVar settings from Section [PostProcessQuality@3] File [C:/Users/morga/Documents/University Level 6/CT6024 - AI/CT6024AdvancedAI/Saved/Config/Windows/Scalability.ini]
[2019.12.15-05.42.51:640][  0]LogConfig: Setting CVar [[r.MotionBlurQuality:4]]
[2019.12.15-05.42.51:640][  0]LogConfig: Setting CVar [[r.AmbientOcclusionMipLevelFactor:0.4]]
[2019.12.15-05.42.51:640][  0]LogConfig: Setting CVar [[r.AmbientOcclusionMaxQuality:100]]
[2019.12.15-05.42.51:641][  0]LogConfig: Setting CVar [[r.AmbientOcclusionLevels:-1]]
[2019.12.15-05.42.51:641][  0]LogConfig: Setting CVar [[r.AmbientOcclusionRadiusScale:1.0]]
[2019.12.15-05.42.51:641][  0]LogConfig: Setting CVar [[r.DepthOfFieldQuality:2]]
[2019.12.15-05.42.51:641][  0]LogConfig: Setting CVar [[r.RenderTargetPoolMin:400]]
[2019.12.15-05.42.51:641][  0]LogConfig: Setting CVar [[r.LensFlareQuality:2]]
[2019.12.15-05.42.51:641][  0]LogConfig: Setting CVar [[r.SceneColorFringeQuality:1]]
[2019.12.15-05.42.51:641][  0]LogConfig: Setting CVar [[r.EyeAdaptationQuality:2]]
[2019.12.15-05.42.51:641][  0]LogConfig: Setting CVar [[r.BloomQuality:5]]
[2019.12.15-05.42.51:641][  0]LogConfig: Setting CVar [[r.FastBlurThreshold:100]]
[2019.12.15-05.42.51:641][  0]LogConfig: Setting CVar [[r.Upscale.Quality:3]]
[2019.12.15-05.42.51:641][  0]LogConfig: Setting CVar [[r.Tonemapper.GrainQuantization:1]]
[2019.12.15-05.42.51:641][  0]LogConfig: Setting CVar [[r.LightShaftQuality:1]]
[2019.12.15-05.42.51:641][  0]LogConfig: Setting CVar [[r.Filter.SizeScale:1]]
[2019.12.15-05.42.51:641][  0]LogConfig: Setting CVar [[r.Tonemapper.Quality:5]]
[2019.12.15-05.42.51:641][  0]LogConfig: Setting CVar [[r.DOF.Gather.AccumulatorQuality:1        ; higher gathering accumulator quality]]
[2019.12.15-05.42.51:641][  0]LogConfig: Setting CVar [[r.DOF.Gather.PostfilterMethod:1          ; Median3x3 postfilering method]]
[2019.12.15-05.42.51:641][  0]LogConfig: Setting CVar [[r.DOF.Gather.EnableBokehSettings:0       ; no bokeh simulation when gathering]]
[2019.12.15-05.42.51:641][  0]LogConfig: Setting CVar [[r.DOF.Gather.RingCount:4                 ; medium number of samples when gathering]]
[2019.12.15-05.42.51:641][  0]LogConfig: Setting CVar [[r.DOF.Scatter.ForegroundCompositing:1    ; additive foreground scattering]]
[2019.12.15-05.42.51:641][  0]LogConfig: Setting CVar [[r.DOF.Scatter.BackgroundCompositing:2    ; additive background scattering]]
[2019.12.15-05.42.51:641][  0]LogConfig: Setting CVar [[r.DOF.Scatter.EnableBokehSettings:1      ; bokeh simulation when scattering]]
[2019.12.15-05.42.51:641][  0]LogConfig: Setting CVar [[r.DOF.Scatter.MaxSpriteRatio:0.1         ; only a maximum of 10% of scattered bokeh]]
[2019.12.15-05.42.51:641][  0]LogConfig: Setting CVar [[r.DOF.Recombine.Quality:1                ; cheap slight out of focus]]
[2019.12.15-05.42.51:641][  0]LogConfig: Setting CVar [[r.DOF.Recombine.EnableBokehSettings:0    ; no bokeh simulation on slight out of focus]]
[2019.12.15-05.42.51:641][  0]LogConfig: Setting CVar [[r.DOF.TemporalAAQuality:1                ; more stable temporal accumulation]]
[2019.12.15-05.42.51:642][  0]LogConfig: Setting CVar [[r.DOF.Kernel.MaxForegroundRadius:0.025]]
[2019.12.15-05.42.51:642][  0]LogConfig: Setting CVar [[r.DOF.Kernel.MaxBackgroundRadius:0.025]]
[2019.12.15-05.42.51:642][  0]LogConfig: Applying CVar settings from Section [TextureQuality@3] File [C:/Users/morga/Documents/University Level 6/CT6024 - AI/CT6024AdvancedAI/Saved/Config/Windows/Scalability.ini]
[2019.12.15-05.42.51:642][  0]LogConfig: Setting CVar [[r.Streaming.MipBias:0]]
[2019.12.15-05.42.51:642][  0]LogConfig: Setting CVar [[r.Streaming.AmortizeCPUToGPUCopy:0]]
[2019.12.15-05.42.51:642][  0]LogConfig: Setting CVar [[r.Streaming.MaxNumTexturesToStreamPerFrame:0]]
[2019.12.15-05.42.51:642][  0]LogConfig: Setting CVar [[r.Streaming.Boost:1]]
[2019.12.15-05.42.51:642][  0]LogConfig: Setting CVar [[r.MaxAnisotropy:8]]
[2019.12.15-05.42.51:642][  0]LogConfig: Setting CVar [[r.Streaming.LimitPoolSizeToVRAM:0]]
[2019.12.15-05.42.51:642][  0]LogConfig: Setting CVar [[r.Streaming.PoolSize:1000]]
[2019.12.15-05.42.51:642][  0]LogConfig: Setting CVar [[r.Streaming.MaxEffectiveScreenSize:0]]
[2019.12.15-05.42.51:642][  0]LogConfig: Applying CVar settings from Section [EffectsQuality@3] File [C:/Users/morga/Documents/University Level 6/CT6024 - AI/CT6024AdvancedAI/Saved/Config/Windows/Scalability.ini]
[2019.12.15-05.42.51:642][  0]LogConfig: Setting CVar [[r.TranslucencyLightingVolumeDim:64]]
[2019.12.15-05.42.51:642][  0]LogConfig: Setting CVar [[r.RefractionQuality:2]]
[2019.12.15-05.42.51:642][  0]LogConfig: Setting CVar [[r.SSR.Quality:3]]
[2019.12.15-05.42.51:642][  0]LogConfig: Setting CVar [[r.SceneColorFormat:4]]
[2019.12.15-05.42.51:642][  0]LogConfig: Setting CVar [[r.DetailMode:2]]
[2019.12.15-05.42.51:642][  0]LogConfig: Setting CVar [[r.TranslucencyVolumeBlur:1]]
[2019.12.15-05.42.51:642][  0]LogConfig: Setting CVar [[r.MaterialQualityLevel:1 ; High quality]]
[2019.12.15-05.42.51:642][  0]LogConfig: Setting CVar [[r.SSS.Scale:1]]
[2019.12.15-05.42.51:642][  0]LogConfig: Setting CVar [[r.SSS.SampleSet:2]]
[2019.12.15-05.42.51:642][  0]LogConfig: Setting CVar [[r.SSS.Quality:1]]
[2019.12.15-05.42.51:642][  0]LogConfig: Setting CVar [[r.SSS.HalfRes:1]]
[2019.12.15-05.42.51:642][  0]LogConfig: Setting CVar [[r.EmitterSpawnRateScale:1.0]]
[2019.12.15-05.42.51:643][  0]LogConfig: Setting CVar [[r.ParticleLightQuality:2]]
[2019.12.15-05.42.51:643][  0]LogConfig: Applying CVar settings from Section [FoliageQuality@3] File [C:/Users/morga/Documents/University Level 6/CT6024 - AI/CT6024AdvancedAI/Saved/Config/Windows/Scalability.ini]
[2019.12.15-05.42.51:643][  0]LogConfig: Setting CVar [[foliage.DensityScale:1.0]]
[2019.12.15-05.42.51:643][  0]LogConfig: Setting CVar [[grass.DensityScale:1.0]]
[2019.12.15-05.42.51:643][  0]LogInit: Selected Device Profile: [Windows]
[2019.12.15-05.42.51:643][  0]LogInit: Applying CVar settings loaded from the selected device profile: [Windows]
[2019.12.15-05.42.51:670][  0]LogHAL: Display: Platform has ~ 16 GB [17101139968 / 17179869184 / 16], which maps to Larger [LargestMinGB=32, LargerMinGB=12, DefaultMinGB=8, SmallerMinGB=6, SmallestMinGB=0)
[2019.12.15-05.42.51:670][  0]LogConfig: Setting CVar [[r.Vulkan.UseRealUBs:0		; Required until we fix HLR fall-out]]
[2019.12.15-05.42.51:671][  0]LogInit: Going up to parent DeviceProfile []
[2019.12.15-05.42.51:671][  0]LogConfig: Applying CVar settings from Section [ViewDistanceQuality@3] File [C:/Users/morga/Documents/University Level 6/CT6024 - AI/CT6024AdvancedAI/Saved/Config/Windows/Scalability.ini]
[2019.12.15-05.42.51:671][  0]LogConfig: Setting CVar [[r.SkeletalMeshLODBias:0]]
[2019.12.15-05.42.51:671][  0]LogConfig: Setting CVar [[r.ViewDistanceScale:1.0]]
[2019.12.15-05.42.51:671][  0]LogConfig: Applying CVar settings from Section [AntiAliasingQuality@3] File [C:/Users/morga/Documents/University Level 6/CT6024 - AI/CT6024AdvancedAI/Saved/Config/Windows/Scalability.ini]
[2019.12.15-05.42.51:671][  0]LogConfig: Setting CVar [[r.PostProcessAAQuality:4]]
[2019.12.15-05.42.51:671][  0]LogConfig: Applying CVar settings from Section [ShadowQuality@3] File [C:/Users/morga/Documents/University Level 6/CT6024 - AI/CT6024AdvancedAI/Saved/Config/Windows/Scalability.ini]
[2019.12.15-05.42.51:671][  0]LogConfig: Setting CVar [[r.LightFunctionQuality:1]]
[2019.12.15-05.42.51:671][  0]LogConfig: Setting CVar [[r.ShadowQuality:5]]
[2019.12.15-05.42.51:671][  0]LogConfig: Setting CVar [[r.Shadow.CSM.MaxCascades:10]]
[2019.12.15-05.42.51:671][  0]LogConfig: Setting CVar [[r.Shadow.MaxResolution:2048]]
[2019.12.15-05.42.51:671][  0]LogConfig: Setting CVar [[r.Shadow.MaxCSMResolution:2048]]
[2019.12.15-05.42.51:671][  0]LogConfig: Setting CVar [[r.Shadow.RadiusThreshold:0.01]]
[2019.12.15-05.42.51:671][  0]LogConfig: Setting CVar [[r.Shadow.DistanceScale:1.0]]
[2019.12.15-05.42.51:671][  0]LogConfig: Setting CVar [[r.Shadow.CSM.TransitionScale:1.0]]
[2019.12.15-05.42.51:671][  0]LogConfig: Setting CVar [[r.Shadow.PreShadowResolutionFactor:1.0]]
[2019.12.15-05.42.51:671][  0]LogConfig: Setting CVar [[r.DistanceFieldShadowing:1]]
[2019.12.15-05.42.51:671][  0]LogConfig: Setting CVar [[r.DistanceFieldAO:1]]
[2019.12.15-05.42.51:671][  0]LogConfig: Setting CVar [[r.AOQuality:2]]
[2019.12.15-05.42.51:671][  0]LogConfig: Setting CVar [[r.VolumetricFog:1]]
[2019.12.15-05.42.51:671][  0]LogConfig: Setting CVar [[r.VolumetricFog.GridPixelSize:8]]
[2019.12.15-05.42.51:671][  0]LogConfig: Setting CVar [[r.VolumetricFog.GridSizeZ:128]]
[2019.12.15-05.42.51:671][  0]LogConfig: Setting CVar [[r.VolumetricFog.HistoryMissSupersampleCount:4]]
[2019.12.15-05.42.51:671][  0]LogConfig: Setting CVar [[r.LightMaxDrawDistanceScale:1]]
[2019.12.15-05.42.51:671][  0]LogConfig: Setting CVar [[r.CapsuleShadows:1]]
[2019.12.15-05.42.51:671][  0]LogConfig: Applying CVar settings from Section [PostProcessQuality@3] File [C:/Users/morga/Documents/University Level 6/CT6024 - AI/CT6024AdvancedAI/Saved/Config/Windows/Scalability.ini]
[2019.12.15-05.42.51:671][  0]LogConfig: Setting CVar [[r.MotionBlurQuality:4]]
[2019.12.15-05.42.51:671][  0]LogConfig: Setting CVar [[r.AmbientOcclusionMipLevelFactor:0.4]]
[2019.12.15-05.42.51:671][  0]LogConfig: Setting CVar [[r.AmbientOcclusionMaxQuality:100]]
[2019.12.15-05.42.51:671][  0]LogConfig: Setting CVar [[r.AmbientOcclusionLevels:-1]]
[2019.12.15-05.42.51:671][  0]LogConfig: Setting CVar [[r.AmbientOcclusionRadiusScale:1.0]]
[2019.12.15-05.42.51:671][  0]LogConfig: Setting CVar [[r.DepthOfFieldQuality:2]]
[2019.12.15-05.42.51:671][  0]LogConfig: Setting CVar [[r.RenderTargetPoolMin:400]]
[2019.12.15-05.42.51:671][  0]LogConfig: Setting CVar [[r.LensFlareQuality:2]]
[2019.12.15-05.42.51:671][  0]LogConfig: Setting CVar [[r.SceneColorFringeQuality:1]]
[2019.12.15-05.42.51:671][  0]LogConfig: Setting CVar [[r.EyeAdaptationQuality:2]]
[2019.12.15-05.42.51:671][  0]LogConfig: Setting CVar [[r.BloomQuality:5]]
[2019.12.15-05.42.51:672][  0]LogConfig: Setting CVar [[r.FastBlurThreshold:100]]
[2019.12.15-05.42.51:672][  0]LogConfig: Setting CVar [[r.Upscale.Quality:3]]
[2019.12.15-05.42.51:672][  0]LogConfig: Setting CVar [[r.Tonemapper.GrainQuantization:1]]
[2019.12.15-05.42.51:672][  0]LogConfig: Setting CVar [[r.LightShaftQuality:1]]
[2019.12.15-05.42.51:672][  0]LogConfig: Setting CVar [[r.Filter.SizeScale:1]]
[2019.12.15-05.42.51:672][  0]LogConfig: Setting CVar [[r.Tonemapper.Quality:5]]
[2019.12.15-05.42.51:672][  0]LogConfig: Setting CVar [[r.DOF.Gather.AccumulatorQuality:1        ; higher gathering accumulator quality]]
[2019.12.15-05.42.51:672][  0]LogConfig: Setting CVar [[r.DOF.Gather.PostfilterMethod:1          ; Median3x3 postfilering method]]
[2019.12.15-05.42.51:672][  0]LogConfig: Setting CVar [[r.DOF.Gather.EnableBokehSettings:0       ; no bokeh simulation when gathering]]
[2019.12.15-05.42.51:672][  0]LogConfig: Setting CVar [[r.DOF.Gather.RingCount:4                 ; medium number of samples when gathering]]
[2019.12.15-05.42.51:672][  0]LogConfig: Setting CVar [[r.DOF.Scatter.ForegroundCompositing:1    ; additive foreground scattering]]
[2019.12.15-05.42.51:672][  0]LogConfig: Setting CVar [[r.DOF.Scatter.BackgroundCompositing:2    ; additive background scattering]]
[2019.12.15-05.42.51:672][  0]LogConfig: Setting CVar [[r.DOF.Scatter.EnableBokehSettings:1      ; bokeh simulation when scattering]]
[2019.12.15-05.42.51:672][  0]LogConfig: Setting CVar [[r.DOF.Scatter.MaxSpriteRatio:0.1         ; only a maximum of 10% of scattered bokeh]]
[2019.12.15-05.42.51:672][  0]LogConfig: Setting CVar [[r.DOF.Recombine.Quality:1                ; cheap slight out of focus]]
[2019.12.15-05.42.51:672][  0]LogConfig: Setting CVar [[r.DOF.Recombine.EnableBokehSettings:0    ; no bokeh simulation on slight out of focus]]
[2019.12.15-05.42.51:672][  0]LogConfig: Setting CVar [[r.DOF.TemporalAAQuality:1                ; more stable temporal accumulation]]
[2019.12.15-05.42.51:672][  0]LogConfig: Setting CVar [[r.DOF.Kernel.MaxForegroundRadius:0.025]]
[2019.12.15-05.42.51:672][  0]LogConfig: Setting CVar [[r.DOF.Kernel.MaxBackgroundRadius:0.025]]
[2019.12.15-05.42.51:672][  0]LogConfig: Applying CVar settings from Section [TextureQuality@3] File [C:/Users/morga/Documents/University Level 6/CT6024 - AI/CT6024AdvancedAI/Saved/Config/Windows/Scalability.ini]
[2019.12.15-05.42.51:672][  0]LogConfig: Setting CVar [[r.Streaming.MipBias:0]]
[2019.12.15-05.42.51:672][  0]LogConfig: Setting CVar [[r.Streaming.AmortizeCPUToGPUCopy:0]]
[2019.12.15-05.42.51:672][  0]LogConfig: Setting CVar [[r.Streaming.MaxNumTexturesToStreamPerFrame:0]]
[2019.12.15-05.42.51:672][  0]LogConfig: Setting CVar [[r.Streaming.Boost:1]]
[2019.12.15-05.42.51:672][  0]LogConfig: Setting CVar [[r.MaxAnisotropy:8]]
[2019.12.15-05.42.51:672][  0]LogConfig: Setting CVar [[r.Streaming.LimitPoolSizeToVRAM:0]]
[2019.12.15-05.42.51:672][  0]LogConfig: Setting CVar [[r.Streaming.PoolSize:1000]]
[2019.12.15-05.42.51:672][  0]LogConfig: Setting CVar [[r.Streaming.MaxEffectiveScreenSize:0]]
[2019.12.15-05.42.51:672][  0]LogConfig: Applying CVar settings from Section [EffectsQuality@3] File [C:/Users/morga/Documents/University Level 6/CT6024 - AI/CT6024AdvancedAI/Saved/Config/Windows/Scalability.ini]
[2019.12.15-05.42.51:672][  0]LogConfig: Setting CVar [[r.TranslucencyLightingVolumeDim:64]]
[2019.12.15-05.42.51:672][  0]LogConfig: Setting CVar [[r.RefractionQuality:2]]
[2019.12.15-05.42.51:672][  0]LogConfig: Setting CVar [[r.SSR.Quality:3]]
[2019.12.15-05.42.51:672][  0]LogConfig: Setting CVar [[r.SceneColorFormat:4]]
[2019.12.15-05.42.51:672][  0]LogConfig: Setting CVar [[r.DetailMode:2]]
[2019.12.15-05.42.51:672][  0]LogConfig: Setting CVar [[r.TranslucencyVolumeBlur:1]]
[2019.12.15-05.42.51:672][  0]LogConfig: Setting CVar [[r.MaterialQualityLevel:1 ; High quality]]
[2019.12.15-05.42.51:672][  0]LogConfig: Setting CVar [[r.SSS.Scale:1]]
[2019.12.15-05.42.51:672][  0]LogConfig: Setting CVar [[r.SSS.SampleSet:2]]
[2019.12.15-05.42.51:672][  0]LogConfig: Setting CVar [[r.SSS.Quality:1]]
[2019.12.15-05.42.51:672][  0]LogConfig: Setting CVar [[r.SSS.HalfRes:1]]
[2019.12.15-05.42.51:672][  0]LogConfig: Setting CVar [[r.EmitterSpawnRateScale:1.0]]
[2019.12.15-05.42.51:672][  0]LogConfig: Setting CVar [[r.ParticleLightQuality:2]]
[2019.12.15-05.42.51:672][  0]LogConfig: Applying CVar settings from Section [FoliageQuality@3] File [C:/Users/morga/Documents/University Level 6/CT6024 - AI/CT6024AdvancedAI/Saved/Config/Windows/Scalability.ini]
[2019.12.15-05.42.51:672][  0]LogConfig: Setting CVar [[foliage.DensityScale:1.0]]
[2019.12.15-05.42.51:673][  0]LogConfig: Setting CVar [[grass.DensityScale:1.0]]
[2019.12.15-05.42.51:673][  0]LogConfig: Applying CVar settings from Section [Startup] File [../../../Engine/Config/ConsoleVariables.ini]
[2019.12.15-05.42.51:673][  0]LogConfig: Setting CVar [[net.UseAdaptiveNetUpdateFrequency:0]]
[2019.12.15-05.42.51:673][  0]LogConfig: Setting CVar [[p.chaos.AllowCreatePhysxBodies:1]]
[2019.12.15-05.42.51:673][  0]LogConfig: Applying CVar settings from Section [ConsoleVariables] File [C:/Users/morga/Documents/University Level 6/CT6024 - AI/CT6024AdvancedAI/Saved/Config/Windows/Engine.ini]
[2019.12.15-05.42.51:673][  0]LogInit: Computer: DESKTOP-718HLV6
[2019.12.15-05.42.51:673][  0]LogInit: User: morga
[2019.12.15-05.42.51:673][  0]LogInit: CPU Page size=4096, Cores=4
[2019.12.15-05.42.51:673][  0]LogInit: High frequency timer resolution =10.000000 MHz
[2019.12.15-05.42.51:674][  0]LogMemory: Memory total: Physical=15.9GB (16GB approx)
[2019.12.15-05.42.51:674][  0]LogMemory: Platform Memory Stats for Windows
[2019.12.15-05.42.51:674][  0]LogMemory: Process Physical Memory: 97.21 MB used, 97.21 MB peak
[2019.12.15-05.42.51:674][  0]LogMemory: Process Virtual Memory: 89.07 MB used, 89.07 MB peak
[2019.12.15-05.42.51:674][  0]LogMemory: Physical Memory: 9556.94 MB used,  6751.98 MB free, 16308.92 MB total
[2019.12.15-05.42.51:674][  0]LogMemory: Virtual Memory: 4642.23 MB used,  134213088.00 MB free, 134217728.00 MB total
[2019.12.15-05.42.51:705][  0]LogInit: Using OS detected language (en-GB).
[2019.12.15-05.42.51:705][  0]LogInit: Using OS detected locale (en-GB).
[2019.12.15-05.42.51:707][  0]LogTextLocalizationManager: No specific localization for 'en-GB' exists, so the 'en' localization will be used.
[2019.12.15-05.42.52:120][  0]LogInit: Setting process to per monitor DPI aware
[2019.12.15-05.42.52:209][  0]LogSlate: New Slate User Created.  User Index 0, Is Virtual User: 0
[2019.12.15-05.42.52:209][  0]LogSlate: Slate User Registered.  User Index 0, Is Virtual User: 0
[2019.12.15-05.42.52:654][  0]LogHMD: Failed to initialize OpenVR with code 110
[2019.12.15-05.42.52:654][  0]LogD3D11RHI: D3D11 adapters:
[2019.12.15-05.42.52:773][  0]LogD3D11RHI:    0. 'NVIDIA GeForce GTX 1060' (Feature Level 11_0)
[2019.12.15-05.42.52:773][  0]LogD3D11RHI:       6054/0/8154 MB DedicatedVideo/DedicatedSystem/SharedSystem, Outputs:2, VendorId:0x10de
[2019.12.15-05.42.52:800][  0]LogD3D11RHI:    1. 'Intel(R) UHD Graphics 620' (Feature Level 11_0)
[2019.12.15-05.42.52:800][  0]LogD3D11RHI:       128/0/8154 MB DedicatedVideo/DedicatedSystem/SharedSystem, Outputs:0, VendorId:0x8086
[2019.12.15-05.42.52:805][  0]LogD3D11RHI:    2. 'Microsoft Basic Render Driver' (Feature Level 11_0)
[2019.12.15-05.42.52:805][  0]LogD3D11RHI:       0/0/8154 MB DedicatedVideo/DedicatedSystem/SharedSystem, Outputs:0, VendorId:0x1414
[2019.12.15-05.42.52:805][  0]LogD3D11RHI: Chosen D3D11 Adapter: 0
[2019.12.15-05.42.52:870][  0]LogD3D11RHI: Creating new Direct3DDevice
[2019.12.15-05.42.52:870][  0]LogD3D11RHI:     GPU DeviceId: 0x1c20 (for the marketing name, search the web for "GPU Device Id")
[2019.12.15-05.42.52:870][  0]LogWindows: EnumDisplayDevices:
[2019.12.15-05.42.52:870][  0]LogWindows:    0. 'Intel(R) UHD Graphics 620' (P:1 D:1)
[2019.12.15-05.42.52:871][  0]LogWindows:    1. 'Intel(R) UHD Graphics 620' (P:0 D:1)
[2019.12.15-05.42.52:871][  0]LogWindows:    2. 'Intel(R) UHD Graphics 620' (P:0 D:0)
[2019.12.15-05.42.52:871][  0]LogWindows: DebugString: PrimaryIsNotTheChoosenAdapter PrimaryIsNotTheChoosenAdapter PrimaryIsNotTheChoosenAdapter FoundDriverCount:0 
[2019.12.15-05.42.52:871][  0]LogD3D11RHI:     Adapter Name: NVIDIA GeForce GTX 1060
[2019.12.15-05.42.52:871][  0]LogD3D11RHI:   Driver Version: Unknown (internal:Unknown, unified:Unknown)
[2019.12.15-05.42.52:872][  0]LogD3D11RHI:      Driver Date: Unknown
[2019.12.15-05.42.52:872][  0]LogRHI: Texture pool is 4237 MB (70% of 6054 MB)
[2019.12.15-05.42.52:937][  0]LogD3D11RHI: Async texture creation enabled
[2019.12.15-05.42.52:944][  0]LogRendererCore: FGlobalReadBuffer::InitRHI
[2019.12.15-05.42.52:945][  0]LogRendererCore: FGlobalReadBuffer::InitRHI
[2019.12.15-05.42.52:945][  0]LogRendererCore: FGlobalReadBuffer::InitRHI
[2019.12.15-05.42.52:961][  0]LogD3D11RHI: GPU Timing Frequency: 1000.000000 (Debug: 2 2)
[2019.12.15-05.42.53:675][  0]LogTemp: Display: Module 'AllDesktopTargetPlatform' loaded TargetPlatform 'AllDesktop'
[2019.12.15-05.42.53:707][  0]LogTemp: Display: Module 'MacClientTargetPlatform' loaded TargetPlatform 'MacClient'
[2019.12.15-05.42.53:733][  0]LogTemp: Display: Module 'MacNoEditorTargetPlatform' loaded TargetPlatform 'MacNoEditor'
[2019.12.15-05.42.53:763][  0]LogTemp: Display: Module 'MacServerTargetPlatform' loaded TargetPlatform 'MacServer'
[2019.12.15-05.42.53:789][  0]LogTemp: Display: Module 'MacTargetPlatform' loaded TargetPlatform 'Mac'
[2019.12.15-05.42.53:814][  0]LogTemp: Display: Module 'WindowsClientTargetPlatform' loaded TargetPlatform 'WindowsClient'
[2019.12.15-05.42.53:838][  0]LogTemp: Display: Module 'WindowsNoEditorTargetPlatform' loaded TargetPlatform 'WindowsNoEditor'
[2019.12.15-05.42.53:868][  0]LogTemp: Display: Module 'WindowsServerTargetPlatform' loaded TargetPlatform 'WindowsServer'
[2019.12.15-05.42.53:885][  0]LogTemp: Display: Module 'WindowsTargetPlatform' loaded TargetPlatform 'Windows'
[2019.12.15-05.42.54:059][  0]LogTemp: Display: Module 'AndroidTargetPlatform' loaded TargetPlatform 'Android'
[2019.12.15-05.42.54:059][  0]LogTemp: Display: Module 'AndroidTargetPlatform' loaded TargetPlatform 'Android_ASTC'
[2019.12.15-05.42.54:059][  0]LogTemp: Display: Module 'AndroidTargetPlatform' loaded TargetPlatform 'Android_ATC'
[2019.12.15-05.42.54:059][  0]LogTemp: Display: Module 'AndroidTargetPlatform' loaded TargetPlatform 'Android_DXT'
[2019.12.15-05.42.54:059][  0]LogTemp: Display: Module 'AndroidTargetPlatform' loaded TargetPlatform 'Android_ETC1'
[2019.12.15-05.42.54:059][  0]LogTemp: Display: Module 'AndroidTargetPlatform' loaded TargetPlatform 'Android_ETC1a'
[2019.12.15-05.42.54:059][  0]LogTemp: Display: Module 'AndroidTargetPlatform' loaded TargetPlatform 'Android_ETC2'
[2019.12.15-05.42.54:059][  0]LogTemp: Display: Module 'AndroidTargetPlatform' loaded TargetPlatform 'Android_PVRTC'
[2019.12.15-05.42.54:059][  0]LogTemp: Display: Module 'AndroidTargetPlatform' loaded TargetPlatform 'AndroidClient'
[2019.12.15-05.42.54:059][  0]LogTemp: Display: Module 'AndroidTargetPlatform' loaded TargetPlatform 'Android_ASTCClient'
[2019.12.15-05.42.54:059][  0]LogTemp: Display: Module 'AndroidTargetPlatform' loaded TargetPlatform 'Android_ATCClient'
[2019.12.15-05.42.54:059][  0]LogTemp: Display: Module 'AndroidTargetPlatform' loaded TargetPlatform 'Android_DXTClient'
[2019.12.15-05.42.54:059][  0]LogTemp: Display: Module 'AndroidTargetPlatform' loaded TargetPlatform 'Android_ETC1Client'
[2019.12.15-05.42.54:059][  0]LogTemp: Display: Module 'AndroidTargetPlatform' loaded TargetPlatform 'Android_ETC1aClient'
[2019.12.15-05.42.54:059][  0]LogTemp: Display: Module 'AndroidTargetPlatform' loaded TargetPlatform 'Android_ETC2Client'
[2019.12.15-05.42.54:059][  0]LogTemp: Display: Module 'AndroidTargetPlatform' loaded TargetPlatform 'Android_PVRTCClient'
[2019.12.15-05.42.54:059][  0]LogTemp: Display: Module 'AndroidTargetPlatform' loaded TargetPlatform 'Android_Multi'
[2019.12.15-05.42.54:059][  0]LogTemp: Display: Module 'AndroidTargetPlatform' loaded TargetPlatform 'Android_MultiClient'
[2019.12.15-05.42.54:062][  0]LogTemp: Display: Module 'HTML5TargetPlatform' loaded TargetPlatform 'HTML5'
[2019.12.15-05.42.54:134][  0]LogTemp: Display: Module 'IOSTargetPlatform' loaded TargetPlatform 'IOSClient'
[2019.12.15-05.42.54:134][  0]LogTemp: Display: Module 'IOSTargetPlatform' loaded TargetPlatform 'IOS'
[2019.12.15-05.42.54:185][  0]LogTemp: Display: Module 'TVOSTargetPlatform' loaded TargetPlatform 'TVOSClient'
[2019.12.15-05.42.54:185][  0]LogTemp: Display: Module 'TVOSTargetPlatform' loaded TargetPlatform 'TVOS'
[2019.12.15-05.42.54:213][  0]LogTemp: Display: Module 'LinuxClientTargetPlatform' loaded TargetPlatform 'LinuxClient'
[2019.12.15-05.42.54:239][  0]LogTemp: Display: Module 'LinuxNoEditorTargetPlatform' loaded TargetPlatform 'LinuxNoEditor'
[2019.12.15-05.42.54:270][  0]LogTemp: Display: Module 'LinuxServerTargetPlatform' loaded TargetPlatform 'LinuxServer'
[2019.12.15-05.42.54:299][  0]LogTemp: Display: Module 'LinuxTargetPlatform' loaded TargetPlatform 'Linux'
[2019.12.15-05.42.54:387][  0]LogTemp: Display: Module 'LuminTargetPlatform' loaded TargetPlatform 'Lumin'
[2019.12.15-05.42.54:387][  0]LogTemp: Display: Module 'LuminTargetPlatform' loaded TargetPlatform 'LuminClient'
[2019.12.15-05.42.54:387][  0]LogTargetPlatformManager: Display: Building Assets For Windows
[2019.12.15-05.42.54:403][  0]LogAudioDebug: Display: Lib vorbis DLL was dynamically loaded.
[2019.12.15-05.42.54:504][  0]LogShaderCompilers: Guid format shader working directory is -42 characters bigger than the processId version (../../../../../../Users/morga/Documents/University Level 6/CT6024 - AI/CT6024AdvancedAI/Intermediate/Shaders/WorkingDirectory/20708/).
[2019.12.15-05.42.54:504][  0]LogShaderCompilers: Cleaned the shader compiler working directory 'C:/Users/morga/AppData/Local/Temp/UnrealShaderWorkingDir/4FF5BE8B446AA0738396668462AFA51D/'.
[2019.12.15-05.42.54:510][  0]LogXGEController: Cannot use XGE Controller as Incredibuild is not installed on this machine.
[2019.12.15-05.42.54:511][  0]LogShaderCompilers: Cannot use XGE Shader Compiler as Incredibuild is not installed on this machine.
[2019.12.15-05.42.54:511][  0]LogShaderCompilers: Display: Using Local Shader Compiler.
[2019.12.15-05.42.55:520][  0]LogDerivedDataCache: Display: Max Cache Size: 512 MB
[2019.12.15-05.42.55:603][  0]LogDerivedDataCache: Loaded boot cache 0.08s 71MB C:/Users/morga/AppData/Local/UnrealEngine/4.22/DerivedDataCache/Boot.ddc.
[2019.12.15-05.42.55:603][  0]LogDerivedDataCache: Display: Loaded Boot cache: C:/Users/morga/AppData/Local/UnrealEngine/4.22/DerivedDataCache/Boot.ddc
[2019.12.15-05.42.55:603][  0]LogDerivedDataCache: FDerivedDataBackendGraph:  Pak pak cache file ../../../../../../Users/morga/Documents/University Level 6/CT6024 - AI/CT6024AdvancedAI/DerivedDataCache/DDC.ddp not found, will not use a pak cache.
[2019.12.15-05.42.55:603][  0]LogDerivedDataCache: Unable to find inner node Pak for hierarchical cache Hierarchy.
[2019.12.15-05.42.55:603][  0]LogDerivedDataCache: FDerivedDataBackendGraph:  CompressedPak pak cache file ../../../../../../Users/morga/Documents/University Level 6/CT6024 - AI/CT6024AdvancedAI/DerivedDataCache/Compressed.ddp not found, will not use a pak cache.
[2019.12.15-05.42.55:603][  0]LogDerivedDataCache: Unable to find inner node CompressedPak for hierarchical cache Hierarchy.
[2019.12.15-05.42.55:623][  0]LogDerivedDataCache: Display: Pak cache opened for reading ../../../Engine/DerivedDataCache/Compressed.ddp.
[2019.12.15-05.42.55:623][  0]LogDerivedDataCache: FDerivedDataBackendGraph:  EnterprisePak pak cache file ../../../Enterprise/DerivedDataCache/Compressed.ddp not found, will not use a pak cache.
[2019.12.15-05.42.55:623][  0]LogDerivedDataCache: Unable to find inner node EnterprisePak for hierarchical cache Hierarchy.
[2019.12.15-05.42.55:636][  0]LogDerivedDataCache: Using Local data cache path C:/Users/morga/AppData/Local/UnrealEngine/Common/DerivedDataCache: Writable
[2019.12.15-05.42.55:636][  0]LogDerivedDataCache: Shared data cache path not found in *engine.ini, will not use an Shared cache.
[2019.12.15-05.42.55:636][  0]LogDerivedDataCache: Unable to find inner node Shared for hierarchical cache Hierarchy.
[2019.12.15-05.42.55:671][  0]LogMaterial: Verifying Global Shaders for PCD3D_SM5
[2019.12.15-05.42.55:672][  0]LogSlate: Using FreeType 2.6.0
[2019.12.15-05.42.55:673][  0]LogSlate: SlateFontServices - WITH_FREETYPE: 1, WITH_HARFBUZZ: 1
[2019.12.15-05.42.55:812][  0]LogAssetRegistry: FAssetRegistry took 0.0415 seconds to start up
[2019.12.15-05.42.56:509][  0]LogInit: Selected Device Profile: [Windows]
[2019.12.15-05.42.56:783][  0]LogMeshReduction: Using QuadricMeshReduction for automatic static mesh reduction
[2019.12.15-05.42.56:783][  0]LogMeshReduction: Using SimplygonMeshReduction for automatic skeletal mesh reduction
[2019.12.15-05.42.56:783][  0]LogMeshReduction: Using ProxyLODMeshReduction for automatic mesh merging
[2019.12.15-05.42.56:783][  0]LogMeshReduction: No distributed automatic mesh merging module available
[2019.12.15-05.42.56:783][  0]LogMeshMerging: No distributed automatic mesh merging module available
[2019.12.15-05.42.56:800][  0]LogNetVersion: CT6024AdvancedAI 1.0.0, NetCL: 5660361, EngineNetVer: 10, GameNetVer: 0 (Checksum: 379849778)
[2019.12.15-05.42.57:567][  0]LogPackageLocalizationCache: Processed 10 localized package path(s) for 1 prioritized culture(s) in 0.097586 seconds
[2019.12.15-05.42.57:579][  0]LogUObjectArray: 42205 objects as part of root set at end of initial load.
[2019.12.15-05.42.57:579][  0]LogUObjectAllocator: 7325032 out of 0 bytes used by permanent object pool.
[2019.12.15-05.42.57:579][  0]LogUObjectArray: CloseDisregardForGC: 0/0 objects in disregard for GC pool
[2019.12.15-05.42.59:068][  0]LogTcpMessaging: Initializing TcpMessaging bridge
[2019.12.15-05.42.59:085][  0]LogUdpMessaging: Initializing bridge on interface 0.0.0.0:0 to multicast group 230.0.0.1:6666.
[2019.12.15-05.42.59:184][  0]LogWindows: Windows GetLastError: The operation completed successfully. (0)
[2019.12.15-05.43.00:724][  0]LogWindows: Error: === Critical error: ===
[2019.12.15-05.43.00:724][  0]LogWindows: Error: 
[2019.12.15-05.43.00:724][  0]LogWindows: Error: Fatal error: [File:D:\Build\++UE4\Sync\Engine\Source\Runtime\CoreUObject\Private\UObject\UObjectGlobals.cpp] [Line: 2498] 
[2019.12.15-05.43.00:724][  0]LogWindows: Error: UObject() constructor called but it's not the object that's currently being constructed with NewObject. Maybe you are trying to construct it on the stack, which is not supported.
[2019.12.15-05.43.00:724][  0]LogWindows: Error: 
[2019.12.15-05.43.00:724][  0]LogWindows: Error: 
[2019.12.15-05.43.00:724][  0]LogWindows: Error: [Callstack] 0x00007ffb8822a839 KERNELBASE.dll!UnknownFunction []
[2019.12.15-05.43.00:724][  0]LogWindows: Error: [Callstack] 0x00007ffb46491f37 UE4Editor-Core.dll!UnknownFunction []
[2019.12.15-05.43.00:724][  0]LogWindows: Error: [Callstack] 0x00007ffb464946e7 UE4Editor-Core.dll!UnknownFunction []
[2019.12.15-05.43.00:724][  0]LogWindows: Error: [Callstack] 0x00007ffb462a7d1a UE4Editor-Core.dll!UnknownFunction []
[2019.12.15-05.43.00:724][  0]LogWindows: Error: [Callstack] 0x00007ffb4622fe33 UE4Editor-Core.dll!UnknownFunction []
[2019.12.15-05.43.00:724][  0]LogWindows: Error: [Callstack] 0x00007ffb4622fd18 UE4Editor-Core.dll!UnknownFunction []
[2019.12.15-05.43.00:724][  0]LogWindows: Error: [Callstack] 0x00007ffb47f679b9 UE4Editor-CoreUObject.dll!UnknownFunction []
[2019.12.15-05.43.00:724][  0]LogWindows: Error: [Callstack] 0x00007ffb3546fabe UE4Editor-Engine.dll!UnknownFunction []
[2019.12.15-05.43.00:724][  0]LogWindows: Error: [Callstack] 0x00007ffb35fd95a5 UE4Editor-Engine.dll!UnknownFunction []
[2019.12.15-05.43.00:724][  0]LogWindows: Error: [Callstack] 0x00007ffb3579b043 UE4Editor-Engine.dll!UnknownFunction []
[2019.12.15-05.43.00:724][  0]LogWindows: Error: [Callstack] 0x00007ffb0f8534d4 UE4Editor-CT6024AdvancedAI-2055.dll!AHumanoid::AHumanoid() [C:\Users\morga\Documents\University Level 6\CT6024 - AI\CT6024AdvancedAI\Source\CT6024AdvancedAI\Private\Humanoid.cpp:10]
[2019.12.15-05.43.00:724][  0]LogWindows: Error: [Callstack] 0x00007ffb0f852f63 UE4Editor-CT6024AdvancedAI-2055.dll!AGuard::AGuard() [C:\Users\morga\Documents\University Level 6\CT6024 - AI\CT6024AdvancedAI\Source\CT6024AdvancedAI\Private\Guard.cpp:9]
[2019.12.15-05.43.00:724][  0]LogWindows: Error: [Callstack] 0x00007ffb47d6610f UE4Editor-CoreUObject.dll!UnknownFunction []
[2019.12.15-05.43.00:724][  0]LogWindows: Error: [Callstack] 0x00007ffb47fa1056 UE4Editor-CoreUObject.dll!UnknownFunction []
[2019.12.15-05.43.00:725][  0]LogWindows: Error: [Callstack] 0x00007ffb47f8edef UE4Editor-CoreUObject.dll!UnknownFunction []
[2019.12.15-05.43.00:725][  0]LogWindows: Error: [Callstack] 0x00007ffb47d6a727 UE4Editor-CoreUObject.dll!UnknownFunction []
[2019.12.15-05.43.00:725][  0]LogWindows: Error: [Callstack] 0x00007ffb46124a2b UE4Editor-Core.dll!UnknownFunction []
[2019.12.15-05.43.00:725][  0]LogWindows: Error: [Callstack] 0x00007ffb462f5cb5 UE4Editor-Core.dll!UnknownFunction []
[2019.12.15-05.43.00:725][  0]LogWindows: Error: [Callstack] 0x00007ffb60998d67 UE4Editor-Projects.dll!UnknownFunction []
[2019.12.15-05.43.00:725][  0]LogWindows: Error: [Callstack] 0x00007ffb60998ff7 UE4Editor-Projects.dll!UnknownFunction []
[2019.12.15-05.43.00:725][  0]LogWindows: Error: [Callstack] 0x00007ff66cdf7eb1 UE4Editor.exe!UnknownFunction []
[2019.12.15-05.43.00:725][  0]LogWindows: Error: [Callstack] 0x00007ff66cdfd671 UE4Editor.exe!UnknownFunction []
[2019.12.15-05.43.00:725][  0]LogWindows: Error: [Callstack] 0x00007ff66cdf5377 UE4Editor.exe!UnknownFunction []
[2019.12.15-05.43.00:725][  0]LogWindows: Error: [Callstack] 0x00007ff66cdf55ca UE4Editor.exe!UnknownFunction []
[2019.12.15-05.43.00:725][  0]LogWindows: Error: [Callstack] 0x00007ff66ce0316c UE4Editor.exe!UnknownFunction []
[2019.12.15-05.43.00:725][  0]LogWindows: Error: [Callstack] 0x00007ff66ce05b8e UE4Editor.exe!UnknownFunction []
[2019.12.15-05.43.00:725][  0]LogWindows: Error: [Callstack] 0x00007ffb89ff7bd4 KERNEL32.DLL!UnknownFunction []
[2019.12.15-05.43.00:725][  0]LogWindows: Error: [Callstack] 0x00007ffb8a8eced1 ntdll.dll!UnknownFunction []
[2019.12.15-05.43.00:725][  0]LogWindows: Error: 
[2019.12.15-05.43.00:752][  0]LogExit: Executing StaticShutdownAfterError
[2019.12.15-05.43.00:755][  0]LogWindows: FPlatformMisc::RequestExit(1)
[2019.12.15-05.43.00:758][  0]Log file closed, 12/15/19 05:43:00
