Log file open, 12/18/19 15:47:50
LogWindows: Failed to load 'aqProf.dll' (GetLastError=126)
LogWindows: File 'aqProf.dll' does not exist
LogWindows: Failed to load 'VtuneApi.dll' (GetLastError=126)
LogWindows: File 'VtuneApi.dll' does not exist
LogWindows: Failed to load 'VtuneApi32e.dll' (GetLastError=126)
LogWindows: File 'VtuneApi32e.dll' does not exist
LogConsoleResponse: Display: Failed to find resolution value strings in scalability ini. Falling back to default.
LogInit: Display: Running engine for game: CT6024AdvancedAI
LogPakFile: Registered encryption key '00000000000000000000000000000000': 0 pak files mounted, 0 remain pending
LogPlatformFile: Not using cached read wrapper
LogTaskGraph: Started task graph with 5 named threads and 23 total threads with 3 sets of task threads.
LogStats: Stats thread started at 0.382237
LogD3D11RHI: Loaded GFSDK_Aftermath_Lib.x64.dll
LogICUInternationalization: ICU TimeZone Detection - Raw Offset: +0:00, Platform Override: ''
LogPluginManager: Mounting plugin Paper2D
LogPluginManager: Mounting plugin AISupport
LogPluginManager: Mounting plugin LightPropagationVolume
LogPluginManager: Mounting plugin ActorLayerUtilities
LogPluginManager: Mounting plugin AnimationSharing
LogPluginManager: Mounting plugin CLionSourceCodeAccess
LogPluginManager: Mounting plugin CodeLiteSourceCodeAccess
LogPluginManager: Mounting plugin GitSourceControl
LogPluginManager: Mounting plugin KDevelopSourceCodeAccess
LogPluginManager: Mounting plugin NullSourceCodeAccess
LogPluginManager: Mounting plugin PerforceSourceControl
LogPluginManager: Mounting plugin SubversionSourceControl
LogPluginManager: Mounting plugin UObjectPlugin
LogPluginManager: Mounting plugin VisualStudioCodeSourceCodeAccess
LogPluginManager: Mounting plugin VisualStudioSourceCodeAccess
LogPluginManager: Mounting plugin XCodeSourceCodeAccess
LogPluginManager: Mounting plugin AssetManagerEditor
LogPluginManager: Mounting plugin CryptoKeys
LogPluginManager: Mounting plugin DataValidation
LogPluginManager: Mounting plugin FacialAnimation
LogPluginManager: Mounting plugin GameplayTagsEditor
LogPluginManager: Mounting plugin MacGraphicsSwitching
LogPluginManager: Mounting plugin MaterialAnalyzer
LogPluginManager: Mounting plugin MobileLauncherProfileWizard
LogPluginManager: Mounting plugin PluginBrowser
LogPluginManager: Mounting plugin SpeedTreeImporter
LogPluginManager: Mounting plugin DatasmithContent
LogPluginManager: Mounting plugin VariantManagerContent
LogPluginManager: Mounting plugin AlembicImporter
LogPluginManager: Mounting plugin AppleImageUtils
LogPluginManager: Mounting plugin AppleVision
LogPluginManager: Mounting plugin BackChannel
LogPluginManager: Mounting plugin CharacterAI
LogPluginManager: Mounting plugin GeometryCache
LogPluginManager: Mounting plugin HTML5Networking
LogPluginManager: Mounting plugin ProxyLODPlugin
LogPluginManager: Mounting plugin SkeletalReduction
LogPluginManager: Mounting plugin MagicLeap
LogPluginManager: Mounting plugin MagicLeapMedia
LogPluginManager: Mounting plugin AndroidMedia
LogPluginManager: Mounting plugin AvfMedia
LogPluginManager: Mounting plugin ImgMedia
LogPluginManager: Mounting plugin LinearTimecode
LogPluginManager: Mounting plugin MediaCompositing
LogPluginManager: Mounting plugin MediaPlayerEditor
LogPluginManager: Mounting plugin WebMMedia
LogPluginManager: Mounting plugin WmfMedia
LogPluginManager: Mounting plugin TcpMessaging
LogPluginManager: Mounting plugin UdpMessaging
LogPluginManager: Mounting plugin ActorSequence
LogPluginManager: Mounting plugin LevelSequenceEditor
LogPluginManager: Mounting plugin MatineeToLevelSequence
LogPluginManager: Mounting plugin NetcodeUnitTest
LogPluginManager: Mounting plugin NUTUnrealEngine4
LogPluginManager: Mounting plugin OnlineSubsystemGooglePlay
LogPluginManager: Mounting plugin OnlineSubsystemIOS
LogPluginManager: Mounting plugin OnlineSubsystem
LogPluginManager: Mounting plugin OnlineSubsystemNull
LogPluginManager: Mounting plugin OnlineSubsystemUtils
LogPluginManager: Mounting plugin LauncherChunkInstaller
LogPluginManager: Mounting plugin AndroidDeviceProfileSelector
LogPluginManager: Mounting plugin AndroidMoviePlayer
LogPluginManager: Mounting plugin AndroidPermission
LogPluginManager: Mounting plugin AppleMoviePlayer
LogPluginManager: Mounting plugin ArchVisCharacter
LogPluginManager: Mounting plugin AudioCapture
LogPluginManager: Mounting plugin CableComponent
LogPluginManager: Mounting plugin CustomMeshComponent
LogPluginManager: Mounting plugin EditableMesh
LogPluginManager: Mounting plugin ExampleDeviceProfileSelector
LogPluginManager: Mounting plugin Firebase
LogPluginManager: Mounting plugin GoogleCloudMessaging
LogPluginManager: Mounting plugin IOSDeviceProfileSelector
LogPluginManager: Mounting plugin LinuxDeviceProfileSelector
LogPluginManager: Mounting plugin LocationServicesBPLibrary
LogPluginManager: Mounting plugin MobilePatchingUtils
LogPluginManager: Mounting plugin OculusVR
LogPluginManager: Mounting plugin PhysXVehicles
LogPluginManager: Mounting plugin ProceduralMeshComponent
LogPluginManager: Mounting plugin RuntimePhysXCooking
LogPluginManager: Mounting plugin SignificanceManager
LogPluginManager: Mounting plugin SteamVR
LogPluginManager: Mounting plugin WebMMoviePlayer
LogPluginManager: Mounting plugin WindowsMoviePlayer
LogInit: Using libcurl 7.55.1-DEV
LogInit:  - built for x86_64-pc-win32
LogInit:  - supports SSL with OpenSSL/1.1.1
LogInit:  - supports HTTP deflate (compression) using libz 1.2.8
LogInit:  - other features:
LogInit:      CURL_VERSION_SSL
LogInit:      CURL_VERSION_LIBZ
LogInit:      CURL_VERSION_IPV6
LogInit:      CURL_VERSION_ASYNCHDNS
LogInit:      CURL_VERSION_LARGEFILE
LogInit:      CURL_VERSION_IDN
LogInit:  CurlRequestOptions (configurable via config and command line):
LogInit:  - bVerifyPeer = true  - Libcurl will verify peer certificate
LogInit:  - bUseHttpProxy = false  - Libcurl will NOT use HTTP proxy
LogInit:  - bDontReuseConnections = false  - Libcurl will reuse connections
LogInit:  - MaxHostConnections = 16  - Libcurl will limit the number of connections to a host
LogInit:  - LocalHostAddr = Default
LogInit:  - BufferSize = 65536
LogInit: WinSock: version 1.1 (2.2), MaxSocks=32767, MaxUdp=65467
LogInit: Build: ++UE4+Release-4.22-CL-7053642
LogInit: Engine Version: 4.22.3-7053642+++UE4+Release-4.22
LogInit: Compatible Engine Version: 4.22.0-5660361+++UE4+Release-4.22
LogInit: Net CL: 5660361
LogInit: OS: Windows 10 (Release 1909) (), CPU: Intel(R) Core(TM) i7-8650U CPU @ 1.90GHz, GPU: Intel(R) UHD Graphics 620
LogInit: Compiled (64-bit): Jun 18 2019 03:09:11
LogInit: Compiled with Visual C++: 19.16.27025.01
LogInit: Build Configuration: DebugGame
LogInit: Branch Name: ++UE4+Release-4.22
LogInit: Command Line:  -skipcompile
LogInit: Base Directory: C:/Program Files/Epic Games/UE_4.22/Engine/Binaries/Win64/
LogInit: Installed Engine Build: 1
LogDevObjectVersion: Number of dev versions registered: 23
LogDevObjectVersion:   Dev-Blueprints (B0D832E4-1F89-4F0D-ACCF-7EB736FD4AA2): 10
LogDevObjectVersion:   Dev-Build (E1C64328-A22C-4D53-A36C-8E866417BD8C): 0
LogDevObjectVersion:   Dev-Core (375EC13C-06E4-48FB-B500-84F0262A717E): 3
LogDevObjectVersion:   Dev-Editor (E4B068ED-F494-42E9-A231-DA0B2E46BB41): 30
LogDevObjectVersion:   Dev-Framework (CFFC743F-43B0-4480-9391-14DF171D2073): 35
LogDevObjectVersion:   Dev-Mobile (B02B49B5-BB20-44E9-A304-32B752E40360): 2
LogDevObjectVersion:   Dev-Networking (A4E4105C-59A1-49B5-A7C5-40C4547EDFEE): 0
LogDevObjectVersion:   Dev-Online (39C831C9-5AE6-47DC-9A44-9C173E1C8E7C): 0
LogDevObjectVersion:   Dev-Physics (78F01B33-EBEA-4F98-B9B4-84EACCB95AA2): 0
LogDevObjectVersion:   Dev-Platform (6631380F-2D4D-43E0-8009-CF276956A95A): 0
LogDevObjectVersion:   Dev-Rendering (12F88B9F-8875-4AFC-A67C-D90C383ABD29): 28
LogDevObjectVersion:   Dev-Sequencer (7B5AE74C-D270-4C10-A958-57980B212A5A): 11
LogDevObjectVersion:   Dev-VR (D7296918-1DD6-4BDD-9DE2-64A83CC13884): 2
LogDevObjectVersion:   Dev-LoadTimes (C2A15278-BFE7-4AFE-6C17-90FF531DF755): 1
LogDevObjectVersion:   Private-Geometry (6EACA3D4-40EC-4CC1-B786-8BED09428FC5): 3
LogDevObjectVersion:   Dev-AnimPhys (29E575DD-E0A3-4627-9D10-D276232CDCEA): 17
LogDevObjectVersion:   Dev-Anim (AF43A65D-7FD3-4947-9873-3E8ED9C1BB05): 2
LogDevObjectVersion:   Dev-ReflectionCapture (6B266CEC-1EC7-4B8F-A30B-E4D90942FC07): 1
LogDevObjectVersion:   Dev-Automation (0DF73D61-A23F-47EA-B727-89E90C41499A): 1
LogDevObjectVersion:   FortniteMain (601D1886-AC64-4F84-AA16-D3DE0DEAC7D6): 25
LogDevObjectVersion:   Dev-Enterprise (9DFFBCD6-494F-0158-E221-12823C92A888): 6
LogDevObjectVersion:   Dev-Niagara (F2AED0AC-9AFE-416F-8664-AA7FFA26D6FC): 1
LogDevObjectVersion:   Dev-Destruction (174F1F0B-B4C6-45A5-B13F-2EE8D0FB917D): 2
LogInit: Presizing for max 16777216 objects, including 0 objects not considered by GC, pre-allocating 0 bytes for permanent pool.
LogInit: Object subsystem initialized
LogConfig: Setting CVar [[con.DebugEarlyDefault:1]]
LogConfig: Setting CVar [[r.setres:1280x720]]
[2019.12.18-15.47.50:789][  0]LogConfig: Setting CVar [[r.VSync:0]]
[2019.12.18-15.47.50:789][  0]LogConfig: Setting CVar [[r.RHICmdBypass:0]]
[2019.12.18-15.47.50:789][  0]LogConfig: Applying CVar settings from Section [/Script/Engine.RendererSettings] File [C:/Users/morga/Documents/University Level 6/CT6024 - AI/Unreal-Ai/CT6024AdvancedAI/Saved/Config/Windows/Engine.ini]
[2019.12.18-15.47.50:789][  0]LogConfig: Setting CVar [[r.GPUCrashDebugging:0]]
[2019.12.18-15.47.50:789][  0]LogConfig: Applying CVar settings from Section [/Script/Engine.RendererOverrideSettings] File [C:/Users/morga/Documents/University Level 6/CT6024 - AI/Unreal-Ai/CT6024AdvancedAI/Saved/Config/Windows/Engine.ini]
[2019.12.18-15.47.50:789][  0]LogConfig: Applying CVar settings from Section [/Script/Engine.StreamingSettings] File [C:/Users/morga/Documents/University Level 6/CT6024 - AI/Unreal-Ai/CT6024AdvancedAI/Saved/Config/Windows/Engine.ini]
[2019.12.18-15.47.50:789][  0]LogConfig: Setting CVar [[s.MinBulkDataSizeForAsyncLoading:131072]]
[2019.12.18-15.47.50:789][  0]LogConfig: Setting CVar [[s.AsyncLoadingThreadEnabled:0]]
[2019.12.18-15.47.50:790][  0]LogConfig: Setting CVar [[s.EventDrivenLoaderEnabled:1]]
[2019.12.18-15.47.50:790][  0]LogConfig: Setting CVar [[s.WarnIfTimeLimitExceeded:0]]
[2019.12.18-15.47.50:790][  0]LogConfig: Setting CVar [[s.TimeLimitExceededMultiplier:1.5]]
[2019.12.18-15.47.50:800][  0]LogConfig: Setting CVar [[s.TimeLimitExceededMinTime:0.005]]
[2019.12.18-15.47.50:801][  0]LogConfig: Setting CVar [[s.UseBackgroundLevelStreaming:1]]
[2019.12.18-15.47.50:801][  0]LogConfig: Setting CVar [[s.PriorityAsyncLoadingExtraTime:15.0]]
[2019.12.18-15.47.50:801][  0]LogConfig: Setting CVar [[s.LevelStreamingActorsUpdateTimeLimit:5.0]]
[2019.12.18-15.47.50:801][  0]LogConfig: Setting CVar [[s.PriorityLevelStreamingActorsUpdateExtraTime:5.0]]
[2019.12.18-15.47.50:801][  0]LogConfig: Setting CVar [[s.LevelStreamingComponentsRegistrationGranularity:10]]
[2019.12.18-15.47.50:802][  0]LogConfig: Setting CVar [[s.UnregisterComponentsTimeLimit:1.0]]
[2019.12.18-15.47.50:802][  0]LogConfig: Setting CVar [[s.LevelStreamingComponentsUnregistrationGranularity:5]]
[2019.12.18-15.47.50:802][  0]LogConfig: Applying CVar settings from Section [/Script/Engine.GarbageCollectionSettings] File [C:/Users/morga/Documents/University Level 6/CT6024 - AI/Unreal-Ai/CT6024AdvancedAI/Saved/Config/Windows/Engine.ini]
[2019.12.18-15.47.50:802][  0]LogConfig: Setting CVar [[gc.MaxObjectsNotConsideredByGC:1]]
[2019.12.18-15.47.50:802][  0]LogConfig: Setting CVar [[gc.SizeOfPermanentObjectPool:0]]
[2019.12.18-15.47.50:802][  0]LogConfig: Setting CVar [[gc.FlushStreamingOnGC:0]]
[2019.12.18-15.47.50:803][  0]LogConfig: Setting CVar [[gc.NumRetriesBeforeForcingGC:10]]
[2019.12.18-15.47.50:803][  0]LogConfig: Setting CVar [[gc.AllowParallelGC:1]]
[2019.12.18-15.47.50:803][  0]LogConfig: Setting CVar [[gc.TimeBetweenPurgingPendingKillObjects:61.1]]
[2019.12.18-15.47.50:803][  0]LogConfig: Setting CVar [[gc.MaxObjectsInEditor:16777216]]
[2019.12.18-15.47.50:803][  0]LogConfig: Setting CVar [[gc.IncrementalBeginDestroyEnabled:1]]
[2019.12.18-15.47.50:803][  0]LogConfig: Setting CVar [[gc.CreateGCClusters:1]]
[2019.12.18-15.47.50:803][  0]LogConfig: Setting CVar [[gc.MinGCClusterSize:5]]
[2019.12.18-15.47.50:803][  0]LogConfig: Setting CVar [[gc.ActorClusteringEnabled:0]]
[2019.12.18-15.47.50:803][  0]LogConfig: Setting CVar [[gc.BlueprintClusteringEnabled:0]]
[2019.12.18-15.47.50:803][  0]LogConfig: Setting CVar [[gc.UseDisregardForGCOnDedicatedServers:0]]
[2019.12.18-15.47.50:803][  0]LogConfig: Applying CVar settings from Section [/Script/Engine.NetworkSettings] File [C:/Users/morga/Documents/University Level 6/CT6024 - AI/Unreal-Ai/CT6024AdvancedAI/Saved/Config/Windows/Engine.ini]
[2019.12.18-15.47.50:803][  0]LogConfig: Applying CVar settings from Section [/Script/UnrealEd.CookerSettings] File [C:/Users/morga/Documents/University Level 6/CT6024 - AI/Unreal-Ai/CT6024AdvancedAI/Saved/Config/Windows/Engine.ini]
[2019.12.18-15.47.50:823][  0]LogConfig: Applying CVar settings from Section [ViewDistanceQuality@3] File [C:/Users/morga/Documents/University Level 6/CT6024 - AI/Unreal-Ai/CT6024AdvancedAI/Saved/Config/Windows/Scalability.ini]
[2019.12.18-15.47.50:826][  0]LogConfig: Setting CVar [[r.SkeletalMeshLODBias:0]]
[2019.12.18-15.47.50:826][  0]LogConfig: Setting CVar [[r.ViewDistanceScale:1.0]]
[2019.12.18-15.47.50:827][  0]LogConfig: Applying CVar settings from Section [AntiAliasingQuality@3] File [C:/Users/morga/Documents/University Level 6/CT6024 - AI/Unreal-Ai/CT6024AdvancedAI/Saved/Config/Windows/Scalability.ini]
[2019.12.18-15.47.50:827][  0]LogConfig: Setting CVar [[r.PostProcessAAQuality:4]]
[2019.12.18-15.47.50:827][  0]LogConfig: Applying CVar settings from Section [ShadowQuality@3] File [C:/Users/morga/Documents/University Level 6/CT6024 - AI/Unreal-Ai/CT6024AdvancedAI/Saved/Config/Windows/Scalability.ini]
[2019.12.18-15.47.50:827][  0]LogConfig: Setting CVar [[r.LightFunctionQuality:1]]
[2019.12.18-15.47.50:827][  0]LogConfig: Setting CVar [[r.ShadowQuality:5]]
[2019.12.18-15.47.50:827][  0]LogConfig: Setting CVar [[r.Shadow.CSM.MaxCascades:10]]
[2019.12.18-15.47.50:827][  0]LogConfig: Setting CVar [[r.Shadow.MaxResolution:2048]]
[2019.12.18-15.47.50:827][  0]LogConfig: Setting CVar [[r.Shadow.MaxCSMResolution:2048]]
[2019.12.18-15.47.50:827][  0]LogConfig: Setting CVar [[r.Shadow.RadiusThreshold:0.01]]
[2019.12.18-15.47.50:827][  0]LogConfig: Setting CVar [[r.Shadow.DistanceScale:1.0]]
[2019.12.18-15.47.50:827][  0]LogConfig: Setting CVar [[r.Shadow.CSM.TransitionScale:1.0]]
[2019.12.18-15.47.50:827][  0]LogConfig: Setting CVar [[r.Shadow.PreShadowResolutionFactor:1.0]]
[2019.12.18-15.47.50:827][  0]LogConfig: Setting CVar [[r.DistanceFieldShadowing:1]]
[2019.12.18-15.47.50:827][  0]LogConfig: Setting CVar [[r.DistanceFieldAO:1]]
[2019.12.18-15.47.50:827][  0]LogConfig: Setting CVar [[r.AOQuality:2]]
[2019.12.18-15.47.50:828][  0]LogConfig: Setting CVar [[r.VolumetricFog:1]]
[2019.12.18-15.47.50:828][  0]LogConfig: Setting CVar [[r.VolumetricFog.GridPixelSize:8]]
[2019.12.18-15.47.50:828][  0]LogConfig: Setting CVar [[r.VolumetricFog.GridSizeZ:128]]
[2019.12.18-15.47.50:828][  0]LogConfig: Setting CVar [[r.VolumetricFog.HistoryMissSupersampleCount:4]]
[2019.12.18-15.47.50:828][  0]LogConfig: Setting CVar [[r.LightMaxDrawDistanceScale:1]]
[2019.12.18-15.47.50:828][  0]LogConfig: Setting CVar [[r.CapsuleShadows:1]]
[2019.12.18-15.47.50:828][  0]LogConfig: Applying CVar settings from Section [PostProcessQuality@3] File [C:/Users/morga/Documents/University Level 6/CT6024 - AI/Unreal-Ai/CT6024AdvancedAI/Saved/Config/Windows/Scalability.ini]
[2019.12.18-15.47.50:829][  0]LogConfig: Setting CVar [[r.MotionBlurQuality:4]]
[2019.12.18-15.47.50:829][  0]LogConfig: Setting CVar [[r.AmbientOcclusionMipLevelFactor:0.4]]
[2019.12.18-15.47.50:829][  0]LogConfig: Setting CVar [[r.AmbientOcclusionMaxQuality:100]]
[2019.12.18-15.47.50:829][  0]LogConfig: Setting CVar [[r.AmbientOcclusionLevels:-1]]
[2019.12.18-15.47.50:829][  0]LogConfig: Setting CVar [[r.AmbientOcclusionRadiusScale:1.0]]
[2019.12.18-15.47.50:829][  0]LogConfig: Setting CVar [[r.DepthOfFieldQuality:2]]
[2019.12.18-15.47.50:829][  0]LogConfig: Setting CVar [[r.RenderTargetPoolMin:400]]
[2019.12.18-15.47.50:829][  0]LogConfig: Setting CVar [[r.LensFlareQuality:2]]
[2019.12.18-15.47.50:829][  0]LogConfig: Setting CVar [[r.SceneColorFringeQuality:1]]
[2019.12.18-15.47.50:829][  0]LogConfig: Setting CVar [[r.EyeAdaptationQuality:2]]
[2019.12.18-15.47.50:829][  0]LogConfig: Setting CVar [[r.BloomQuality:5]]
[2019.12.18-15.47.50:829][  0]LogConfig: Setting CVar [[r.FastBlurThreshold:100]]
[2019.12.18-15.47.50:830][  0]LogConfig: Setting CVar [[r.Upscale.Quality:3]]
[2019.12.18-15.47.50:830][  0]LogConfig: Setting CVar [[r.Tonemapper.GrainQuantization:1]]
[2019.12.18-15.47.50:830][  0]LogConfig: Setting CVar [[r.LightShaftQuality:1]]
[2019.12.18-15.47.50:830][  0]LogConfig: Setting CVar [[r.Filter.SizeScale:1]]
[2019.12.18-15.47.50:830][  0]LogConfig: Setting CVar [[r.Tonemapper.Quality:5]]
[2019.12.18-15.47.50:830][  0]LogConfig: Setting CVar [[r.DOF.Gather.AccumulatorQuality:1        ; higher gathering accumulator quality]]
[2019.12.18-15.47.50:830][  0]LogConfig: Setting CVar [[r.DOF.Gather.PostfilterMethod:1          ; Median3x3 postfilering method]]
[2019.12.18-15.47.50:831][  0]LogConfig: Setting CVar [[r.DOF.Gather.EnableBokehSettings:0       ; no bokeh simulation when gathering]]
[2019.12.18-15.47.50:831][  0]LogConfig: Setting CVar [[r.DOF.Gather.RingCount:4                 ; medium number of samples when gathering]]
[2019.12.18-15.47.50:832][  0]LogConfig: Setting CVar [[r.DOF.Scatter.ForegroundCompositing:1    ; additive foreground scattering]]
[2019.12.18-15.47.50:832][  0]LogConfig: Setting CVar [[r.DOF.Scatter.BackgroundCompositing:2    ; additive background scattering]]
[2019.12.18-15.47.50:832][  0]LogConfig: Setting CVar [[r.DOF.Scatter.EnableBokehSettings:1      ; bokeh simulation when scattering]]
[2019.12.18-15.47.50:840][  0]LogConfig: Setting CVar [[r.DOF.Scatter.MaxSpriteRatio:0.1         ; only a maximum of 10% of scattered bokeh]]
[2019.12.18-15.47.50:840][  0]LogConfig: Setting CVar [[r.DOF.Recombine.Quality:1                ; cheap slight out of focus]]
[2019.12.18-15.47.50:840][  0]LogConfig: Setting CVar [[r.DOF.Recombine.EnableBokehSettings:0    ; no bokeh simulation on slight out of focus]]
[2019.12.18-15.47.50:840][  0]LogConfig: Setting CVar [[r.DOF.TemporalAAQuality:1                ; more stable temporal accumulation]]
[2019.12.18-15.47.50:841][  0]LogConfig: Setting CVar [[r.DOF.Kernel.MaxForegroundRadius:0.025]]
[2019.12.18-15.47.50:841][  0]LogConfig: Setting CVar [[r.DOF.Kernel.MaxBackgroundRadius:0.025]]
[2019.12.18-15.47.50:842][  0]LogConfig: Applying CVar settings from Section [TextureQuality@3] File [C:/Users/morga/Documents/University Level 6/CT6024 - AI/Unreal-Ai/CT6024AdvancedAI/Saved/Config/Windows/Scalability.ini]
[2019.12.18-15.47.50:843][  0]LogConfig: Setting CVar [[r.Streaming.MipBias:0]]
[2019.12.18-15.47.50:843][  0]LogConfig: Setting CVar [[r.Streaming.AmortizeCPUToGPUCopy:0]]
[2019.12.18-15.47.50:843][  0]LogConfig: Setting CVar [[r.Streaming.MaxNumTexturesToStreamPerFrame:0]]
[2019.12.18-15.47.50:843][  0]LogConfig: Setting CVar [[r.Streaming.Boost:1]]
[2019.12.18-15.47.50:843][  0]LogConfig: Setting CVar [[r.MaxAnisotropy:8]]
[2019.12.18-15.47.50:844][  0]LogConfig: Setting CVar [[r.Streaming.LimitPoolSizeToVRAM:0]]
[2019.12.18-15.47.50:844][  0]LogConfig: Setting CVar [[r.Streaming.PoolSize:1000]]
[2019.12.18-15.47.50:844][  0]LogConfig: Setting CVar [[r.Streaming.MaxEffectiveScreenSize:0]]
[2019.12.18-15.47.50:845][  0]LogConfig: Applying CVar settings from Section [EffectsQuality@3] File [C:/Users/morga/Documents/University Level 6/CT6024 - AI/Unreal-Ai/CT6024AdvancedAI/Saved/Config/Windows/Scalability.ini]
[2019.12.18-15.47.50:845][  0]LogConfig: Setting CVar [[r.TranslucencyLightingVolumeDim:64]]
[2019.12.18-15.47.50:848][  0]LogConfig: Setting CVar [[r.RefractionQuality:2]]
[2019.12.18-15.47.50:848][  0]LogConfig: Setting CVar [[r.SSR.Quality:3]]
[2019.12.18-15.47.50:848][  0]LogConfig: Setting CVar [[r.SceneColorFormat:4]]
[2019.12.18-15.47.50:849][  0]LogConfig: Setting CVar [[r.DetailMode:2]]
[2019.12.18-15.47.50:849][  0]LogConfig: Setting CVar [[r.TranslucencyVolumeBlur:1]]
[2019.12.18-15.47.50:849][  0]LogConfig: Setting CVar [[r.MaterialQualityLevel:1 ; High quality]]
[2019.12.18-15.47.50:849][  0]LogConfig: Setting CVar [[r.SSS.Scale:1]]
[2019.12.18-15.47.50:849][  0]LogConfig: Setting CVar [[r.SSS.SampleSet:2]]
[2019.12.18-15.47.50:850][  0]LogConfig: Setting CVar [[r.SSS.Quality:1]]
[2019.12.18-15.47.50:850][  0]LogConfig: Setting CVar [[r.SSS.HalfRes:1]]
[2019.12.18-15.47.50:850][  0]LogConfig: Setting CVar [[r.EmitterSpawnRateScale:1.0]]
[2019.12.18-15.47.50:851][  0]LogConfig: Setting CVar [[r.ParticleLightQuality:2]]
[2019.12.18-15.47.50:851][  0]LogConfig: Applying CVar settings from Section [FoliageQuality@3] File [C:/Users/morga/Documents/University Level 6/CT6024 - AI/Unreal-Ai/CT6024AdvancedAI/Saved/Config/Windows/Scalability.ini]
[2019.12.18-15.47.50:852][  0]LogConfig: Setting CVar [[foliage.DensityScale:1.0]]
[2019.12.18-15.47.50:852][  0]LogConfig: Setting CVar [[grass.DensityScale:1.0]]
[2019.12.18-15.47.50:852][  0]LogInit: Selected Device Profile: [Windows]
[2019.12.18-15.47.50:852][  0]LogInit: Applying CVar settings loaded from the selected device profile: [Windows]
[2019.12.18-15.47.50:878][  0]LogHAL: Display: Platform has ~ 16 GB [17101139968 / 17179869184 / 16], which maps to Larger [LargestMinGB=32, LargerMinGB=12, DefaultMinGB=8, SmallerMinGB=6, SmallestMinGB=0)
[2019.12.18-15.47.50:879][  0]LogConfig: Setting CVar [[r.Vulkan.UseRealUBs:0		; Required until we fix HLR fall-out]]
[2019.12.18-15.47.50:881][  0]LogInit: Going up to parent DeviceProfile []
[2019.12.18-15.47.50:882][  0]LogConfig: Applying CVar settings from Section [ViewDistanceQuality@3] File [C:/Users/morga/Documents/University Level 6/CT6024 - AI/Unreal-Ai/CT6024AdvancedAI/Saved/Config/Windows/Scalability.ini]
[2019.12.18-15.47.50:882][  0]LogConfig: Setting CVar [[r.SkeletalMeshLODBias:0]]
[2019.12.18-15.47.50:882][  0]LogConfig: Setting CVar [[r.ViewDistanceScale:1.0]]
[2019.12.18-15.47.50:882][  0]LogConfig: Applying CVar settings from Section [AntiAliasingQuality@3] File [C:/Users/morga/Documents/University Level 6/CT6024 - AI/Unreal-Ai/CT6024AdvancedAI/Saved/Config/Windows/Scalability.ini]
[2019.12.18-15.47.50:883][  0]LogConfig: Setting CVar [[r.PostProcessAAQuality:4]]
[2019.12.18-15.47.50:885][  0]LogConfig: Applying CVar settings from Section [ShadowQuality@3] File [C:/Users/morga/Documents/University Level 6/CT6024 - AI/Unreal-Ai/CT6024AdvancedAI/Saved/Config/Windows/Scalability.ini]
[2019.12.18-15.47.50:886][  0]LogConfig: Setting CVar [[r.LightFunctionQuality:1]]
[2019.12.18-15.47.50:886][  0]LogConfig: Setting CVar [[r.ShadowQuality:5]]
[2019.12.18-15.47.50:888][  0]LogConfig: Setting CVar [[r.Shadow.CSM.MaxCascades:10]]
[2019.12.18-15.47.50:889][  0]LogConfig: Setting CVar [[r.Shadow.MaxResolution:2048]]
[2019.12.18-15.47.50:889][  0]LogConfig: Setting CVar [[r.Shadow.MaxCSMResolution:2048]]
[2019.12.18-15.47.50:889][  0]LogConfig: Setting CVar [[r.Shadow.RadiusThreshold:0.01]]
[2019.12.18-15.47.50:889][  0]LogConfig: Setting CVar [[r.Shadow.DistanceScale:1.0]]
[2019.12.18-15.47.50:890][  0]LogConfig: Setting CVar [[r.Shadow.CSM.TransitionScale:1.0]]
[2019.12.18-15.47.50:893][  0]LogConfig: Setting CVar [[r.Shadow.PreShadowResolutionFactor:1.0]]
[2019.12.18-15.47.50:893][  0]LogConfig: Setting CVar [[r.DistanceFieldShadowing:1]]
[2019.12.18-15.47.50:894][  0]LogConfig: Setting CVar [[r.DistanceFieldAO:1]]
[2019.12.18-15.47.50:895][  0]LogConfig: Setting CVar [[r.AOQuality:2]]
[2019.12.18-15.47.50:895][  0]LogConfig: Setting CVar [[r.VolumetricFog:1]]
[2019.12.18-15.47.50:895][  0]LogConfig: Setting CVar [[r.VolumetricFog.GridPixelSize:8]]
[2019.12.18-15.47.50:896][  0]LogConfig: Setting CVar [[r.VolumetricFog.GridSizeZ:128]]
[2019.12.18-15.47.50:896][  0]LogConfig: Setting CVar [[r.VolumetricFog.HistoryMissSupersampleCount:4]]
[2019.12.18-15.47.50:896][  0]LogConfig: Setting CVar [[r.LightMaxDrawDistanceScale:1]]
[2019.12.18-15.47.50:896][  0]LogConfig: Setting CVar [[r.CapsuleShadows:1]]
[2019.12.18-15.47.50:897][  0]LogConfig: Applying CVar settings from Section [PostProcessQuality@3] File [C:/Users/morga/Documents/University Level 6/CT6024 - AI/Unreal-Ai/CT6024AdvancedAI/Saved/Config/Windows/Scalability.ini]
[2019.12.18-15.47.50:897][  0]LogConfig: Setting CVar [[r.MotionBlurQuality:4]]
[2019.12.18-15.47.50:897][  0]LogConfig: Setting CVar [[r.AmbientOcclusionMipLevelFactor:0.4]]
[2019.12.18-15.47.50:897][  0]LogConfig: Setting CVar [[r.AmbientOcclusionMaxQuality:100]]
[2019.12.18-15.47.50:898][  0]LogConfig: Setting CVar [[r.AmbientOcclusionLevels:-1]]
[2019.12.18-15.47.50:898][  0]LogConfig: Setting CVar [[r.AmbientOcclusionRadiusScale:1.0]]
[2019.12.18-15.47.50:898][  0]LogConfig: Setting CVar [[r.DepthOfFieldQuality:2]]
[2019.12.18-15.47.50:898][  0]LogConfig: Setting CVar [[r.RenderTargetPoolMin:400]]
[2019.12.18-15.47.50:898][  0]LogConfig: Setting CVar [[r.LensFlareQuality:2]]
[2019.12.18-15.47.50:898][  0]LogConfig: Setting CVar [[r.SceneColorFringeQuality:1]]
[2019.12.18-15.47.50:898][  0]LogConfig: Setting CVar [[r.EyeAdaptationQuality:2]]
[2019.12.18-15.47.50:901][  0]LogConfig: Setting CVar [[r.BloomQuality:5]]
[2019.12.18-15.47.50:901][  0]LogConfig: Setting CVar [[r.FastBlurThreshold:100]]
[2019.12.18-15.47.50:901][  0]LogConfig: Setting CVar [[r.Upscale.Quality:3]]
[2019.12.18-15.47.50:902][  0]LogConfig: Setting CVar [[r.Tonemapper.GrainQuantization:1]]
[2019.12.18-15.47.50:903][  0]LogConfig: Setting CVar [[r.LightShaftQuality:1]]
[2019.12.18-15.47.50:903][  0]LogConfig: Setting CVar [[r.Filter.SizeScale:1]]
[2019.12.18-15.47.50:903][  0]LogConfig: Setting CVar [[r.Tonemapper.Quality:5]]
[2019.12.18-15.47.50:903][  0]LogConfig: Setting CVar [[r.DOF.Gather.AccumulatorQuality:1        ; higher gathering accumulator quality]]
[2019.12.18-15.47.50:904][  0]LogConfig: Setting CVar [[r.DOF.Gather.PostfilterMethod:1          ; Median3x3 postfilering method]]
[2019.12.18-15.47.50:904][  0]LogConfig: Setting CVar [[r.DOF.Gather.EnableBokehSettings:0       ; no bokeh simulation when gathering]]
[2019.12.18-15.47.50:904][  0]LogConfig: Setting CVar [[r.DOF.Gather.RingCount:4                 ; medium number of samples when gathering]]
[2019.12.18-15.47.50:905][  0]LogConfig: Setting CVar [[r.DOF.Scatter.ForegroundCompositing:1    ; additive foreground scattering]]
[2019.12.18-15.47.50:905][  0]LogConfig: Setting CVar [[r.DOF.Scatter.BackgroundCompositing:2    ; additive background scattering]]
[2019.12.18-15.47.50:905][  0]LogConfig: Setting CVar [[r.DOF.Scatter.EnableBokehSettings:1      ; bokeh simulation when scattering]]
[2019.12.18-15.47.50:905][  0]LogConfig: Setting CVar [[r.DOF.Scatter.MaxSpriteRatio:0.1         ; only a maximum of 10% of scattered bokeh]]
[2019.12.18-15.47.50:906][  0]LogConfig: Setting CVar [[r.DOF.Recombine.Quality:1                ; cheap slight out of focus]]
[2019.12.18-15.47.50:906][  0]LogConfig: Setting CVar [[r.DOF.Recombine.EnableBokehSettings:0    ; no bokeh simulation on slight out of focus]]
[2019.12.18-15.47.50:906][  0]LogConfig: Setting CVar [[r.DOF.TemporalAAQuality:1                ; more stable temporal accumulation]]
[2019.12.18-15.47.50:906][  0]LogConfig: Setting CVar [[r.DOF.Kernel.MaxForegroundRadius:0.025]]
[2019.12.18-15.47.50:906][  0]LogConfig: Setting CVar [[r.DOF.Kernel.MaxBackgroundRadius:0.025]]
[2019.12.18-15.47.50:906][  0]LogConfig: Applying CVar settings from Section [TextureQuality@3] File [C:/Users/morga/Documents/University Level 6/CT6024 - AI/Unreal-Ai/CT6024AdvancedAI/Saved/Config/Windows/Scalability.ini]
[2019.12.18-15.47.50:907][  0]LogConfig: Setting CVar [[r.Streaming.MipBias:0]]
[2019.12.18-15.47.50:907][  0]LogConfig: Setting CVar [[r.Streaming.AmortizeCPUToGPUCopy:0]]
[2019.12.18-15.47.50:907][  0]LogConfig: Setting CVar [[r.Streaming.MaxNumTexturesToStreamPerFrame:0]]
[2019.12.18-15.47.50:907][  0]LogConfig: Setting CVar [[r.Streaming.Boost:1]]
[2019.12.18-15.47.50:910][  0]LogConfig: Setting CVar [[r.MaxAnisotropy:8]]
[2019.12.18-15.47.50:910][  0]LogConfig: Setting CVar [[r.Streaming.LimitPoolSizeToVRAM:0]]
[2019.12.18-15.47.50:911][  0]LogConfig: Setting CVar [[r.Streaming.PoolSize:1000]]
[2019.12.18-15.47.50:911][  0]LogConfig: Setting CVar [[r.Streaming.MaxEffectiveScreenSize:0]]
[2019.12.18-15.47.50:912][  0]LogConfig: Applying CVar settings from Section [EffectsQuality@3] File [C:/Users/morga/Documents/University Level 6/CT6024 - AI/Unreal-Ai/CT6024AdvancedAI/Saved/Config/Windows/Scalability.ini]
[2019.12.18-15.47.50:912][  0]LogConfig: Setting CVar [[r.TranslucencyLightingVolumeDim:64]]
[2019.12.18-15.47.50:912][  0]LogConfig: Setting CVar [[r.RefractionQuality:2]]
[2019.12.18-15.47.50:912][  0]LogConfig: Setting CVar [[r.SSR.Quality:3]]
[2019.12.18-15.47.50:912][  0]LogConfig: Setting CVar [[r.SceneColorFormat:4]]
[2019.12.18-15.47.50:912][  0]LogConfig: Setting CVar [[r.DetailMode:2]]
[2019.12.18-15.47.50:912][  0]LogConfig: Setting CVar [[r.TranslucencyVolumeBlur:1]]
[2019.12.18-15.47.50:913][  0]LogConfig: Setting CVar [[r.MaterialQualityLevel:1 ; High quality]]
[2019.12.18-15.47.50:913][  0]LogConfig: Setting CVar [[r.SSS.Scale:1]]
[2019.12.18-15.47.50:913][  0]LogConfig: Setting CVar [[r.SSS.SampleSet:2]]
[2019.12.18-15.47.50:913][  0]LogConfig: Setting CVar [[r.SSS.Quality:1]]
[2019.12.18-15.47.50:913][  0]LogConfig: Setting CVar [[r.SSS.HalfRes:1]]
[2019.12.18-15.47.50:913][  0]LogConfig: Setting CVar [[r.EmitterSpawnRateScale:1.0]]
[2019.12.18-15.47.50:914][  0]LogConfig: Setting CVar [[r.ParticleLightQuality:2]]
[2019.12.18-15.47.50:914][  0]LogConfig: Applying CVar settings from Section [FoliageQuality@3] File [C:/Users/morga/Documents/University Level 6/CT6024 - AI/Unreal-Ai/CT6024AdvancedAI/Saved/Config/Windows/Scalability.ini]
[2019.12.18-15.47.50:914][  0]LogConfig: Setting CVar [[foliage.DensityScale:1.0]]
[2019.12.18-15.47.50:914][  0]LogConfig: Setting CVar [[grass.DensityScale:1.0]]
[2019.12.18-15.47.50:914][  0]LogConfig: Applying CVar settings from Section [Startup] File [../../../Engine/Config/ConsoleVariables.ini]
[2019.12.18-15.47.50:915][  0]LogConfig: Setting CVar [[net.UseAdaptiveNetUpdateFrequency:0]]
[2019.12.18-15.47.50:915][  0]LogConfig: Setting CVar [[p.chaos.AllowCreatePhysxBodies:1]]
[2019.12.18-15.47.50:915][  0]LogConfig: Applying CVar settings from Section [ConsoleVariables] File [C:/Users/morga/Documents/University Level 6/CT6024 - AI/Unreal-Ai/CT6024AdvancedAI/Saved/Config/Windows/Engine.ini]
[2019.12.18-15.47.50:916][  0]LogInit: Computer: DESKTOP-718HLV6
[2019.12.18-15.47.50:916][  0]LogInit: User: morga
[2019.12.18-15.47.50:916][  0]LogInit: CPU Page size=4096, Cores=4
[2019.12.18-15.47.50:916][  0]LogInit: High frequency timer resolution =10.000000 MHz
[2019.12.18-15.47.50:917][  0]LogMemory: Memory total: Physical=15.9GB (16GB approx)
[2019.12.18-15.47.50:917][  0]LogMemory: Platform Memory Stats for Windows
[2019.12.18-15.47.50:917][  0]LogMemory: Process Physical Memory: 98.11 MB used, 98.12 MB peak
[2019.12.18-15.47.50:917][  0]LogMemory: Process Virtual Memory: 89.03 MB used, 89.03 MB peak
[2019.12.18-15.47.50:917][  0]LogMemory: Physical Memory: 7832.67 MB used,  8476.25 MB free, 16308.92 MB total
[2019.12.18-15.47.50:918][  0]LogMemory: Virtual Memory: 4642.23 MB used,  134213088.00 MB free, 134217728.00 MB total
[2019.12.18-15.47.51:243][  0]LogInit: Using OS detected language (en-GB).
[2019.12.18-15.47.51:243][  0]LogInit: Using OS detected locale (en-GB).
[2019.12.18-15.47.51:244][  0]LogTextLocalizationManager: No specific localization for 'en-GB' exists, so the 'en' localization will be used.
[2019.12.18-15.47.51:443][  0]LogInit: Setting process to per monitor DPI aware
[2019.12.18-15.47.51:514][  0]LogSlate: New Slate User Created.  User Index 0, Is Virtual User: 0
[2019.12.18-15.47.51:514][  0]LogSlate: Slate User Registered.  User Index 0, Is Virtual User: 0
[2019.12.18-15.47.51:757][  0]LogHMD: Failed to initialize OpenVR with code 110
[2019.12.18-15.47.51:757][  0]LogD3D11RHI: D3D11 adapters:
[2019.12.18-15.47.51:847][  0]LogD3D11RHI:    0. 'NVIDIA GeForce GTX 1060' (Feature Level 11_0)
[2019.12.18-15.47.51:847][  0]LogD3D11RHI:       6054/0/8154 MB DedicatedVideo/DedicatedSystem/SharedSystem, Outputs:1, VendorId:0x10de
[2019.12.18-15.47.51:879][  0]LogD3D11RHI:    1. 'Intel(R) UHD Graphics 620' (Feature Level 11_0)
[2019.12.18-15.47.51:879][  0]LogD3D11RHI:       128/0/8154 MB DedicatedVideo/DedicatedSystem/SharedSystem, Outputs:0, VendorId:0x8086
[2019.12.18-15.47.51:887][  0]LogD3D11RHI:    2. 'Microsoft Basic Render Driver' (Feature Level 11_0)
[2019.12.18-15.47.51:887][  0]LogD3D11RHI:       0/0/8154 MB DedicatedVideo/DedicatedSystem/SharedSystem, Outputs:0, VendorId:0x1414
[2019.12.18-15.47.51:887][  0]LogD3D11RHI: Chosen D3D11 Adapter: 0
[2019.12.18-15.47.51:929][  0]LogD3D11RHI: Creating new Direct3DDevice
[2019.12.18-15.47.51:929][  0]LogD3D11RHI:     GPU DeviceId: 0x1c20 (for the marketing name, search the web for "GPU Device Id")
[2019.12.18-15.47.51:929][  0]LogWindows: EnumDisplayDevices:
[2019.12.18-15.47.51:929][  0]LogWindows:    0. 'Intel(R) UHD Graphics 620' (P:1 D:1)
[2019.12.18-15.47.51:929][  0]LogWindows:    1. 'Intel(R) UHD Graphics 620' (P:0 D:0)
[2019.12.18-15.47.51:930][  0]LogWindows:    2. 'Intel(R) UHD Graphics 620' (P:0 D:0)
[2019.12.18-15.47.51:930][  0]LogWindows: DebugString: PrimaryIsNotTheChoosenAdapter PrimaryIsNotTheChoosenAdapter PrimaryIsNotTheChoosenAdapter FoundDriverCount:0 
[2019.12.18-15.47.51:930][  0]LogD3D11RHI:     Adapter Name: NVIDIA GeForce GTX 1060
[2019.12.18-15.47.51:930][  0]LogD3D11RHI:   Driver Version: Unknown (internal:Unknown, unified:Unknown)
[2019.12.18-15.47.51:930][  0]LogD3D11RHI:      Driver Date: Unknown
[2019.12.18-15.47.51:930][  0]LogRHI: Texture pool is 4237 MB (70% of 6054 MB)
[2019.12.18-15.47.51:991][  0]LogD3D11RHI: Async texture creation enabled
[2019.12.18-15.47.51:999][  0]LogRendererCore: FGlobalReadBuffer::InitRHI
[2019.12.18-15.47.52:000][  0]LogRendererCore: FGlobalReadBuffer::InitRHI
[2019.12.18-15.47.52:000][  0]LogRendererCore: FGlobalReadBuffer::InitRHI
[2019.12.18-15.47.52:014][  0]LogD3D11RHI: GPU Timing Frequency: 1000.000000 (Debug: 2 2)
[2019.12.18-15.47.52:393][  0]LogTemp: Display: Module 'AllDesktopTargetPlatform' loaded TargetPlatform 'AllDesktop'
[2019.12.18-15.47.52:424][  0]LogTemp: Display: Module 'MacClientTargetPlatform' loaded TargetPlatform 'MacClient'
[2019.12.18-15.47.52:455][  0]LogTemp: Display: Module 'MacNoEditorTargetPlatform' loaded TargetPlatform 'MacNoEditor'
[2019.12.18-15.47.52:474][  0]LogTemp: Display: Module 'MacServerTargetPlatform' loaded TargetPlatform 'MacServer'
[2019.12.18-15.47.52:494][  0]LogTemp: Display: Module 'MacTargetPlatform' loaded TargetPlatform 'Mac'
[2019.12.18-15.47.52:513][  0]LogTemp: Display: Module 'WindowsClientTargetPlatform' loaded TargetPlatform 'WindowsClient'
[2019.12.18-15.47.52:531][  0]LogTemp: Display: Module 'WindowsNoEditorTargetPlatform' loaded TargetPlatform 'WindowsNoEditor'
[2019.12.18-15.47.52:550][  0]LogTemp: Display: Module 'WindowsServerTargetPlatform' loaded TargetPlatform 'WindowsServer'
[2019.12.18-15.47.52:562][  0]LogTemp: Display: Module 'WindowsTargetPlatform' loaded TargetPlatform 'Windows'
[2019.12.18-15.47.52:661][  0]LogTemp: Display: Module 'AndroidTargetPlatform' loaded TargetPlatform 'Android'
[2019.12.18-15.47.52:661][  0]LogTemp: Display: Module 'AndroidTargetPlatform' loaded TargetPlatform 'Android_ASTC'
[2019.12.18-15.47.52:661][  0]LogTemp: Display: Module 'AndroidTargetPlatform' loaded TargetPlatform 'Android_ATC'
[2019.12.18-15.47.52:661][  0]LogTemp: Display: Module 'AndroidTargetPlatform' loaded TargetPlatform 'Android_DXT'
[2019.12.18-15.47.52:661][  0]LogTemp: Display: Module 'AndroidTargetPlatform' loaded TargetPlatform 'Android_ETC1'
[2019.12.18-15.47.52:662][  0]LogTemp: Display: Module 'AndroidTargetPlatform' loaded TargetPlatform 'Android_ETC1a'
[2019.12.18-15.47.52:662][  0]LogTemp: Display: Module 'AndroidTargetPlatform' loaded TargetPlatform 'Android_ETC2'
[2019.12.18-15.47.52:662][  0]LogTemp: Display: Module 'AndroidTargetPlatform' loaded TargetPlatform 'Android_PVRTC'
[2019.12.18-15.47.52:662][  0]LogTemp: Display: Module 'AndroidTargetPlatform' loaded TargetPlatform 'AndroidClient'
[2019.12.18-15.47.52:662][  0]LogTemp: Display: Module 'AndroidTargetPlatform' loaded TargetPlatform 'Android_ASTCClient'
[2019.12.18-15.47.52:662][  0]LogTemp: Display: Module 'AndroidTargetPlatform' loaded TargetPlatform 'Android_ATCClient'
[2019.12.18-15.47.52:662][  0]LogTemp: Display: Module 'AndroidTargetPlatform' loaded TargetPlatform 'Android_DXTClient'
[2019.12.18-15.47.52:662][  0]LogTemp: Display: Module 'AndroidTargetPlatform' loaded TargetPlatform 'Android_ETC1Client'
[2019.12.18-15.47.52:662][  0]LogTemp: Display: Module 'AndroidTargetPlatform' loaded TargetPlatform 'Android_ETC1aClient'
[2019.12.18-15.47.52:662][  0]LogTemp: Display: Module 'AndroidTargetPlatform' loaded TargetPlatform 'Android_ETC2Client'
[2019.12.18-15.47.52:662][  0]LogTemp: Display: Module 'AndroidTargetPlatform' loaded TargetPlatform 'Android_PVRTCClient'
[2019.12.18-15.47.52:662][  0]LogTemp: Display: Module 'AndroidTargetPlatform' loaded TargetPlatform 'Android_Multi'
[2019.12.18-15.47.52:662][  0]LogTemp: Display: Module 'AndroidTargetPlatform' loaded TargetPlatform 'Android_MultiClient'
[2019.12.18-15.47.52:667][  0]LogTemp: Display: Module 'HTML5TargetPlatform' loaded TargetPlatform 'HTML5'
[2019.12.18-15.47.52:730][  0]LogTemp: Display: Module 'IOSTargetPlatform' loaded TargetPlatform 'IOSClient'
[2019.12.18-15.47.52:730][  0]LogTemp: Display: Module 'IOSTargetPlatform' loaded TargetPlatform 'IOS'
[2019.12.18-15.47.52:760][  0]LogTemp: Display: Module 'TVOSTargetPlatform' loaded TargetPlatform 'TVOSClient'
[2019.12.18-15.47.52:760][  0]LogTemp: Display: Module 'TVOSTargetPlatform' loaded TargetPlatform 'TVOS'
[2019.12.18-15.47.52:781][  0]LogTemp: Display: Module 'LinuxClientTargetPlatform' loaded TargetPlatform 'LinuxClient'
[2019.12.18-15.47.52:800][  0]LogTemp: Display: Module 'LinuxNoEditorTargetPlatform' loaded TargetPlatform 'LinuxNoEditor'
[2019.12.18-15.47.52:820][  0]LogTemp: Display: Module 'LinuxServerTargetPlatform' loaded TargetPlatform 'LinuxServer'
[2019.12.18-15.47.52:837][  0]LogTemp: Display: Module 'LinuxTargetPlatform' loaded TargetPlatform 'Linux'
[2019.12.18-15.47.52:900][  0]LogTemp: Display: Module 'LuminTargetPlatform' loaded TargetPlatform 'Lumin'
[2019.12.18-15.47.52:900][  0]LogTemp: Display: Module 'LuminTargetPlatform' loaded TargetPlatform 'LuminClient'
[2019.12.18-15.47.52:900][  0]LogTargetPlatformManager: Display: Building Assets For Windows
[2019.12.18-15.47.52:921][  0]LogAudioDebug: Display: Lib vorbis DLL was dynamically loaded.
[2019.12.18-15.47.53:039][  0]LogShaderCompilers: Guid format shader working directory is -51 characters bigger than the processId version (../../../../../../Users/morga/Documents/University Level 6/CT6024 - AI/Unreal-Ai/CT6024AdvancedAI/Intermediate/Shaders/WorkingDirectory/3928/).
[2019.12.18-15.47.53:039][  0]LogShaderCompilers: Cleaned the shader compiler working directory 'C:/Users/morga/AppData/Local/Temp/UnrealShaderWorkingDir/5D9A3F6D40DDCB4C54AFC58EE970E0B2/'.
[2019.12.18-15.47.53:042][  0]LogXGEController: Cleaning working directory: C:/Users/morga/AppData/Local/Temp/UnrealXGEWorkingDir/
[2019.12.18-15.47.53:042][  0]LogXGEController: Cannot use XGE Controller as Incredibuild is not installed on this machine.
[2019.12.18-15.47.53:043][  0]LogShaderCompilers: Cannot use XGE Shader Compiler as Incredibuild is not installed on this machine.
[2019.12.18-15.47.53:043][  0]LogShaderCompilers: Display: Using Local Shader Compiler.
[2019.12.18-15.47.53:550][  0]LogDerivedDataCache: Display: Max Cache Size: 512 MB
[2019.12.18-15.47.53:609][  0]LogDerivedDataCache: Loaded boot cache 0.06s 71MB C:/Users/morga/AppData/Local/UnrealEngine/4.22/DerivedDataCache/Boot.ddc.
[2019.12.18-15.47.53:610][  0]LogDerivedDataCache: Display: Loaded Boot cache: C:/Users/morga/AppData/Local/UnrealEngine/4.22/DerivedDataCache/Boot.ddc
[2019.12.18-15.47.53:610][  0]LogDerivedDataCache: FDerivedDataBackendGraph:  Pak pak cache file ../../../../../../Users/morga/Documents/University Level 6/CT6024 - AI/Unreal-Ai/CT6024AdvancedAI/DerivedDataCache/DDC.ddp not found, will not use a pak cache.
[2019.12.18-15.47.53:610][  0]LogDerivedDataCache: Unable to find inner node Pak for hierarchical cache Hierarchy.
[2019.12.18-15.47.53:610][  0]LogDerivedDataCache: FDerivedDataBackendGraph:  CompressedPak pak cache file ../../../../../../Users/morga/Documents/University Level 6/CT6024 - AI/Unreal-Ai/CT6024AdvancedAI/DerivedDataCache/Compressed.ddp not found, will not use a pak cache.
[2019.12.18-15.47.53:610][  0]LogDerivedDataCache: Unable to find inner node CompressedPak for hierarchical cache Hierarchy.
[2019.12.18-15.47.53:630][  0]LogDerivedDataCache: Display: Pak cache opened for reading ../../../Engine/DerivedDataCache/Compressed.ddp.
[2019.12.18-15.47.53:631][  0]LogDerivedDataCache: FDerivedDataBackendGraph:  EnterprisePak pak cache file ../../../Enterprise/DerivedDataCache/Compressed.ddp not found, will not use a pak cache.
[2019.12.18-15.47.53:632][  0]LogDerivedDataCache: Unable to find inner node EnterprisePak for hierarchical cache Hierarchy.
[2019.12.18-15.47.53:648][  0]LogDerivedDataCache: Using Local data cache path C:/Users/morga/AppData/Local/UnrealEngine/Common/DerivedDataCache: Writable
[2019.12.18-15.47.53:648][  0]LogDerivedDataCache: Shared data cache path not found in *engine.ini, will not use an Shared cache.
[2019.12.18-15.47.53:648][  0]LogDerivedDataCache: Unable to find inner node Shared for hierarchical cache Hierarchy.
[2019.12.18-15.47.53:680][  0]LogMaterial: Verifying Global Shaders for PCD3D_SM5
[2019.12.18-15.47.53:681][  0]LogSlate: Using FreeType 2.6.0
[2019.12.18-15.47.53:681][  0]LogSlate: SlateFontServices - WITH_FREETYPE: 1, WITH_HARFBUZZ: 1
[2019.12.18-15.47.53:765][  0]LogAssetRegistry: FAssetRegistry took 0.0350 seconds to start up
[2019.12.18-15.47.54:077][  0]LogInit: Selected Device Profile: [Windows]
[2019.12.18-15.47.54:222][  0]LogMeshReduction: Using QuadricMeshReduction for automatic static mesh reduction
[2019.12.18-15.47.54:222][  0]LogMeshReduction: Using SimplygonMeshReduction for automatic skeletal mesh reduction
[2019.12.18-15.47.54:223][  0]LogMeshReduction: Using ProxyLODMeshReduction for automatic mesh merging
[2019.12.18-15.47.54:223][  0]LogMeshReduction: No distributed automatic mesh merging module available
[2019.12.18-15.47.54:223][  0]LogMeshMerging: No distributed automatic mesh merging module available
[2019.12.18-15.47.54:235][  0]LogNetVersion: CT6024AdvancedAI 1.0.0, NetCL: 5660361, EngineNetVer: 10, GameNetVer: 0 (Checksum: 379849778)
[2019.12.18-15.47.54:622][  0]LogPackageLocalizationCache: Processed 10 localized package path(s) for 1 prioritized culture(s) in 0.048583 seconds
[2019.12.18-15.47.54:628][  0]LogUObjectArray: 42205 objects as part of root set at end of initial load.
[2019.12.18-15.47.54:628][  0]LogUObjectAllocator: 7325032 out of 0 bytes used by permanent object pool.
[2019.12.18-15.47.54:628][  0]LogUObjectArray: CloseDisregardForGC: 0/0 objects in disregard for GC pool
[2019.12.18-15.47.55:703][  0]LogTcpMessaging: Initializing TcpMessaging bridge
[2019.12.18-15.47.55:720][  0]LogUdpMessaging: Initializing bridge on interface 0.0.0.0:0 to multicast group 230.0.0.1:6666.
[2019.12.18-15.47.56:073][  0]SourceControl: Source control is disabled
[2019.12.18-15.47.56:074][  0]SourceControl: Source control is disabled
[2019.12.18-15.47.56:078][  0]SourceControl: Source control is disabled
[2019.12.18-15.47.56:082][  0]SourceControl: Source control is disabled
[2019.12.18-15.47.56:223][  0]LogAndroidPermission: UAndroidPermissionCallbackProxy::GetInstance
[2019.12.18-15.47.56:350][  0]LogOcInput: OculusInput pre-init called
[2019.12.18-15.47.57:033][  0]LogEngine: Initializing Engine...
[2019.12.18-15.47.57:033][  0]LogHMD: Failed to initialize OpenVR with code 110
[2019.12.18-15.47.57:035][  0]LogStats: UGameplayTagsManager::InitializeManager -  0.000 s
[2019.12.18-15.47.57:269][  0]LogInit: Initializing FReadOnlyCVARCache
[2019.12.18-15.47.57:286][  0]LogAIModule: Creating AISystem for world Untitled
[2019.12.18-15.47.57:367][  0]LogInit: XAudio2 using 'Headphones (Realtek High Definition Audio(SST))' : 2 channels at 48 kHz using 32 bits per sample (channel mask 0x3)
[2019.12.18-15.47.57:979][  0]LogInit: FAudioDevice initialized.
[2019.12.18-15.47.57:979][  0]LogNetVersion: Set ProjectVersion to 1.0.0.0. Version Checksum will be recalculated on next use.
[2019.12.18-15.47.58:089][  0]LogDerivedDataCache: Saved boot cache 0.11s 71MB C:/Users/morga/AppData/Local/UnrealEngine/4.22/DerivedDataCache/Boot.ddc.
[2019.12.18-15.47.58:093][  0]LogInit: Texture streaming: Enabled
[2019.12.18-15.47.58:118][  0]LogEngineSessionManager: EngineSessionManager initialized
[2019.12.18-15.47.58:140][  0]LogInit: Transaction tracking system initialized
[2019.12.18-15.47.58:174][  0]BlueprintLog: New page: Editor Load
[2019.12.18-15.47.58:290][  0]LocalizationService: Localization service is disabled
[2019.12.18-15.47.58:446][  0]LogLinker: Warning: Can't find file '/Game/TopDownBP/TopDownOverview'
[2019.12.18-15.47.58:446][  0]LogLinker: Warning: Can't find file '/Game/TopDownBP/TopDownOverview'
[2019.12.18-15.47.58:447][  0]LogUObjectGlobals: Warning: Failed to find object 'Class /Game/TopDownBP/TopDownOverview.TopDownOverview_C'
[2019.12.18-15.47.58:633][  0]LogFileCache: Scanning file cache for directory 'C:/Users/morga/Documents/University Level 6/CT6024 - AI/Unreal-Ai/CT6024AdvancedAI/Content/' took 0.02s
[2019.12.18-15.47.58:633][  0]LogCook: Display: Max memory allowance for cook 16384mb min free memory 0mb
[2019.12.18-15.47.58:633][  0]LogCook: Display: Mobile HDR setting 1
[2019.12.18-15.47.58:843][  0]SourceControl: Source control is disabled
[2019.12.18-15.47.58:843][  0]Cmd: MAP LOAD FILE="../../../../../../Users/morga/Documents/University Level 6/CT6024 - AI/Unreal-Ai/CT6024AdvancedAI/Content/Levels/NukeLaunch.umap" TEMPLATE=0 SHOWPROGRESS=1 FEATURELEVEL=3
[2019.12.18-15.47.58:844][  0]LightingResults: New page: Lighting Build
[2019.12.18-15.47.58:847][  0]MapCheck: New page: Map Check
[2019.12.18-15.47.58:847][  0]LightingResults: New page: Lighting Build
[2019.12.18-15.47.58:870][  0]LogUObjectHash: Compacting FUObjectHashTables data took   1.40ms
[2019.12.18-15.47.59:282][  0]LogEditorServer: Finished looking for orphan Actors (0.000 secs)
[2019.12.18-15.47.59:329][  0]LogUObjectHash: Compacting FUObjectHashTables data took   2.99ms
[2019.12.18-15.47.59:329][  0]Cmd: MAP CHECKDEP NOCLEARLOG
[2019.12.18-15.47.59:330][  0]MapCheck: Map check complete: 0 Error(s), 0 Warning(s), took 0.219ms to complete.
[2019.12.18-15.47.59:330][  0]LogFileHelpers: Loading map 'NukeLaunch' took 0.487
[2019.12.18-15.47.59:475][  0]LogSlate: Updating window title bar state: overlay mode, drag disabled, window buttons hidden, title bar hidden
[2019.12.18-15.47.59:490][  0]LogSlate: Updating window title bar state: overlay mode, drag disabled, window buttons hidden, title bar hidden
[2019.12.18-15.47.59:499][  0]LogSlate: Updating window title bar state: overlay mode, drag disabled, window buttons hidden, title bar hidden
[2019.12.18-15.47.59:513][  0]LogSlate: Updating window title bar state: overlay mode, drag disabled, window buttons hidden, title bar hidden
[2019.12.18-15.47.59:527][  0]LogCollectionManager: Loaded 0 collections in 0.003394 seconds
[2019.12.18-15.47.59:547][  0]LogFileCache: Scanning file cache for directory 'C:/Users/morga/Documents/University Level 6/CT6024 - AI/Unreal-Ai/CT6024AdvancedAI/Saved/Collections/' took 0.01s
[2019.12.18-15.47.59:547][  0]LogFileCache: Scanning file cache for directory 'C:/Users/morga/Documents/University Level 6/CT6024 - AI/Unreal-Ai/CT6024AdvancedAI/Content/Developers/morga/Collections/' took 0.00s
[2019.12.18-15.47.59:547][  0]LogFileCache: Scanning file cache for directory 'C:/Users/morga/Documents/University Level 6/CT6024 - AI/Unreal-Ai/CT6024AdvancedAI/Content/Collections/' took 0.00s
[2019.12.18-15.47.59:547][  0]LogCollectionManager: Rebuilt the GUID cache for 0 collections in 0.000001 seconds
[2019.12.18-15.47.59:558][  0]LogContentBrowser: Native class hierarchy populated in 0.0104 seconds. Added 2746 classes and 662 folders.
[2019.12.18-15.47.59:569][  0]LogContentBrowser: Native class hierarchy updated for 'WidgetCarousel' in 0.0005 seconds. Added 0 classes and 0 folders.
[2019.12.18-15.47.59:571][  0]LogPakFile: Registered encryption key '00000000000000000000000000000000': 0 pak files mounted, 0 remain pending
[2019.12.18-15.47.59:572][  0]LogPakFile: Registered encryption key '00000000000000000000000000000000': 0 pak files mounted, 0 remain pending
[2019.12.18-15.47.59:573][  0]LogPakFile: Registered encryption key '00000000000000000000000000000000': 0 pak files mounted, 0 remain pending
[2019.12.18-15.47.59:574][  0]LogPakFile: Registered encryption key '00000000000000000000000000000000': 0 pak files mounted, 0 remain pending
[2019.12.18-15.47.59:574][  0]LogPakFile: Registered encryption key '00000000000000000000000000000000': 0 pak files mounted, 0 remain pending
[2019.12.18-15.47.59:575][  0]LogPakFile: Registered encryption key '00000000000000000000000000000000': 0 pak files mounted, 0 remain pending
[2019.12.18-15.47.59:576][  0]LogPakFile: Registered encryption key '00000000000000000000000000000000': 0 pak files mounted, 0 remain pending
[2019.12.18-15.47.59:576][  0]LogPakFile: Registered encryption key '00000000000000000000000000000000': 0 pak files mounted, 0 remain pending
[2019.12.18-15.47.59:577][  0]LogPakFile: Registered encryption key '00000000000000000000000000000000': 0 pak files mounted, 0 remain pending
[2019.12.18-15.47.59:578][  0]LogPakFile: Registered encryption key '00000000000000000000000000000000': 0 pak files mounted, 0 remain pending
[2019.12.18-15.47.59:579][  0]LogPakFile: Registered encryption key '00000000000000000000000000000000': 0 pak files mounted, 0 remain pending
[2019.12.18-15.47.59:580][  0]LogPakFile: Registered encryption key '00000000000000000000000000000000': 0 pak files mounted, 0 remain pending
[2019.12.18-15.47.59:580][  0]LogPakFile: Registered encryption key '00000000000000000000000000000000': 0 pak files mounted, 0 remain pending
[2019.12.18-15.47.59:581][  0]LogPakFile: Registered encryption key '00000000000000000000000000000000': 0 pak files mounted, 0 remain pending
[2019.12.18-15.47.59:582][  0]LogPakFile: Registered encryption key '00000000000000000000000000000000': 0 pak files mounted, 0 remain pending
[2019.12.18-15.47.59:582][  0]LogPakFile: Registered encryption key '00000000000000000000000000000000': 0 pak files mounted, 0 remain pending
[2019.12.18-15.47.59:583][  0]LogPakFile: Registered encryption key '00000000000000000000000000000000': 0 pak files mounted, 0 remain pending
[2019.12.18-15.47.59:583][  0]LogPakFile: Registered encryption key '00000000000000000000000000000000': 0 pak files mounted, 0 remain pending
[2019.12.18-15.47.59:584][  0]LogPakFile: Registered encryption key '00000000000000000000000000000000': 0 pak files mounted, 0 remain pending
[2019.12.18-15.47.59:585][  0]LogPakFile: Registered encryption key '00000000000000000000000000000000': 0 pak files mounted, 0 remain pending
[2019.12.18-15.47.59:586][  0]LogPakFile: Registered encryption key '00000000000000000000000000000000': 0 pak files mounted, 0 remain pending
[2019.12.18-15.47.59:586][  0]LogPakFile: Registered encryption key '00000000000000000000000000000000': 0 pak files mounted, 0 remain pending
[2019.12.18-15.47.59:587][  0]LogPakFile: Registered encryption key '00000000000000000000000000000000': 0 pak files mounted, 0 remain pending
[2019.12.18-15.47.59:588][  0]LogPakFile: Registered encryption key '00000000000000000000000000000000': 0 pak files mounted, 0 remain pending
[2019.12.18-15.47.59:589][  0]LogPakFile: Registered encryption key '00000000000000000000000000000000': 0 pak files mounted, 0 remain pending
[2019.12.18-15.47.59:589][  0]LogPakFile: Registered encryption key '00000000000000000000000000000000': 0 pak files mounted, 0 remain pending
[2019.12.18-15.47.59:622][  0]LogContentBrowser: Native class hierarchy updated for 'AddContentDialog' in 0.0003 seconds. Added 0 classes and 0 folders.
[2019.12.18-15.47.59:632][  0]LogContentBrowser: Native class hierarchy updated for 'SceneOutliner' in 0.0004 seconds. Added 1 classes and 2 folders.
[2019.12.18-15.47.59:709][  0]LogSlate: Took 0.000137 seconds to synchronously load lazily loaded font '../../../Engine/Content/Slate/Fonts/Roboto-Regular.ttf' (155K)
[2019.12.18-15.47.59:712][  0]LogSlate: Took 0.000210 seconds to synchronously load lazily loaded font '../../../Engine/Content/Slate/Fonts/Roboto-Bold.ttf' (160K)
[2019.12.18-15.47.59:718][  0]LogSlate: Took 0.000153 seconds to synchronously load lazily loaded font '../../../Engine/Content/Editor/Slate/Fonts/FontAwesome.ttf' (139K)
[2019.12.18-15.47.59:797][  0]LogRenderer: Reallocating scene render targets to support 1072x396 Format 10 NumSamples 1 (Frame:1).
[2019.12.18-15.48.00:194][  0]LogContentBrowser: Native class hierarchy updated for 'HierarchicalLODOutliner' in 0.0019 seconds. Added 0 classes and 0 folders.
[2019.12.18-15.48.00:195][  0]LogLoad: (Engine Initialization) Total time: 11.84 seconds
[2019.12.18-15.48.00:195][  0]LogLoad: (Engine Initialization) Total Blueprint compile time: 0.00 seconds
[2019.12.18-15.48.00:259][  0]LogAssetRegistry: Asset discovery search completed in 6.5184 seconds
[2019.12.18-15.48.00:262][  0]LogCollectionManager: Rebuilt the object cache for 0 collections in 0.000000 seconds (found 0 objects)
[2019.12.18-15.48.00:262][  0]LogCollectionManager: Fixed up redirectors for 0 collections in 0.000324 seconds (updated 0 objects)
[2019.12.18-15.48.00:274][  0]LogContentStreaming: Texture pool size now 1000 MB
[2019.12.18-15.48.00:349][  1]LogRenderer: Reallocating scene render targets to support 1072x416 Format 10 NumSamples 1 (Frame:3).
[2019.12.18-15.48.12:842][368]LogSlate: FSceneViewport::OnFocusLost() reason 0
[2019.12.18-15.48.12:941][374]LogTemp: Repeating last play command: Selected Viewport
[2019.12.18-15.48.12:993][374]LogBlueprintUserMessages: Early PlayInEditor Detection: Level '/Game/Levels/NukeLaunch.NukeLaunch:PersistentLevel' has LevelScriptBlueprint '/Game/Levels/NukeLaunch.NukeLaunch:PersistentLevel.NukeLaunch' with GeneratedClass '/Game/Levels/NukeLaunch.NukeLaunch_C' with ClassGeneratedBy '/Game/Levels/NukeLaunch.NukeLaunch:PersistentLevel.NukeLaunch'
[2019.12.18-15.48.12:994][374]LogPlayLevel: PlayLevel: No blueprints needed recompiling
[2019.12.18-15.48.12:994][374]PIE: New page: PIE session: NukeLaunch (18 Dec 2019 15:48:12)
[2019.12.18-15.48.13:008][374]LogPlayLevel: Creating play world package: /Game/Levels/UEDPIE_0_NukeLaunch
[2019.12.18-15.48.13:116][374]LogPlayLevel: PIE: StaticDuplicateObject took: (0.106831s)
[2019.12.18-15.48.13:117][374]LogPlayLevel: PIE: World Init took: (0.000929s)
[2019.12.18-15.48.13:117][374]LogPlayLevel: PIE: Created PIE world by copying editor world from /Game/Levels/NukeLaunch.NukeLaunch to /Game/Levels/UEDPIE_0_NukeLaunch.NukeLaunch (0.108702s)
[2019.12.18-15.48.13:139][374]LogUObjectHash: Compacting FUObjectHashTables data took   1.32ms
[2019.12.18-15.48.13:147][374]LogInit: XAudio2 using 'Headphones (Realtek High Definition Audio(SST))' : 2 channels at 48 kHz using 32 bits per sample (channel mask 0x3)
[2019.12.18-15.48.13:162][374]LogInit: FAudioDevice initialized.
[2019.12.18-15.48.13:218][374]LogLoad: Game class is 'SpectateAIGameMode_C'
[2019.12.18-15.48.13:239][374]LogWorld: Bringing World /Game/Levels/UEDPIE_0_NukeLaunch.NukeLaunch up for play (max tick rate 60) at 2019.12.18-15.48.13
[2019.12.18-15.48.13:241][374]LogWorld: Bringing up level for play took: 0.017029
[2019.12.18-15.48.13:255][374]LogSpawn: Warning: SpawnActor failed because no class was specified
[2019.12.18-15.48.13:260][374]LogContentBrowser: Native class hierarchy updated for 'MovieSceneCapture' in 0.0004 seconds. Added 20 classes and 0 folders.
[2019.12.18-15.48.13:261][374]LogGameMode: Display: Match State Changed from EnteringMap to WaitingToStart
[2019.12.18-15.48.13:261][374]LogGameState: Match State Changed from EnteringMap to WaitingToStart
[2019.12.18-15.48.13:261][374]LogGameMode: Display: Match State Changed from WaitingToStart to InProgress
[2019.12.18-15.49.33:146][374]LogGameState: Match State Changed from WaitingToStart to InProgress
[2019.12.18-15.49.33:147][374]PIE: Play in editor start time for /Game/Levels/UEDPIE_0_NukeLaunch 80.711
[2019.12.18-15.49.33:149][374]LogBlueprintUserMessages: Late PlayInEditor Detection: Level '/Game/Levels/NukeLaunch.NukeLaunch:PersistentLevel' has LevelScriptBlueprint '/Game/Levels/NukeLaunch.NukeLaunch:PersistentLevel.NukeLaunch' with GeneratedClass '/Game/Levels/NukeLaunch.NukeLaunch_C' with ClassGeneratedBy '/Game/Levels/NukeLaunch.NukeLaunch:PersistentLevel.NukeLaunch'
[2019.12.18-15.50.00:230][926]LogUnrealEdMisc: Warning: Heartbeat event firing too frequently (27.052 sec). This should never happen. Something is wrong with the timer delegate!
[2019.12.18-15.50.10:603][ 58]LogSlate: FSceneViewport::OnFocusLost() reason 0
[2019.12.18-15.50.10:703][ 64]LogBlueprintUserMessages: Early EndPlayMap Detection: Level '/Game/Levels/NukeLaunch.NukeLaunch:PersistentLevel' has LevelScriptBlueprint '/Game/Levels/NukeLaunch.NukeLaunch:PersistentLevel.NukeLaunch' with GeneratedClass '/Game/Levels/NukeLaunch.NukeLaunch_C' with ClassGeneratedBy '/Game/Levels/NukeLaunch.NukeLaunch:PersistentLevel.NukeLaunch'
[2019.12.18-15.50.10:704][ 64]LogSlate: Updating window title bar state: overlay mode, drag disabled, window buttons hidden, title bar hidden
[2019.12.18-15.50.10:756][ 64]LogPlayLevel: Display: Shutting down PIE online subsystems
[2019.12.18-15.50.10:756][ 64]LogBlueprintUserMessages: Late EndPlayMap Detection: Level '/Game/Levels/NukeLaunch.NukeLaunch:PersistentLevel' has LevelScriptBlueprint '/Game/Levels/NukeLaunch.NukeLaunch:PersistentLevel.NukeLaunch' with GeneratedClass '/Game/Levels/NukeLaunch.NukeLaunch_C' with ClassGeneratedBy '/Game/Levels/NukeLaunch.NukeLaunch:PersistentLevel.NukeLaunch'
[2019.12.18-15.50.10:793][ 64]LogSlate: Updating window title bar state: overlay mode, drag disabled, window buttons hidden, title bar hidden
[2019.12.18-15.50.10:797][ 64]LogUObjectHash: Compacting FUObjectHashTables data took   1.51ms
[2019.12.18-15.50.10:808][ 65]LogPlayLevel: Display: Destroying online subsystem :Context_1
[2019.12.18-15.50.11:583][105]LogTemp: Repeating last play command: Selected Viewport
[2019.12.18-15.50.11:607][105]LogBlueprintUserMessages: Early PlayInEditor Detection: Level '/Game/Levels/NukeLaunch.NukeLaunch:PersistentLevel' has LevelScriptBlueprint '/Game/Levels/NukeLaunch.NukeLaunch:PersistentLevel.NukeLaunch' with GeneratedClass '/Game/Levels/NukeLaunch.NukeLaunch_C' with ClassGeneratedBy '/Game/Levels/NukeLaunch.NukeLaunch:PersistentLevel.NukeLaunch'
[2019.12.18-15.50.11:607][105]LogPlayLevel: PlayLevel: No blueprints needed recompiling
[2019.12.18-15.50.11:608][105]PIE: New page: PIE session: NukeLaunch (18 Dec 2019 15:50:11)
[2019.12.18-15.50.11:608][105]LogPlayLevel: Creating play world package: /Game/Levels/UEDPIE_0_NukeLaunch
[2019.12.18-15.50.11:685][105]LogPlayLevel: PIE: StaticDuplicateObject took: (0.076463s)
[2019.12.18-15.50.11:687][105]LogPlayLevel: PIE: World Init took: (0.000756s)
[2019.12.18-15.50.11:687][105]LogPlayLevel: PIE: Created PIE world by copying editor world from /Game/Levels/NukeLaunch.NukeLaunch to /Game/Levels/UEDPIE_0_NukeLaunch.NukeLaunch (0.078527s)
[2019.12.18-15.50.11:708][105]LogUObjectHash: Compacting FUObjectHashTables data took   1.19ms
[2019.12.18-15.50.11:715][105]LogInit: XAudio2 using 'Headphones (Realtek High Definition Audio(SST))' : 2 channels at 48 kHz using 32 bits per sample (channel mask 0x3)
[2019.12.18-15.50.11:732][105]LogInit: FAudioDevice initialized.
[2019.12.18-15.50.11:777][105]LogLoad: Game class is 'SpectateAIGameMode_C'
[2019.12.18-15.50.11:795][105]LogWorld: Bringing World /Game/Levels/UEDPIE_0_NukeLaunch.NukeLaunch up for play (max tick rate 60) at 2019.12.18-15.50.11
[2019.12.18-15.50.11:797][105]LogWorld: Bringing up level for play took: 0.016170
[2019.12.18-15.50.11:815][105]LogSpawn: Warning: SpawnActor failed because no class was specified
[2019.12.18-15.50.11:815][105]LogGameMode: Display: Match State Changed from EnteringMap to WaitingToStart
[2019.12.18-15.50.11:816][105]LogGameState: Match State Changed from EnteringMap to WaitingToStart
[2019.12.18-15.50.11:816][105]LogGameMode: Display: Match State Changed from WaitingToStart to InProgress
